running egg_info
creating ../../build/auto_suture/needle_position.egg-info
writing ../../build/auto_suture/needle_position.egg-info/PKG-INFO
writing dependency_links to ../../build/auto_suture/needle_position.egg-info/dependency_links.txt
writing requirements to ../../build/auto_suture/needle_position.egg-info/requires.txt
writing top-level names to ../../build/auto_suture/needle_position.egg-info/top_level.txt
writing manifest file '../../build/auto_suture/needle_position.egg-info/SOURCES.txt'
reading manifest file '../../build/auto_suture/needle_position.egg-info/SOURCES.txt'
adding license file 'LICENSE'
writing manifest file '../../build/auto_suture/needle_position.egg-info/SOURCES.txt'
running build
running build_py
creating /home/jazmin/auto_suture/build/auto_suture/build
creating /home/jazmin/auto_suture/build/auto_suture/build/lib
creating /home/jazmin/auto_suture/build/auto_suture/build/lib/auto_suture
copying auto_suture/__init__.py -> /home/jazmin/auto_suture/build/auto_suture/build/lib/auto_suture
copying auto_suture/tool_grasp_position_node.py -> /home/jazmin/auto_suture/build/auto_suture/build/lib/auto_suture
copying auto_suture/needle_position_node.py -> /home/jazmin/auto_suture/build/auto_suture/build/lib/auto_suture
running install
running install_lib
creating /home/jazmin/auto_suture/install/auto_suture/lib/python3.12/site-packages/auto_suture
copying /home/jazmin/auto_suture/build/auto_suture/build/lib/auto_suture/__init__.py -> /home/jazmin/auto_suture/install/auto_suture/lib/python3.12/site-packages/auto_suture
copying /home/jazmin/auto_suture/build/auto_suture/build/lib/auto_suture/tool_grasp_position_node.py -> /home/jazmin/auto_suture/install/auto_suture/lib/python3.12/site-packages/auto_suture
copying /home/jazmin/auto_suture/build/auto_suture/build/lib/auto_suture/needle_position_node.py -> /home/jazmin/auto_suture/install/auto_suture/lib/python3.12/site-packages/auto_suture
byte-compiling /home/jazmin/auto_suture/install/auto_suture/lib/python3.12/site-packages/auto_suture/__init__.py to __init__.cpython-312.pyc
byte-compiling /home/jazmin/auto_suture/install/auto_suture/lib/python3.12/site-packages/auto_suture/tool_grasp_position_node.py to tool_grasp_position_node.cpython-312.pyc
byte-compiling /home/jazmin/auto_suture/install/auto_suture/lib/python3.12/site-packages/auto_suture/needle_position_node.py to needle_position_node.cpython-312.pyc
running install_data
error: can't copy 'resource/needle_position': doesn't exist or not a regular file
