[0.457s] Invoking command in '/home/jazmin/auto_suture/src/auto_suture': DEBUGINFOD_URLS=https://debuginfod.ubuntu.com PYTHONPATH=/home/jazmin/auto_suture/build/auto_suture/prefix_override:/usr/lib/python3/dist-packages/colcon_core/task/python/colcon_distutils_commands:/home/jazmin/auto_suture/install/auto_suture/lib/python3.12/site-packages:${PYTHONPATH} /usr/bin/python3 -W ignore:setup.py install is deprecated -W ignore:easy_install command is deprecated setup.py egg_info --egg-base ../../build/auto_suture build --build-base /home/jazmin/auto_suture/build/auto_suture/build install --record /home/jazmin/auto_suture/build/auto_suture/install.log --install-scripts $base/lib/needle_position --single-version-externally-managed install_data
[0.608s] running egg_info
[0.608s] creating ../../build/auto_suture/needle_position.egg-info
[0.617s] writing ../../build/auto_suture/needle_position.egg-info/PKG-INFO
[0.617s] writing dependency_links to ../../build/auto_suture/needle_position.egg-info/dependency_links.txt
[0.617s] writing requirements to ../../build/auto_suture/needle_position.egg-info/requires.txt
[0.617s] writing top-level names to ../../build/auto_suture/needle_position.egg-info/top_level.txt
[0.617s] writing manifest file '../../build/auto_suture/needle_position.egg-info/SOURCES.txt'
[0.634s] reading manifest file '../../build/auto_suture/needle_position.egg-info/SOURCES.txt'
[0.634s] adding license file 'LICENSE'
[0.635s] writing manifest file '../../build/auto_suture/needle_position.egg-info/SOURCES.txt'
[0.635s] running build
[0.635s] running build_py
[0.635s] creating /home/jazmin/auto_suture/build/auto_suture/build
[0.635s] creating /home/jazmin/auto_suture/build/auto_suture/build/lib
[0.635s] creating /home/jazmin/auto_suture/build/auto_suture/build/lib/auto_suture
[0.635s] copying auto_suture/__init__.py -> /home/jazmin/auto_suture/build/auto_suture/build/lib/auto_suture
[0.635s] copying auto_suture/tool_grasp_position_node.py -> /home/jazmin/auto_suture/build/auto_suture/build/lib/auto_suture
[0.636s] copying auto_suture/needle_position_node.py -> /home/jazmin/auto_suture/build/auto_suture/build/lib/auto_suture
[0.636s] running install
[0.639s] running install_lib
[0.647s] creating /home/jazmin/auto_suture/install/auto_suture/lib/python3.12/site-packages/auto_suture
[0.647s] copying /home/jazmin/auto_suture/build/auto_suture/build/lib/auto_suture/__init__.py -> /home/jazmin/auto_suture/install/auto_suture/lib/python3.12/site-packages/auto_suture
[0.648s] copying /home/jazmin/auto_suture/build/auto_suture/build/lib/auto_suture/tool_grasp_position_node.py -> /home/jazmin/auto_suture/install/auto_suture/lib/python3.12/site-packages/auto_suture
[0.648s] copying /home/jazmin/auto_suture/build/auto_suture/build/lib/auto_suture/needle_position_node.py -> /home/jazmin/auto_suture/install/auto_suture/lib/python3.12/site-packages/auto_suture
[0.648s] byte-compiling /home/jazmin/auto_suture/install/auto_suture/lib/python3.12/site-packages/auto_suture/__init__.py to __init__.cpython-312.pyc
[0.648s] byte-compiling /home/jazmin/auto_suture/install/auto_suture/lib/python3.12/site-packages/auto_suture/tool_grasp_position_node.py to tool_grasp_position_node.cpython-312.pyc
[0.648s] byte-compiling /home/jazmin/auto_suture/install/auto_suture/lib/python3.12/site-packages/auto_suture/needle_position_node.py to needle_position_node.cpython-312.pyc
[0.649s] running install_data
[0.649s] error: can't copy 'resource/needle_position': doesn't exist or not a regular file
[0.673s] Invoked command in '/home/jazmin/auto_suture/src/auto_suture' returned '1': DEBUGINFOD_URLS=https://debuginfod.ubuntu.com PYTHONPATH=/home/jazmin/auto_suture/build/auto_suture/prefix_override:/usr/lib/python3/dist-packages/colcon_core/task/python/colcon_distutils_commands:/home/jazmin/auto_suture/install/auto_suture/lib/python3.12/site-packages:${PYTHONPATH} /usr/bin/python3 -W ignore:setup.py install is deprecated -W ignore:easy_install command is deprecated setup.py egg_info --egg-base ../../build/auto_suture build --build-base /home/jazmin/auto_suture/build/auto_suture/build install --record /home/jazmin/auto_suture/build/auto_suture/install.log --install-scripts $base/lib/needle_position --single-version-externally-managed install_data
