[0.479s] Invoking command in '/home/jazmin/auto_suture/src/auto_suture': DEBUGINFOD_URLS=https://debuginfod.ubuntu.com PYTHONPATH=/home/jazmin/auto_suture/build/auto_suture/prefix_override:/usr/lib/python3/dist-packages/colcon_core/task/python/colcon_distutils_commands:/home/jazmin/auto_suture/install/auto_suture/lib/python3.12/site-packages:/home/jazmin/auto_suture/install/auto_suture_interfaces/lib/python3.12/site-packages:/home/jazmin/auto_suture/install/auto_suture/lib/python3.12/site-packages:/home/jazmin/ros_ambf_ws/install/ambf_client/lib/python3.12/site-packages:/home/jazmin/ros_ambf_ws/install/tf_function/lib/python3.12/site-packages:/home/jazmin/ros_ambf_ws/install/ambf_msgs/lib/python3.12/site-packages:/opt/ros/jazzy/lib/python3.12/site-packages /usr/bin/python3 -W ignore:setup.py install is deprecated -W ignore:easy_install command is deprecated setup.py egg_info --egg-base ../../build/auto_suture build --build-base /home/jazmin/auto_suture/build/auto_suture/build install --record /home/jazmin/auto_suture/build/auto_suture/install.log --install-scripts $base/lib/auto_suture --single-version-externally-managed install_data
[0.612s] running egg_info
[0.620s] writing ../../build/auto_suture/auto_suture.egg-info/PKG-INFO
[0.620s] writing dependency_links to ../../build/auto_suture/auto_suture.egg-info/dependency_links.txt
[0.620s] writing entry points to ../../build/auto_suture/auto_suture.egg-info/entry_points.txt
[0.620s] writing requirements to ../../build/auto_suture/auto_suture.egg-info/requires.txt
[0.620s] writing top-level names to ../../build/auto_suture/auto_suture.egg-info/top_level.txt
[0.640s] reading manifest file '../../build/auto_suture/auto_suture.egg-info/SOURCES.txt'
[0.640s] adding license file 'LICENSE'
[0.640s] writing manifest file '../../build/auto_suture/auto_suture.egg-info/SOURCES.txt'
[0.641s] running build
[0.641s] running build_py
[0.641s] copying auto_suture/pick_up_needle.py -> /home/jazmin/auto_suture/build/auto_suture/build/lib/auto_suture
[0.641s] running install
[0.645s] running install_lib
[0.655s] copying /home/jazmin/auto_suture/build/auto_suture/build/lib/auto_suture/pick_up_needle.py -> /home/jazmin/auto_suture/install/auto_suture/lib/python3.12/site-packages/auto_suture
[0.655s] byte-compiling /home/jazmin/auto_suture/install/auto_suture/lib/python3.12/site-packages/auto_suture/pick_up_needle.py to pick_up_needle.cpython-312.pyc
[0.657s] running install_data
[0.657s] running install_egg_info
[0.667s] removing '/home/jazmin/auto_suture/install/auto_suture/lib/python3.12/site-packages/auto_suture-0.0.0-py3.12.egg-info' (and everything under it)
[0.667s] Copying ../../build/auto_suture/auto_suture.egg-info to /home/jazmin/auto_suture/install/auto_suture/lib/python3.12/site-packages/auto_suture-0.0.0-py3.12.egg-info
[0.667s] running install_scripts
[0.735s] Installing needle_frame_converter script to /home/jazmin/auto_suture/install/auto_suture/lib/auto_suture
[0.735s] Installing pick_up_needle script to /home/jazmin/auto_suture/install/auto_suture/lib/auto_suture
[0.735s] writing list of installed files to '/home/jazmin/auto_suture/build/auto_suture/install.log'
[0.755s] Invoked command in '/home/jazmin/auto_suture/src/auto_suture' returned '0': DEBUGINFOD_URLS=https://debuginfod.ubuntu.com PYTHONPATH=/home/jazmin/auto_suture/build/auto_suture/prefix_override:/usr/lib/python3/dist-packages/colcon_core/task/python/colcon_distutils_commands:/home/jazmin/auto_suture/install/auto_suture/lib/python3.12/site-packages:/home/jazmin/auto_suture/install/auto_suture_interfaces/lib/python3.12/site-packages:/home/jazmin/auto_suture/install/auto_suture/lib/python3.12/site-packages:/home/jazmin/ros_ambf_ws/install/ambf_client/lib/python3.12/site-packages:/home/jazmin/ros_ambf_ws/install/tf_function/lib/python3.12/site-packages:/home/jazmin/ros_ambf_ws/install/ambf_msgs/lib/python3.12/site-packages:/opt/ros/jazzy/lib/python3.12/site-packages /usr/bin/python3 -W ignore:setup.py install is deprecated -W ignore:easy_install command is deprecated setup.py egg_info --egg-base ../../build/auto_suture build --build-base /home/jazmin/auto_suture/build/auto_suture/build install --record /home/jazmin/auto_suture/build/auto_suture/install.log --install-scripts $base/lib/auto_suture --single-version-externally-managed install_data
