running egg_info
writing ../../build/auto_suture/auto_suture.egg-info/PKG-INFO
writing dependency_links to ../../build/auto_suture/auto_suture.egg-info/dependency_links.txt
writing entry points to ../../build/auto_suture/auto_suture.egg-info/entry_points.txt
writing requirements to ../../build/auto_suture/auto_suture.egg-info/requires.txt
writing top-level names to ../../build/auto_suture/auto_suture.egg-info/top_level.txt
reading manifest file '../../build/auto_suture/auto_suture.egg-info/SOURCES.txt'
adding license file 'LICENSE'
writing manifest file '../../build/auto_suture/auto_suture.egg-info/SOURCES.txt'
running build
running build_py
creating /home/jazmin/auto_suture/build/auto_suture/build/lib/utility
copying utility/__init__.py -> /home/jazmin/auto_suture/build/auto_suture/build/lib/utility
copying utility/transform_functions.py -> /home/jazmin/auto_suture/build/auto_suture/build/lib/utility
copying auto_suture/tool_grasp_pose_node.py -> /home/jazmin/auto_suture/build/auto_suture/build/lib/auto_suture
running install
running install_lib
creating /home/jazmin/auto_suture/install/auto_suture/lib/python3.12/site-packages/utility
copying /home/jazmin/auto_suture/build/auto_suture/build/lib/utility/__init__.py -> /home/jazmin/auto_suture/install/auto_suture/lib/python3.12/site-packages/utility
copying /home/jazmin/auto_suture/build/auto_suture/build/lib/utility/transform_functions.py -> /home/jazmin/auto_suture/install/auto_suture/lib/python3.12/site-packages/utility
copying /home/jazmin/auto_suture/build/auto_suture/build/lib/auto_suture/tool_grasp_pose_node.py -> /home/jazmin/auto_suture/install/auto_suture/lib/python3.12/site-packages/auto_suture
byte-compiling /home/jazmin/auto_suture/install/auto_suture/lib/python3.12/site-packages/utility/__init__.py to __init__.cpython-312.pyc
byte-compiling /home/jazmin/auto_suture/install/auto_suture/lib/python3.12/site-packages/utility/transform_functions.py to transform_functions.cpython-312.pyc
byte-compiling /home/jazmin/auto_suture/install/auto_suture/lib/python3.12/site-packages/auto_suture/tool_grasp_pose_node.py to tool_grasp_pose_node.cpython-312.pyc
running install_data
running install_egg_info
removing '/home/jazmin/auto_suture/install/auto_suture/lib/python3.12/site-packages/auto_suture-0.0.0-py3.12.egg-info' (and everything under it)
Copying ../../build/auto_suture/auto_suture.egg-info to /home/jazmin/auto_suture/install/auto_suture/lib/python3.12/site-packages/auto_suture-0.0.0-py3.12.egg-info
running install_scripts
Installing move_to_grasp script to /home/jazmin/auto_suture/install/auto_suture/lib/auto_suture
Installing needle_frame_converter script to /home/jazmin/auto_suture/install/auto_suture/lib/auto_suture
Installing needle_position script to /home/jazmin/auto_suture/install/auto_suture/lib/auto_suture
Installing tool_grasp_pose script to /home/jazmin/auto_suture/install/auto_suture/lib/auto_suture
writing list of installed files to '/home/jazmin/auto_suture/build/auto_suture/install.log'
