[0.555s] Invoking command in '/home/jazmin/auto_suture/src/auto_suture': DEBUGINFOD_URLS=https://debuginfod.ubuntu.com PYTHONPATH=/home/jazmin/auto_suture/build/auto_suture/prefix_override:/usr/lib/python3/dist-packages/colcon_core/task/python/colcon_distutils_commands:/home/jazmin/auto_suture/install/auto_suture/lib/python3.12/site-packages:/home/jazmin/auto_suture/install/auto_suture_interfaces/lib/python3.12/site-packages:/home/jazmin/auto_suture/install/auto_suture/lib/python3.12/site-packages:/home/jazmin/ros_ambf_ws/install/ambf_client/lib/python3.12/site-packages:/home/jazmin/ros_ambf_ws/install/tf_function/lib/python3.12/site-packages:/home/jazmin/ros_ambf_ws/install/ambf_msgs/lib/python3.12/site-packages:/opt/ros/jazzy/lib/python3.12/site-packages /usr/bin/python3 -W ignore:setup.py install is deprecated -W ignore:easy_install command is deprecated setup.py egg_info --egg-base ../../build/auto_suture build --build-base /home/jazmin/auto_suture/build/auto_suture/build install --record /home/jazmin/auto_suture/build/auto_suture/install.log --install-scripts $base/lib/auto_suture --single-version-externally-managed install_data
[0.693s] running egg_info
[0.701s] writing ../../build/auto_suture/auto_suture.egg-info/PKG-INFO
[0.702s] writing dependency_links to ../../build/auto_suture/auto_suture.egg-info/dependency_links.txt
[0.702s] writing entry points to ../../build/auto_suture/auto_suture.egg-info/entry_points.txt
[0.702s] writing requirements to ../../build/auto_suture/auto_suture.egg-info/requires.txt
[0.702s] writing top-level names to ../../build/auto_suture/auto_suture.egg-info/top_level.txt
[0.722s] reading manifest file '../../build/auto_suture/auto_suture.egg-info/SOURCES.txt'
[0.722s] adding license file 'LICENSE'
[0.722s] writing manifest file '../../build/auto_suture/auto_suture.egg-info/SOURCES.txt'
[0.722s] running build
[0.723s] running build_py
[0.723s] creating /home/jazmin/auto_suture/build/auto_suture/build/lib/utility
[0.723s] copying utility/__init__.py -> /home/jazmin/auto_suture/build/auto_suture/build/lib/utility
[0.723s] copying utility/transform_functions.py -> /home/jazmin/auto_suture/build/auto_suture/build/lib/utility
[0.723s] copying auto_suture/tool_grasp_pose_node.py -> /home/jazmin/auto_suture/build/auto_suture/build/lib/auto_suture
[0.723s] running install
[0.727s] running install_lib
[0.737s] creating /home/jazmin/auto_suture/install/auto_suture/lib/python3.12/site-packages/utility
[0.737s] copying /home/jazmin/auto_suture/build/auto_suture/build/lib/utility/__init__.py -> /home/jazmin/auto_suture/install/auto_suture/lib/python3.12/site-packages/utility
[0.737s] copying /home/jazmin/auto_suture/build/auto_suture/build/lib/utility/transform_functions.py -> /home/jazmin/auto_suture/install/auto_suture/lib/python3.12/site-packages/utility
[0.737s] copying /home/jazmin/auto_suture/build/auto_suture/build/lib/auto_suture/tool_grasp_pose_node.py -> /home/jazmin/auto_suture/install/auto_suture/lib/python3.12/site-packages/auto_suture
[0.738s] byte-compiling /home/jazmin/auto_suture/install/auto_suture/lib/python3.12/site-packages/utility/__init__.py to __init__.cpython-312.pyc
[0.738s] byte-compiling /home/jazmin/auto_suture/install/auto_suture/lib/python3.12/site-packages/utility/transform_functions.py to transform_functions.cpython-312.pyc
[0.738s] byte-compiling /home/jazmin/auto_suture/install/auto_suture/lib/python3.12/site-packages/auto_suture/tool_grasp_pose_node.py to tool_grasp_pose_node.cpython-312.pyc
[0.739s] running install_data
[0.739s] running install_egg_info
[0.749s] removing '/home/jazmin/auto_suture/install/auto_suture/lib/python3.12/site-packages/auto_suture-0.0.0-py3.12.egg-info' (and everything under it)
[0.749s] Copying ../../build/auto_suture/auto_suture.egg-info to /home/jazmin/auto_suture/install/auto_suture/lib/python3.12/site-packages/auto_suture-0.0.0-py3.12.egg-info
[0.750s] running install_scripts
[0.827s] Installing move_to_grasp script to /home/jazmin/auto_suture/install/auto_suture/lib/auto_suture
[0.828s] Installing needle_frame_converter script to /home/jazmin/auto_suture/install/auto_suture/lib/auto_suture
[0.828s] Installing needle_position script to /home/jazmin/auto_suture/install/auto_suture/lib/auto_suture
[0.828s] Installing tool_grasp_pose script to /home/jazmin/auto_suture/install/auto_suture/lib/auto_suture
[0.828s] writing list of installed files to '/home/jazmin/auto_suture/build/auto_suture/install.log'
[0.861s] Invoked command in '/home/jazmin/auto_suture/src/auto_suture' returned '0': DEBUGINFOD_URLS=https://debuginfod.ubuntu.com PYTHONPATH=/home/jazmin/auto_suture/build/auto_suture/prefix_override:/usr/lib/python3/dist-packages/colcon_core/task/python/colcon_distutils_commands:/home/jazmin/auto_suture/install/auto_suture/lib/python3.12/site-packages:/home/jazmin/auto_suture/install/auto_suture_interfaces/lib/python3.12/site-packages:/home/jazmin/auto_suture/install/auto_suture/lib/python3.12/site-packages:/home/jazmin/ros_ambf_ws/install/ambf_client/lib/python3.12/site-packages:/home/jazmin/ros_ambf_ws/install/tf_function/lib/python3.12/site-packages:/home/jazmin/ros_ambf_ws/install/ambf_msgs/lib/python3.12/site-packages:/opt/ros/jazzy/lib/python3.12/site-packages /usr/bin/python3 -W ignore:setup.py install is deprecated -W ignore:easy_install command is deprecated setup.py egg_info --egg-base ../../build/auto_suture build --build-base /home/jazmin/auto_suture/build/auto_suture/build install --record /home/jazmin/auto_suture/build/auto_suture/install.log --install-scripts $base/lib/auto_suture --single-version-externally-managed install_data
