running egg_info
creating ../../build/auto_suture/auto_suture.egg-info
writing ../../build/auto_suture/auto_suture.egg-info/PKG-INFO
writing dependency_links to ../../build/auto_suture/auto_suture.egg-info/dependency_links.txt
writing entry points to ../../build/auto_suture/auto_suture.egg-info/entry_points.txt
writing requirements to ../../build/auto_suture/auto_suture.egg-info/requires.txt
writing top-level names to ../../build/auto_suture/auto_suture.egg-info/top_level.txt
writing manifest file '../../build/auto_suture/auto_suture.egg-info/SOURCES.txt'
reading manifest file '../../build/auto_suture/auto_suture.egg-info/SOURCES.txt'
adding license file 'LICENSE'
writing manifest file '../../build/auto_suture/auto_suture.egg-info/SOURCES.txt'
running build
running build_py
running install
running install_lib
running install_data
creating /home/jazmin/auto_suture/install/auto_suture/share/auto_suture/launch
copying launch/suture_sim.launch.py -> /home/jazmin/auto_suture/install/auto_suture/share/auto_suture/launch
creating /home/jazmin/auto_suture/install/auto_suture/share/auto_suture/config
running install_egg_info
Copying ../../build/auto_suture/auto_suture.egg-info to /home/jazmin/auto_suture/install/auto_suture/lib/python3.12/site-packages/auto_suture-0.0.0-py3.12.egg-info
running install_scripts
Installing needle_position script to /home/jazmin/auto_suture/install/auto_suture/lib/auto_suture
Installing tool_grasp_position script to /home/jazmin/auto_suture/install/auto_suture/lib/auto_suture
writing list of installed files to '/home/jazmin/auto_suture/build/auto_suture/install.log'
