[0.010s] Invoking command in '/home/jazmin/auto_suture/build/auto_suture_interfaces': CMAKE_PREFIX_PATH=${CMAKE_PREFIX_PATH}:/home/jazmin/auto_suture/install/auto_suture:/opt/ros/jazzy DEBUGINFOD_URLS=https://debuginfod.ubuntu.com /usr/bin/cmake --build /home/jazmin/auto_suture/build/auto_suture_interfaces -- -j16 -l16
[0.032s] -- Found ament_cmake: 2.5.6 (/opt/ros/jazzy/share/ament_cmake/cmake)
[0.099s] -- Found rosidl_default_generators: 1.6.1 (/opt/ros/jazzy/share/rosidl_default_generators/cmake)
[0.100s] -- Using all available rosidl_typesupport_c: rosidl_typesupport_fastrtps_c;rosidl_typesupport_introspection_c
[0.124s] -- Using all available rosidl_typesupport_cpp: rosidl_typesupport_fastrtps_cpp;rosidl_typesupport_introspection_cpp
[0.142s] -- Found rosidl_adapter: 4.6.9 (/opt/ros/jazzy/share/rosidl_adapter/cmake)
[0.143s] -- Found geometry_msgs: 5.3.8 (/opt/ros/jazzy/share/geometry_msgs/cmake)
[0.368s] -- Found ament_cmake_ros: 0.12.1 (/opt/ros/jazzy/share/ament_cmake_ros/cmake)
[0.483s] -- Using all available rosidl_typesupport_c: rosidl_typesupport_fastrtps_c;rosidl_typesupport_introspection_c
[0.637s] -- Using all available rosidl_typesupport_cpp: rosidl_typesupport_fastrtps_cpp;rosidl_typesupport_introspection_cpp
[0.638s] -- Found python_cmake_module: 0.11.1 (/opt/ros/jazzy/share/python_cmake_module/cmake)
[0.814s] -- Found Python3: /usr/bin/python3 (found version "3.12.3") found components: Interpreter Development NumPy Development.Module Development.Embed 
[0.876s] -- Found Python3: /usr/bin/python3 (found version "3.12.3") found components: Interpreter 
[0.877s] -- Found ament_lint_auto: 0.17.5 (/opt/ros/jazzy/share/ament_lint_auto/cmake)
[0.883s] -- Added test 'lint_cmake' to check CMake code style
[0.884s] -- Added test 'xmllint' to check XML markup files
[0.885s] -- Configuring done (0.9s)
[0.914s] -- Generating done (0.0s)
[0.923s] -- Build files have been written to: /home/jazmin/auto_suture/build/auto_suture_interfaces
[0.955s] [  2%] [34m[1mGenerating Rust code for ROS interfaces[0m
[0.956s] [  5%] [34m[1mGenerating type hashes for ROS interfaces[0m
[0.963s] [  5%] Built target ament_cmake_python_copy_auto_suture_interfaces
[1.070s] [  5%] Built target auto_suture_interfaces__rosidl_generator_type_description
[1.080s] [  8%] [34m[1mGenerating C code for ROS interfaces[0m
[1.087s] [  8%] Built target auto_suture_interfaces__rs
[1.087s] [ 11%] [34m[1mGenerating C++ code for ROS interfaces[0m
[1.092s] running egg_info
[1.101s] writing auto_suture_interfaces.egg-info/PKG-INFO
[1.101s] writing dependency_links to auto_suture_interfaces.egg-info/dependency_links.txt
[1.101s] writing top-level names to auto_suture_interfaces.egg-info/top_level.txt
[1.131s] reading manifest file 'auto_suture_interfaces.egg-info/SOURCES.txt'
[1.131s] writing manifest file 'auto_suture_interfaces.egg-info/SOURCES.txt'
[1.154s] [ 11%] Built target ament_cmake_python_build_auto_suture_interfaces_egg
[1.259s] [ 11%] Built target auto_suture_interfaces__cpp
[1.269s] [ 20%] [32mBuilding C object CMakeFiles/auto_suture_interfaces__rosidl_generator_c.dir/rosidl_generator_c/auto_suture_interfaces/srv/detail/find_grasp_pose__description.c.o[0m
[1.269s] [ 20%] [32mBuilding C object CMakeFiles/auto_suture_interfaces__rosidl_generator_c.dir/rosidl_generator_c/auto_suture_interfaces/srv/detail/find_grasp_pose__functions.c.o[0m
[1.269s] [ 20%] [32mBuilding C object CMakeFiles/auto_suture_interfaces__rosidl_generator_c.dir/rosidl_generator_c/auto_suture_interfaces/srv/detail/find_grasp_pose__type_support.c.o[0m
[1.323s] [ 22%] [32m[1mLinking C shared library libauto_suture_interfaces__rosidl_generator_c.so[0m
[1.358s] [ 22%] Built target auto_suture_interfaces__rosidl_generator_c
[1.367s] [ 40%] [34m[1mGenerating C type support for eProsima Fast-RTPS[0m
[1.367s] [ 40%] [34m[1mGenerating C++ type support dispatch for ROS interfaces[0m
[1.367s] [ 40%] [34m[1mGenerating C++ type support for eProsima Fast-RTPS[0m
[1.367s] [ 40%] [34m[1mGenerating C introspection for ROS interfaces[0m
[1.367s] [ 40%] [34m[1mGenerating C++ introspection for ROS interfaces[0m
[1.367s] [ 40%] [34m[1mGenerating C type support dispatch for ROS interfaces[0m
[1.515s] [ 45%] [32mBuilding CXX object CMakeFiles/auto_suture_interfaces__rosidl_typesupport_c.dir/rosidl_typesupport_c/auto_suture_interfaces/srv/find_grasp_pose__type_support.cpp.o[0m
[1.516s] [ 45%] [32mBuilding CXX object CMakeFiles/auto_suture_interfaces__rosidl_typesupport_cpp.dir/rosidl_typesupport_cpp/auto_suture_interfaces/srv/find_grasp_pose__type_support.cpp.o[0m
[1.536s] [ 48%] [32mBuilding C object CMakeFiles/auto_suture_interfaces__rosidl_typesupport_introspection_c.dir/rosidl_typesupport_introspection_c/auto_suture_interfaces/srv/detail/find_grasp_pose__type_support.c.o[0m
[1.543s] [ 51%] [32mBuilding CXX object CMakeFiles/auto_suture_interfaces__rosidl_typesupport_introspection_cpp.dir/rosidl_typesupport_introspection_cpp/auto_suture_interfaces/srv/detail/find_grasp_pose__type_support.cpp.o[0m
[1.554s] [ 54%] [32m[1mLinking CXX shared library libauto_suture_interfaces__rosidl_typesupport_c.so[0m
[1.562s] [ 57%] [32mBuilding CXX object CMakeFiles/auto_suture_interfaces__rosidl_typesupport_fastrtps_cpp.dir/rosidl_typesupport_fastrtps_cpp/auto_suture_interfaces/srv/detail/dds_fastrtps/find_grasp_pose__type_support.cpp.o[0m
[1.572s] [ 60%] [32mBuilding CXX object CMakeFiles/auto_suture_interfaces__rosidl_typesupport_fastrtps_c.dir/rosidl_typesupport_fastrtps_c/auto_suture_interfaces/srv/detail/find_grasp_pose__type_support_c.cpp.o[0m
[1.573s] [ 62%] [32m[1mLinking C shared library libauto_suture_interfaces__rosidl_typesupport_introspection_c.so[0m
[1.587s] [ 62%] Built target auto_suture_interfaces__rosidl_typesupport_c
[1.601s] [ 62%] Built target auto_suture_interfaces__rosidl_typesupport_introspection_c
[1.776s] [ 65%] [32m[1mLinking CXX shared library libauto_suture_interfaces__rosidl_typesupport_cpp.so[0m
[1.829s] [ 68%] [32m[1mLinking CXX shared library libauto_suture_interfaces__rosidl_typesupport_introspection_cpp.so[0m
[1.845s] [ 68%] Built target auto_suture_interfaces__rosidl_typesupport_cpp
[1.891s] [ 68%] Built target auto_suture_interfaces__rosidl_typesupport_introspection_cpp
[1.907s] [ 71%] [32m[1mLinking CXX shared library libauto_suture_interfaces__rosidl_typesupport_fastrtps_c.so[0m
[1.966s] [ 71%] Built target auto_suture_interfaces__rosidl_typesupport_fastrtps_c
[1.976s] [ 74%] [32m[1mLinking CXX shared library libauto_suture_interfaces__rosidl_typesupport_fastrtps_cpp.so[0m
[2.035s] [ 74%] Built target auto_suture_interfaces__rosidl_typesupport_fastrtps_cpp
[2.053s] [ 74%] Built target auto_suture_interfaces
[2.069s] [ 77%] [34m[1mGenerating Python code for ROS interfaces[0m
[2.268s] [ 77%] Built target auto_suture_interfaces__py
[2.286s] [ 80%] [32mBuilding C object CMakeFiles/auto_suture_interfaces__rosidl_generator_py.dir/rosidl_generator_py/auto_suture_interfaces/srv/_find_grasp_pose_s.c.o[0m
[2.384s] [ 82%] [32m[1mLinking C shared library libauto_suture_interfaces__rosidl_generator_py.so[0m
[2.426s] [ 82%] Built target auto_suture_interfaces__rosidl_generator_py
[2.447s] [ 88%] [32mBuilding C object CMakeFiles/auto_suture_interfaces_s__rosidl_typesupport_c.dir/rosidl_generator_py/auto_suture_interfaces/_auto_suture_interfaces_s.ep.rosidl_typesupport_c.c.o[0m
[2.448s] [ 88%] [32mBuilding C object CMakeFiles/auto_suture_interfaces_s__rosidl_typesupport_introspection_c.dir/rosidl_generator_py/auto_suture_interfaces/_auto_suture_interfaces_s.ep.rosidl_typesupport_introspection_c.c.o[0m
[2.448s] [ 91%] [32mBuilding C object CMakeFiles/auto_suture_interfaces_s__rosidl_typesupport_fastrtps_c.dir/rosidl_generator_py/auto_suture_interfaces/_auto_suture_interfaces_s.ep.rosidl_typesupport_fastrtps_c.c.o[0m
[2.520s] [ 97%] [32m[1mLinking C shared module rosidl_generator_py/auto_suture_interfaces/auto_suture_interfaces_s__rosidl_typesupport_introspection_c.so[0m
[2.520s] [ 97%] [32m[1mLinking C shared module rosidl_generator_py/auto_suture_interfaces/auto_suture_interfaces_s__rosidl_typesupport_c.so[0m
[2.523s] [100%] [32m[1mLinking C shared module rosidl_generator_py/auto_suture_interfaces/auto_suture_interfaces_s__rosidl_typesupport_fastrtps_c.so[0m
[2.547s] [100%] Built target auto_suture_interfaces_s__rosidl_typesupport_c
[2.547s] [100%] Built target auto_suture_interfaces_s__rosidl_typesupport_introspection_c
[2.550s] [100%] Built target auto_suture_interfaces_s__rosidl_typesupport_fastrtps_c
[2.560s] Invoked command in '/home/jazmin/auto_suture/build/auto_suture_interfaces' returned '0': CMAKE_PREFIX_PATH=${CMAKE_PREFIX_PATH}:/home/jazmin/auto_suture/install/auto_suture:/opt/ros/jazzy DEBUGINFOD_URLS=https://debuginfod.ubuntu.com /usr/bin/cmake --build /home/jazmin/auto_suture/build/auto_suture_interfaces -- -j16 -l16
[2.568s] Invoking command in '/home/jazmin/auto_suture/build/auto_suture_interfaces': CMAKE_PREFIX_PATH=${CMAKE_PREFIX_PATH}:/home/jazmin/auto_suture/install/auto_suture:/opt/ros/jazzy DEBUGINFOD_URLS=https://debuginfod.ubuntu.com /usr/bin/cmake --install /home/jazmin/auto_suture/build/auto_suture_interfaces
[2.576s] -- Install configuration: ""
[2.576s] -- Installing: /home/jazmin/auto_suture/install/auto_suture_interfaces/share/ament_index/resource_index/rosidl_interfaces/auto_suture_interfaces
[2.576s] -- Installing: /home/jazmin/auto_suture/install/auto_suture_interfaces/share/auto_suture_interfaces/srv/FindGraspPose.json
[2.576s] -- Up-to-date: /home/jazmin/auto_suture/install/auto_suture_interfaces/include/auto_suture_interfaces/auto_suture_interfaces
[2.576s] -- Up-to-date: /home/jazmin/auto_suture/install/auto_suture_interfaces/include/auto_suture_interfaces/auto_suture_interfaces/srv
[2.576s] -- Up-to-date: /home/jazmin/auto_suture/install/auto_suture_interfaces/include/auto_suture_interfaces/auto_suture_interfaces/srv/detail
[2.576s] -- Up-to-date: /home/jazmin/auto_suture/install/auto_suture_interfaces/include/auto_suture_interfaces/auto_suture_interfaces/srv/detail/find_grasp_position__description.c
[2.577s] -- Up-to-date: /home/jazmin/auto_suture/install/auto_suture_interfaces/include/auto_suture_interfaces/auto_suture_interfaces/srv/detail/find_grasp_position__functions.c
[2.577s] -- Up-to-date: /home/jazmin/auto_suture/install/auto_suture_interfaces/include/auto_suture_interfaces/auto_suture_interfaces/srv/detail/find_grasp_position__struct.h
[2.577s] -- Installing: /home/jazmin/auto_suture/install/auto_suture_interfaces/include/auto_suture_interfaces/auto_suture_interfaces/srv/detail/find_grasp_pose__functions.c
[2.577s] -- Up-to-date: /home/jazmin/auto_suture/install/auto_suture_interfaces/include/auto_suture_interfaces/auto_suture_interfaces/srv/detail/find_grasp_position__type_support.h
[2.577s] -- Installing: /home/jazmin/auto_suture/install/auto_suture_interfaces/include/auto_suture_interfaces/auto_suture_interfaces/srv/detail/find_grasp_pose__type_support.c
[2.577s] -- Installing: /home/jazmin/auto_suture/install/auto_suture_interfaces/include/auto_suture_interfaces/auto_suture_interfaces/srv/detail/find_grasp_pose__description.c
[2.577s] -- Installing: /home/jazmin/auto_suture/install/auto_suture_interfaces/include/auto_suture_interfaces/auto_suture_interfaces/srv/detail/find_grasp_pose__struct.h
[2.577s] -- Installing: /home/jazmin/auto_suture/install/auto_suture_interfaces/include/auto_suture_interfaces/auto_suture_interfaces/srv/detail/find_grasp_pose__functions.h
[2.577s] -- Up-to-date: /home/jazmin/auto_suture/install/auto_suture_interfaces/include/auto_suture_interfaces/auto_suture_interfaces/srv/detail/find_grasp_position__type_support.c
[2.577s] -- Up-to-date: /home/jazmin/auto_suture/install/auto_suture_interfaces/include/auto_suture_interfaces/auto_suture_interfaces/srv/detail/find_grasp_position__functions.h
[2.577s] -- Installing: /home/jazmin/auto_suture/install/auto_suture_interfaces/include/auto_suture_interfaces/auto_suture_interfaces/srv/detail/find_grasp_pose__type_support.h
[2.577s] -- Installing: /home/jazmin/auto_suture/install/auto_suture_interfaces/include/auto_suture_interfaces/auto_suture_interfaces/srv/find_grasp_pose.h
[2.577s] -- Up-to-date: /home/jazmin/auto_suture/install/auto_suture_interfaces/include/auto_suture_interfaces/auto_suture_interfaces/srv/find_grasp_position.h
[2.577s] -- Up-to-date: /home/jazmin/auto_suture/install/auto_suture_interfaces/include/auto_suture_interfaces/auto_suture_interfaces/msg
[2.577s] -- Up-to-date: /home/jazmin/auto_suture/install/auto_suture_interfaces/include/auto_suture_interfaces/auto_suture_interfaces/msg/rosidl_generator_c__visibility_control.h
[2.577s] -- Up-to-date: /home/jazmin/auto_suture/install/auto_suture_interfaces/share/auto_suture_interfaces/environment/library_path.sh
[2.577s] -- Up-to-date: /home/jazmin/auto_suture/install/auto_suture_interfaces/share/auto_suture_interfaces/environment/library_path.dsv
[2.578s] -- Installing: /home/jazmin/auto_suture/install/auto_suture_interfaces/lib/libauto_suture_interfaces__rosidl_generator_c.so
[2.578s] -- Set non-toolchain portion of runtime path of "/home/jazmin/auto_suture/install/auto_suture_interfaces/lib/libauto_suture_interfaces__rosidl_generator_c.so" to ""
[2.578s] -- Up-to-date: /home/jazmin/auto_suture/install/auto_suture_interfaces/include/auto_suture_interfaces/auto_suture_interfaces
[2.578s] -- Up-to-date: /home/jazmin/auto_suture/install/auto_suture_interfaces/include/auto_suture_interfaces/auto_suture_interfaces/srv
[2.578s] -- Up-to-date: /home/jazmin/auto_suture/install/auto_suture_interfaces/include/auto_suture_interfaces/auto_suture_interfaces/srv/detail
[2.578s] -- Up-to-date: /home/jazmin/auto_suture/install/auto_suture_interfaces/include/auto_suture_interfaces/auto_suture_interfaces/srv/detail/find_grasp_position__rosidl_typesupport_fastrtps_c.h
[2.578s] -- Installing: /home/jazmin/auto_suture/install/auto_suture_interfaces/include/auto_suture_interfaces/auto_suture_interfaces/srv/detail/find_grasp_pose__rosidl_typesupport_fastrtps_c.h
[2.578s] -- Up-to-date: /home/jazmin/auto_suture/install/auto_suture_interfaces/include/auto_suture_interfaces/auto_suture_interfaces/msg
[2.578s] -- Up-to-date: /home/jazmin/auto_suture/install/auto_suture_interfaces/include/auto_suture_interfaces/auto_suture_interfaces/msg/rosidl_typesupport_fastrtps_c__visibility_control.h
[2.578s] -- Installing: /home/jazmin/auto_suture/install/auto_suture_interfaces/lib/libauto_suture_interfaces__rosidl_typesupport_fastrtps_c.so
[2.579s] -- Set non-toolchain portion of runtime path of "/home/jazmin/auto_suture/install/auto_suture_interfaces/lib/libauto_suture_interfaces__rosidl_typesupport_fastrtps_c.so" to ""
[2.579s] -- Up-to-date: /home/jazmin/auto_suture/install/auto_suture_interfaces/include/auto_suture_interfaces/auto_suture_interfaces
[2.579s] -- Up-to-date: /home/jazmin/auto_suture/install/auto_suture_interfaces/include/auto_suture_interfaces/auto_suture_interfaces/srv
[2.579s] -- Up-to-date: /home/jazmin/auto_suture/install/auto_suture_interfaces/include/auto_suture_interfaces/auto_suture_interfaces/srv/detail
[2.579s] -- Up-to-date: /home/jazmin/auto_suture/install/auto_suture_interfaces/include/auto_suture_interfaces/auto_suture_interfaces/srv/detail/find_grasp_pose__type_support.c
[2.579s] -- Installing: /home/jazmin/auto_suture/install/auto_suture_interfaces/include/auto_suture_interfaces/auto_suture_interfaces/srv/detail/find_grasp_pose__rosidl_typesupport_introspection_c.h
[2.579s] -- Up-to-date: /home/jazmin/auto_suture/install/auto_suture_interfaces/include/auto_suture_interfaces/auto_suture_interfaces/srv/detail/find_grasp_position__rosidl_typesupport_introspection_c.h
[2.579s] -- Up-to-date: /home/jazmin/auto_suture/install/auto_suture_interfaces/include/auto_suture_interfaces/auto_suture_interfaces/srv/detail/find_grasp_position__type_support.c
[2.579s] -- Up-to-date: /home/jazmin/auto_suture/install/auto_suture_interfaces/include/auto_suture_interfaces/auto_suture_interfaces/msg
[2.579s] -- Up-to-date: /home/jazmin/auto_suture/install/auto_suture_interfaces/include/auto_suture_interfaces/auto_suture_interfaces/msg/rosidl_typesupport_introspection_c__visibility_control.h
[2.579s] -- Installing: /home/jazmin/auto_suture/install/auto_suture_interfaces/lib/libauto_suture_interfaces__rosidl_typesupport_introspection_c.so
[2.579s] -- Set non-toolchain portion of runtime path of "/home/jazmin/auto_suture/install/auto_suture_interfaces/lib/libauto_suture_interfaces__rosidl_typesupport_introspection_c.so" to ""
[2.579s] -- Installing: /home/jazmin/auto_suture/install/auto_suture_interfaces/lib/libauto_suture_interfaces__rosidl_typesupport_c.so
[2.580s] -- Set non-toolchain portion of runtime path of "/home/jazmin/auto_suture/install/auto_suture_interfaces/lib/libauto_suture_interfaces__rosidl_typesupport_c.so" to ""
[2.580s] -- Up-to-date: /home/jazmin/auto_suture/install/auto_suture_interfaces/include/auto_suture_interfaces/auto_suture_interfaces
[2.580s] -- Up-to-date: /home/jazmin/auto_suture/install/auto_suture_interfaces/include/auto_suture_interfaces/auto_suture_interfaces/srv
[2.580s] -- Installing: /home/jazmin/auto_suture/install/auto_suture_interfaces/include/auto_suture_interfaces/auto_suture_interfaces/srv/find_grasp_pose.hpp
[2.580s] -- Up-to-date: /home/jazmin/auto_suture/install/auto_suture_interfaces/include/auto_suture_interfaces/auto_suture_interfaces/srv/detail
[2.580s] -- Installing: /home/jazmin/auto_suture/install/auto_suture_interfaces/include/auto_suture_interfaces/auto_suture_interfaces/srv/detail/find_grasp_pose__struct.hpp
[2.580s] -- Up-to-date: /home/jazmin/auto_suture/install/auto_suture_interfaces/include/auto_suture_interfaces/auto_suture_interfaces/srv/detail/find_grasp_position__type_support.hpp
[2.580s] -- Up-to-date: /home/jazmin/auto_suture/install/auto_suture_interfaces/include/auto_suture_interfaces/auto_suture_interfaces/srv/detail/find_grasp_position__traits.hpp
[2.580s] -- Installing: /home/jazmin/auto_suture/install/auto_suture_interfaces/include/auto_suture_interfaces/auto_suture_interfaces/srv/detail/find_grasp_pose__type_support.hpp
[2.580s] -- Installing: /home/jazmin/auto_suture/install/auto_suture_interfaces/include/auto_suture_interfaces/auto_suture_interfaces/srv/detail/find_grasp_pose__builder.hpp
[2.580s] -- Installing: /home/jazmin/auto_suture/install/auto_suture_interfaces/include/auto_suture_interfaces/auto_suture_interfaces/srv/detail/find_grasp_pose__traits.hpp
[2.581s] -- Up-to-date: /home/jazmin/auto_suture/install/auto_suture_interfaces/include/auto_suture_interfaces/auto_suture_interfaces/srv/detail/find_grasp_position__builder.hpp
[2.581s] -- Up-to-date: /home/jazmin/auto_suture/install/auto_suture_interfaces/include/auto_suture_interfaces/auto_suture_interfaces/srv/detail/find_grasp_position__struct.hpp
[2.581s] -- Up-to-date: /home/jazmin/auto_suture/install/auto_suture_interfaces/include/auto_suture_interfaces/auto_suture_interfaces/srv/find_grasp_position.hpp
[2.581s] -- Up-to-date: /home/jazmin/auto_suture/install/auto_suture_interfaces/include/auto_suture_interfaces/auto_suture_interfaces/msg
[2.581s] -- Installing: /home/jazmin/auto_suture/install/auto_suture_interfaces/include/auto_suture_interfaces/auto_suture_interfaces/msg/rosidl_generator_cpp__visibility_control.hpp
[2.581s] -- Up-to-date: /home/jazmin/auto_suture/install/auto_suture_interfaces/include/auto_suture_interfaces/auto_suture_interfaces
[2.581s] -- Up-to-date: /home/jazmin/auto_suture/install/auto_suture_interfaces/include/auto_suture_interfaces/auto_suture_interfaces/srv
[2.581s] -- Up-to-date: /home/jazmin/auto_suture/install/auto_suture_interfaces/include/auto_suture_interfaces/auto_suture_interfaces/srv/detail
[2.581s] -- Up-to-date: /home/jazmin/auto_suture/install/auto_suture_interfaces/include/auto_suture_interfaces/auto_suture_interfaces/srv/detail/dds_fastrtps
[2.581s] -- Up-to-date: /home/jazmin/auto_suture/install/auto_suture_interfaces/include/auto_suture_interfaces/auto_suture_interfaces/srv/detail/find_grasp_position__rosidl_typesupport_fastrtps_cpp.hpp
[2.581s] -- Installing: /home/jazmin/auto_suture/install/auto_suture_interfaces/include/auto_suture_interfaces/auto_suture_interfaces/srv/detail/find_grasp_pose__rosidl_typesupport_fastrtps_cpp.hpp
[2.581s] -- Up-to-date: /home/jazmin/auto_suture/install/auto_suture_interfaces/include/auto_suture_interfaces/auto_suture_interfaces/msg
[2.581s] -- Up-to-date: /home/jazmin/auto_suture/install/auto_suture_interfaces/include/auto_suture_interfaces/auto_suture_interfaces/msg/rosidl_typesupport_fastrtps_cpp__visibility_control.h
[2.582s] -- Installing: /home/jazmin/auto_suture/install/auto_suture_interfaces/lib/libauto_suture_interfaces__rosidl_typesupport_fastrtps_cpp.so
[2.582s] -- Set non-toolchain portion of runtime path of "/home/jazmin/auto_suture/install/auto_suture_interfaces/lib/libauto_suture_interfaces__rosidl_typesupport_fastrtps_cpp.so" to ""
[2.582s] -- Up-to-date: /home/jazmin/auto_suture/install/auto_suture_interfaces/include/auto_suture_interfaces/auto_suture_interfaces
[2.582s] -- Up-to-date: /home/jazmin/auto_suture/install/auto_suture_interfaces/include/auto_suture_interfaces/auto_suture_interfaces/srv
[2.582s] -- Up-to-date: /home/jazmin/auto_suture/install/auto_suture_interfaces/include/auto_suture_interfaces/auto_suture_interfaces/srv/detail
[2.582s] -- Installing: /home/jazmin/auto_suture/install/auto_suture_interfaces/include/auto_suture_interfaces/auto_suture_interfaces/srv/detail/find_grasp_pose__rosidl_typesupport_introspection_cpp.hpp
[2.582s] -- Installing: /home/jazmin/auto_suture/install/auto_suture_interfaces/include/auto_suture_interfaces/auto_suture_interfaces/srv/detail/find_grasp_pose__type_support.cpp
[2.582s] -- Up-to-date: /home/jazmin/auto_suture/install/auto_suture_interfaces/include/auto_suture_interfaces/auto_suture_interfaces/srv/detail/find_grasp_position__rosidl_typesupport_introspection_cpp.hpp
[2.582s] -- Up-to-date: /home/jazmin/auto_suture/install/auto_suture_interfaces/include/auto_suture_interfaces/auto_suture_interfaces/srv/detail/find_grasp_position__type_support.cpp
[2.582s] -- Installing: /home/jazmin/auto_suture/install/auto_suture_interfaces/lib/libauto_suture_interfaces__rosidl_typesupport_introspection_cpp.so
[2.582s] -- Set non-toolchain portion of runtime path of "/home/jazmin/auto_suture/install/auto_suture_interfaces/lib/libauto_suture_interfaces__rosidl_typesupport_introspection_cpp.so" to ""
[2.582s] -- Installing: /home/jazmin/auto_suture/install/auto_suture_interfaces/lib/libauto_suture_interfaces__rosidl_typesupport_cpp.so
[2.583s] -- Set non-toolchain portion of runtime path of "/home/jazmin/auto_suture/install/auto_suture_interfaces/lib/libauto_suture_interfaces__rosidl_typesupport_cpp.so" to ""
[2.583s] -- Up-to-date: /home/jazmin/auto_suture/install/auto_suture_interfaces/share/auto_suture_interfaces/environment/pythonpath.sh
[2.583s] -- Up-to-date: /home/jazmin/auto_suture/install/auto_suture_interfaces/share/auto_suture_interfaces/environment/pythonpath.dsv
[2.583s] -- Up-to-date: /home/jazmin/auto_suture/install/auto_suture_interfaces/lib/python3.12/site-packages/auto_suture_interfaces-0.0.0-py3.12.egg-info
[2.583s] -- Installing: /home/jazmin/auto_suture/install/auto_suture_interfaces/lib/python3.12/site-packages/auto_suture_interfaces-0.0.0-py3.12.egg-info/dependency_links.txt
[2.583s] -- Installing: /home/jazmin/auto_suture/install/auto_suture_interfaces/lib/python3.12/site-packages/auto_suture_interfaces-0.0.0-py3.12.egg-info/PKG-INFO
[2.583s] -- Installing: /home/jazmin/auto_suture/install/auto_suture_interfaces/lib/python3.12/site-packages/auto_suture_interfaces-0.0.0-py3.12.egg-info/top_level.txt
[2.583s] -- Installing: /home/jazmin/auto_suture/install/auto_suture_interfaces/lib/python3.12/site-packages/auto_suture_interfaces-0.0.0-py3.12.egg-info/SOURCES.txt
[2.583s] -- Up-to-date: /home/jazmin/auto_suture/install/auto_suture_interfaces/lib/python3.12/site-packages/auto_suture_interfaces
[2.583s] -- Up-to-date: /home/jazmin/auto_suture/install/auto_suture_interfaces/lib/python3.12/site-packages/auto_suture_interfaces/srv
[2.583s] -- Up-to-date: /home/jazmin/auto_suture/install/auto_suture_interfaces/lib/python3.12/site-packages/auto_suture_interfaces/srv/_find_grasp_position_s.c
[2.583s] -- Installing: /home/jazmin/auto_suture/install/auto_suture_interfaces/lib/python3.12/site-packages/auto_suture_interfaces/srv/__init__.py
[2.584s] -- Installing: /home/jazmin/auto_suture/install/auto_suture_interfaces/lib/python3.12/site-packages/auto_suture_interfaces/srv/_find_grasp_pose_s.c
[2.584s] -- Installing: /home/jazmin/auto_suture/install/auto_suture_interfaces/lib/python3.12/site-packages/auto_suture_interfaces/srv/_find_grasp_pose.py
[2.584s] -- Up-to-date: /home/jazmin/auto_suture/install/auto_suture_interfaces/lib/python3.12/site-packages/auto_suture_interfaces/srv/_find_grasp_position.py
[2.584s] -- Installing: /home/jazmin/auto_suture/install/auto_suture_interfaces/lib/python3.12/site-packages/auto_suture_interfaces/auto_suture_interfaces_s__rosidl_typesupport_introspection_c.so
[2.584s] -- Installing: /home/jazmin/auto_suture/install/auto_suture_interfaces/lib/python3.12/site-packages/auto_suture_interfaces/__init__.py
[2.584s] -- Installing: /home/jazmin/auto_suture/install/auto_suture_interfaces/lib/python3.12/site-packages/auto_suture_interfaces/_auto_suture_interfaces_s.ep.rosidl_typesupport_fastrtps_c.c
[2.584s] -- Installing: /home/jazmin/auto_suture/install/auto_suture_interfaces/lib/python3.12/site-packages/auto_suture_interfaces/_auto_suture_interfaces_s.ep.rosidl_typesupport_c.c
[2.584s] -- Installing: /home/jazmin/auto_suture/install/auto_suture_interfaces/lib/python3.12/site-packages/auto_suture_interfaces/_auto_suture_interfaces_s.ep.rosidl_typesupport_introspection_c.c
[2.584s] -- Installing: /home/jazmin/auto_suture/install/auto_suture_interfaces/lib/python3.12/site-packages/auto_suture_interfaces/auto_suture_interfaces_s__rosidl_typesupport_c.so
[2.584s] -- Installing: /home/jazmin/auto_suture/install/auto_suture_interfaces/lib/python3.12/site-packages/auto_suture_interfaces/auto_suture_interfaces_s__rosidl_typesupport_fastrtps_c.so
[2.613s] Listing '/home/jazmin/auto_suture/install/auto_suture_interfaces/lib/python3.12/site-packages/auto_suture_interfaces'...
[2.613s] Compiling '/home/jazmin/auto_suture/install/auto_suture_interfaces/lib/python3.12/site-packages/auto_suture_interfaces/__init__.py'...
[2.613s] Listing '/home/jazmin/auto_suture/install/auto_suture_interfaces/lib/python3.12/site-packages/auto_suture_interfaces/srv'...
[2.613s] Compiling '/home/jazmin/auto_suture/install/auto_suture_interfaces/lib/python3.12/site-packages/auto_suture_interfaces/srv/__init__.py'...
[2.613s] Compiling '/home/jazmin/auto_suture/install/auto_suture_interfaces/lib/python3.12/site-packages/auto_suture_interfaces/srv/_find_grasp_pose.py'...
[2.617s] -- Installing: /home/jazmin/auto_suture/install/auto_suture_interfaces/lib/python3.12/site-packages/auto_suture_interfaces/auto_suture_interfaces_s__rosidl_typesupport_fastrtps_c.so
[2.617s] -- Set non-toolchain portion of runtime path of "/home/jazmin/auto_suture/install/auto_suture_interfaces/lib/python3.12/site-packages/auto_suture_interfaces/auto_suture_interfaces_s__rosidl_typesupport_fastrtps_c.so" to ""
[2.617s] -- Installing: /home/jazmin/auto_suture/install/auto_suture_interfaces/lib/python3.12/site-packages/auto_suture_interfaces/auto_suture_interfaces_s__rosidl_typesupport_introspection_c.so
[2.617s] -- Set non-toolchain portion of runtime path of "/home/jazmin/auto_suture/install/auto_suture_interfaces/lib/python3.12/site-packages/auto_suture_interfaces/auto_suture_interfaces_s__rosidl_typesupport_introspection_c.so" to ""
[2.617s] -- Installing: /home/jazmin/auto_suture/install/auto_suture_interfaces/lib/python3.12/site-packages/auto_suture_interfaces/auto_suture_interfaces_s__rosidl_typesupport_c.so
[2.618s] -- Set non-toolchain portion of runtime path of "/home/jazmin/auto_suture/install/auto_suture_interfaces/lib/python3.12/site-packages/auto_suture_interfaces/auto_suture_interfaces_s__rosidl_typesupport_c.so" to ""
[2.618s] -- Installing: /home/jazmin/auto_suture/install/auto_suture_interfaces/lib/libauto_suture_interfaces__rosidl_generator_py.so
[2.618s] -- Set non-toolchain portion of runtime path of "/home/jazmin/auto_suture/install/auto_suture_interfaces/lib/libauto_suture_interfaces__rosidl_generator_py.so" to ""
[2.618s] -- Up-to-date: /home/jazmin/auto_suture/install/auto_suture_interfaces/share/ament_index/resource_index/rust_packages/auto_suture_interfaces
[2.618s] -- Up-to-date: /home/jazmin/auto_suture/install/auto_suture_interfaces/share/auto_suture_interfaces/rust
[2.618s] -- Installing: /home/jazmin/auto_suture/install/auto_suture_interfaces/share/auto_suture_interfaces/rust/build.rs
[2.619s] -- Up-to-date: /home/jazmin/auto_suture/install/auto_suture_interfaces/share/auto_suture_interfaces/rust/src
[2.619s] -- Up-to-date: /home/jazmin/auto_suture/install/auto_suture_interfaces/share/auto_suture_interfaces/rust/src/srv
[2.619s] -- Installing: /home/jazmin/auto_suture/install/auto_suture_interfaces/share/auto_suture_interfaces/rust/src/srv/rmw.rs
[2.619s] -- Installing: /home/jazmin/auto_suture/install/auto_suture_interfaces/share/auto_suture_interfaces/rust/src/srv.rs
[2.619s] -- Installing: /home/jazmin/auto_suture/install/auto_suture_interfaces/share/auto_suture_interfaces/rust/src/lib.rs
[2.619s] -- Installing: /home/jazmin/auto_suture/install/auto_suture_interfaces/share/auto_suture_interfaces/rust/Cargo.toml
[2.619s] -- Installing: /home/jazmin/auto_suture/install/auto_suture_interfaces/share/auto_suture_interfaces/srv/FindGraspPose.idl
[2.619s] -- Installing: /home/jazmin/auto_suture/install/auto_suture_interfaces/share/auto_suture_interfaces/srv/FindGraspPose.srv
[2.619s] -- Up-to-date: /home/jazmin/auto_suture/install/auto_suture_interfaces/share/ament_index/resource_index/package_run_dependencies/auto_suture_interfaces
[2.619s] -- Up-to-date: /home/jazmin/auto_suture/install/auto_suture_interfaces/share/ament_index/resource_index/parent_prefix_path/auto_suture_interfaces
[2.619s] -- Up-to-date: /home/jazmin/auto_suture/install/auto_suture_interfaces/share/auto_suture_interfaces/environment/ament_prefix_path.sh
[2.619s] -- Up-to-date: /home/jazmin/auto_suture/install/auto_suture_interfaces/share/auto_suture_interfaces/environment/ament_prefix_path.dsv
[2.619s] -- Up-to-date: /home/jazmin/auto_suture/install/auto_suture_interfaces/share/auto_suture_interfaces/environment/path.sh
[2.619s] -- Up-to-date: /home/jazmin/auto_suture/install/auto_suture_interfaces/share/auto_suture_interfaces/environment/path.dsv
[2.619s] -- Up-to-date: /home/jazmin/auto_suture/install/auto_suture_interfaces/share/auto_suture_interfaces/local_setup.bash
[2.619s] -- Up-to-date: /home/jazmin/auto_suture/install/auto_suture_interfaces/share/auto_suture_interfaces/local_setup.sh
[2.619s] -- Up-to-date: /home/jazmin/auto_suture/install/auto_suture_interfaces/share/auto_suture_interfaces/local_setup.zsh
[2.619s] -- Up-to-date: /home/jazmin/auto_suture/install/auto_suture_interfaces/share/auto_suture_interfaces/local_setup.dsv
[2.620s] -- Installing: /home/jazmin/auto_suture/install/auto_suture_interfaces/share/auto_suture_interfaces/package.dsv
[2.620s] -- Up-to-date: /home/jazmin/auto_suture/install/auto_suture_interfaces/share/ament_index/resource_index/packages/auto_suture_interfaces
[2.620s] -- Up-to-date: /home/jazmin/auto_suture/install/auto_suture_interfaces/share/auto_suture_interfaces/cmake/export_auto_suture_interfaces__rosidl_generator_cExport.cmake
[2.620s] -- Up-to-date: /home/jazmin/auto_suture/install/auto_suture_interfaces/share/auto_suture_interfaces/cmake/export_auto_suture_interfaces__rosidl_generator_cExport-noconfig.cmake
[2.620s] -- Up-to-date: /home/jazmin/auto_suture/install/auto_suture_interfaces/share/auto_suture_interfaces/cmake/export_auto_suture_interfaces__rosidl_typesupport_fastrtps_cExport.cmake
[2.620s] -- Up-to-date: /home/jazmin/auto_suture/install/auto_suture_interfaces/share/auto_suture_interfaces/cmake/export_auto_suture_interfaces__rosidl_typesupport_fastrtps_cExport-noconfig.cmake
[2.620s] -- Up-to-date: /home/jazmin/auto_suture/install/auto_suture_interfaces/share/auto_suture_interfaces/cmake/auto_suture_interfaces__rosidl_typesupport_introspection_cExport.cmake
[2.620s] -- Up-to-date: /home/jazmin/auto_suture/install/auto_suture_interfaces/share/auto_suture_interfaces/cmake/auto_suture_interfaces__rosidl_typesupport_introspection_cExport-noconfig.cmake
[2.620s] -- Up-to-date: /home/jazmin/auto_suture/install/auto_suture_interfaces/share/auto_suture_interfaces/cmake/auto_suture_interfaces__rosidl_typesupport_cExport.cmake
[2.620s] -- Up-to-date: /home/jazmin/auto_suture/install/auto_suture_interfaces/share/auto_suture_interfaces/cmake/auto_suture_interfaces__rosidl_typesupport_cExport-noconfig.cmake
[2.620s] -- Up-to-date: /home/jazmin/auto_suture/install/auto_suture_interfaces/share/auto_suture_interfaces/cmake/export_auto_suture_interfaces__rosidl_generator_cppExport.cmake
[2.620s] -- Up-to-date: /home/jazmin/auto_suture/install/auto_suture_interfaces/share/auto_suture_interfaces/cmake/export_auto_suture_interfaces__rosidl_typesupport_fastrtps_cppExport.cmake
[2.620s] -- Up-to-date: /home/jazmin/auto_suture/install/auto_suture_interfaces/share/auto_suture_interfaces/cmake/export_auto_suture_interfaces__rosidl_typesupport_fastrtps_cppExport-noconfig.cmake
[2.620s] -- Up-to-date: /home/jazmin/auto_suture/install/auto_suture_interfaces/share/auto_suture_interfaces/cmake/auto_suture_interfaces__rosidl_typesupport_introspection_cppExport.cmake
[2.620s] -- Up-to-date: /home/jazmin/auto_suture/install/auto_suture_interfaces/share/auto_suture_interfaces/cmake/auto_suture_interfaces__rosidl_typesupport_introspection_cppExport-noconfig.cmake
[2.620s] -- Up-to-date: /home/jazmin/auto_suture/install/auto_suture_interfaces/share/auto_suture_interfaces/cmake/auto_suture_interfaces__rosidl_typesupport_cppExport.cmake
[2.620s] -- Up-to-date: /home/jazmin/auto_suture/install/auto_suture_interfaces/share/auto_suture_interfaces/cmake/auto_suture_interfaces__rosidl_typesupport_cppExport-noconfig.cmake
[2.620s] -- Up-to-date: /home/jazmin/auto_suture/install/auto_suture_interfaces/share/auto_suture_interfaces/cmake/export_auto_suture_interfaces__rosidl_generator_pyExport.cmake
[2.620s] -- Up-to-date: /home/jazmin/auto_suture/install/auto_suture_interfaces/share/auto_suture_interfaces/cmake/export_auto_suture_interfaces__rosidl_generator_pyExport-noconfig.cmake
[2.620s] -- Installing: /home/jazmin/auto_suture/install/auto_suture_interfaces/share/auto_suture_interfaces/cmake/rosidl_cmake-extras.cmake
[2.620s] -- Up-to-date: /home/jazmin/auto_suture/install/auto_suture_interfaces/share/auto_suture_interfaces/cmake/ament_cmake_export_dependencies-extras.cmake
[2.620s] -- Up-to-date: /home/jazmin/auto_suture/install/auto_suture_interfaces/share/auto_suture_interfaces/cmake/ament_cmake_export_include_directories-extras.cmake
[2.621s] -- Up-to-date: /home/jazmin/auto_suture/install/auto_suture_interfaces/share/auto_suture_interfaces/cmake/ament_cmake_export_libraries-extras.cmake
[2.621s] -- Up-to-date: /home/jazmin/auto_suture/install/auto_suture_interfaces/share/auto_suture_interfaces/cmake/ament_cmake_export_targets-extras.cmake
[2.621s] -- Up-to-date: /home/jazmin/auto_suture/install/auto_suture_interfaces/share/auto_suture_interfaces/cmake/rosidl_cmake_export_typesupport_targets-extras.cmake
[2.621s] -- Up-to-date: /home/jazmin/auto_suture/install/auto_suture_interfaces/share/auto_suture_interfaces/cmake/rosidl_cmake_export_typesupport_libraries-extras.cmake
[2.621s] -- Up-to-date: /home/jazmin/auto_suture/install/auto_suture_interfaces/share/auto_suture_interfaces/cmake/rosidl_cmake_aggregate_target-extras.cmake
[2.621s] -- Up-to-date: /home/jazmin/auto_suture/install/auto_suture_interfaces/share/auto_suture_interfaces/cmake/auto_suture_interfacesConfig.cmake
[2.621s] -- Up-to-date: /home/jazmin/auto_suture/install/auto_suture_interfaces/share/auto_suture_interfaces/cmake/auto_suture_interfacesConfig-version.cmake
[2.621s] -- Up-to-date: /home/jazmin/auto_suture/install/auto_suture_interfaces/share/auto_suture_interfaces/package.xml
[2.623s] Invoked command in '/home/jazmin/auto_suture/build/auto_suture_interfaces' returned '0': CMAKE_PREFIX_PATH=${CMAKE_PREFIX_PATH}:/home/jazmin/auto_suture/install/auto_suture:/opt/ros/jazzy DEBUGINFOD_URLS=https://debuginfod.ubuntu.com /usr/bin/cmake --install /home/jazmin/auto_suture/build/auto_suture_interfaces
