[0.021s] Invoking command in '/home/jazmin/auto_suture/build/auto_suture_interfaces': CMAKE_PREFIX_PATH=${CMAKE_PREFIX_PATH}:/home/jazmin/auto_suture/install/auto_suture:/opt/ros/jazzy DEBUGINFOD_URLS=https://debuginfod.ubuntu.com /usr/bin/cmake --build /home/jazmin/auto_suture/build/auto_suture_interfaces -- -j16 -l16
[0.076s] [  5%] Built target auto_suture_interfaces__rs
[0.076s] [  5%] Built target auto_suture_interfaces__rosidl_generator_type_description
[0.106s] [  5%] Built target ament_cmake_python_copy_auto_suture_interfaces
[0.171s] [  8%] Built target auto_suture_interfaces__cpp
[0.174s] [ 22%] Built target auto_suture_interfaces__rosidl_generator_c
[0.225s] [ 71%] Built target auto_suture_interfaces__rosidl_typesupport_cpp
[0.225s] [ 71%] Built target auto_suture_interfaces__rosidl_typesupport_fastrtps_cpp
[0.225s] [ 71%] Built target auto_suture_interfaces__rosidl_typesupport_c
[0.225s] [ 74%] Built target auto_suture_interfaces__rosidl_typesupport_introspection_c
[0.225s] [ 74%] Built target auto_suture_interfaces__rosidl_typesupport_fastrtps_c
[0.225s] [ 74%] Built target auto_suture_interfaces__rosidl_typesupport_introspection_cpp
[0.289s] [ 74%] Built target auto_suture_interfaces
[0.332s] [ 77%] Built target auto_suture_interfaces__py
[0.354s] [ 82%] Built target auto_suture_interfaces__rosidl_generator_py
[0.383s] [ 97%] Built target auto_suture_interfaces_s__rosidl_typesupport_introspection_c
[0.384s] [ 97%] Built target auto_suture_interfaces_s__rosidl_typesupport_c
[0.384s] [100%] Built target auto_suture_interfaces_s__rosidl_typesupport_fastrtps_c
[0.406s] running egg_info
[0.415s] writing auto_suture_interfaces.egg-info/PKG-INFO
[0.416s] writing dependency_links to auto_suture_interfaces.egg-info/dependency_links.txt
[0.416s] writing top-level names to auto_suture_interfaces.egg-info/top_level.txt
[0.441s] reading manifest file 'auto_suture_interfaces.egg-info/SOURCES.txt'
[0.441s] writing manifest file 'auto_suture_interfaces.egg-info/SOURCES.txt'
[0.461s] [100%] Built target ament_cmake_python_build_auto_suture_interfaces_egg
[0.471s] Invoked command in '/home/jazmin/auto_suture/build/auto_suture_interfaces' returned '0': CMAKE_PREFIX_PATH=${CMAKE_PREFIX_PATH}:/home/jazmin/auto_suture/install/auto_suture:/opt/ros/jazzy DEBUGINFOD_URLS=https://debuginfod.ubuntu.com /usr/bin/cmake --build /home/jazmin/auto_suture/build/auto_suture_interfaces -- -j16 -l16
[0.491s] Invoking command in '/home/jazmin/auto_suture/build/auto_suture_interfaces': CMAKE_PREFIX_PATH=${CMAKE_PREFIX_PATH}:/home/jazmin/auto_suture/install/auto_suture:/opt/ros/jazzy DEBUGINFOD_URLS=https://debuginfod.ubuntu.com /usr/bin/cmake --install /home/jazmin/auto_suture/build/auto_suture_interfaces
[0.496s] -- Install configuration: ""
[0.496s] -- Up-to-date: /home/jazmin/auto_suture/install/auto_suture_interfaces/share/ament_index/resource_index/rosidl_interfaces/auto_suture_interfaces
[0.497s] -- Up-to-date: /home/jazmin/auto_suture/install/auto_suture_interfaces/share/auto_suture_interfaces/srv/FindGraspPose.json
[0.497s] -- Up-to-date: /home/jazmin/auto_suture/install/auto_suture_interfaces/include/auto_suture_interfaces/auto_suture_interfaces
[0.497s] -- Up-to-date: /home/jazmin/auto_suture/install/auto_suture_interfaces/include/auto_suture_interfaces/auto_suture_interfaces/srv
[0.497s] -- Up-to-date: /home/jazmin/auto_suture/install/auto_suture_interfaces/include/auto_suture_interfaces/auto_suture_interfaces/srv/detail
[0.497s] -- Up-to-date: /home/jazmin/auto_suture/install/auto_suture_interfaces/include/auto_suture_interfaces/auto_suture_interfaces/srv/detail/find_grasp_position__description.c
[0.497s] -- Up-to-date: /home/jazmin/auto_suture/install/auto_suture_interfaces/include/auto_suture_interfaces/auto_suture_interfaces/srv/detail/find_grasp_position__functions.c
[0.497s] -- Up-to-date: /home/jazmin/auto_suture/install/auto_suture_interfaces/include/auto_suture_interfaces/auto_suture_interfaces/srv/detail/find_grasp_position__struct.h
[0.497s] -- Up-to-date: /home/jazmin/auto_suture/install/auto_suture_interfaces/include/auto_suture_interfaces/auto_suture_interfaces/srv/detail/find_grasp_pose__functions.c
[0.499s] -- Up-to-date: /home/jazmin/auto_suture/install/auto_suture_interfaces/include/auto_suture_interfaces/auto_suture_interfaces/srv/detail/find_grasp_position__type_support.h
[0.501s] -- Up-to-date: /home/jazmin/auto_suture/install/auto_suture_interfaces/include/auto_suture_interfaces/auto_suture_interfaces/srv/detail/find_grasp_pose__type_support.c
[0.503s] -- Up-to-date: /home/jazmin/auto_suture/install/auto_suture_interfaces/include/auto_suture_interfaces/auto_suture_interfaces/srv/detail/find_grasp_pose__description.c
[0.508s] -- Up-to-date: /home/jazmin/auto_suture/install/auto_suture_interfaces/include/auto_suture_interfaces/auto_suture_interfaces/srv/detail/find_grasp_pose__struct.h
[0.509s] -- Up-to-date: /home/jazmin/auto_suture/install/auto_suture_interfaces/include/auto_suture_interfaces/auto_suture_interfaces/srv/detail/find_grasp_pose__functions.h
[0.509s] -- Up-to-date: /home/jazmin/auto_suture/install/auto_suture_interfaces/include/auto_suture_interfaces/auto_suture_interfaces/srv/detail/find_grasp_position__type_support.c
[0.509s] -- Up-to-date: /home/jazmin/auto_suture/install/auto_suture_interfaces/include/auto_suture_interfaces/auto_suture_interfaces/srv/detail/find_grasp_position__functions.h
[0.509s] -- Up-to-date: /home/jazmin/auto_suture/install/auto_suture_interfaces/include/auto_suture_interfaces/auto_suture_interfaces/srv/detail/find_grasp_pose__type_support.h
[0.509s] -- Up-to-date: /home/jazmin/auto_suture/install/auto_suture_interfaces/include/auto_suture_interfaces/auto_suture_interfaces/srv/find_grasp_pose.h
[0.509s] -- Up-to-date: /home/jazmin/auto_suture/install/auto_suture_interfaces/include/auto_suture_interfaces/auto_suture_interfaces/srv/find_grasp_position.h
[0.509s] -- Up-to-date: /home/jazmin/auto_suture/install/auto_suture_interfaces/include/auto_suture_interfaces/auto_suture_interfaces/msg
[0.509s] -- Up-to-date: /home/jazmin/auto_suture/install/auto_suture_interfaces/include/auto_suture_interfaces/auto_suture_interfaces/msg/rosidl_generator_c__visibility_control.h
[0.509s] -- Up-to-date: /home/jazmin/auto_suture/install/auto_suture_interfaces/share/auto_suture_interfaces/environment/library_path.sh
[0.509s] -- Up-to-date: /home/jazmin/auto_suture/install/auto_suture_interfaces/share/auto_suture_interfaces/environment/library_path.dsv
[0.509s] -- Up-to-date: /home/jazmin/auto_suture/install/auto_suture_interfaces/lib/libauto_suture_interfaces__rosidl_generator_c.so
[0.509s] -- Up-to-date: /home/jazmin/auto_suture/install/auto_suture_interfaces/include/auto_suture_interfaces/auto_suture_interfaces
[0.509s] -- Up-to-date: /home/jazmin/auto_suture/install/auto_suture_interfaces/include/auto_suture_interfaces/auto_suture_interfaces/srv
[0.509s] -- Up-to-date: /home/jazmin/auto_suture/install/auto_suture_interfaces/include/auto_suture_interfaces/auto_suture_interfaces/srv/detail
[0.509s] -- Up-to-date: /home/jazmin/auto_suture/install/auto_suture_interfaces/include/auto_suture_interfaces/auto_suture_interfaces/srv/detail/find_grasp_position__rosidl_typesupport_fastrtps_c.h
[0.509s] -- Up-to-date: /home/jazmin/auto_suture/install/auto_suture_interfaces/include/auto_suture_interfaces/auto_suture_interfaces/srv/detail/find_grasp_pose__rosidl_typesupport_fastrtps_c.h
[0.510s] -- Up-to-date: /home/jazmin/auto_suture/install/auto_suture_interfaces/include/auto_suture_interfaces/auto_suture_interfaces/msg
[0.511s] -- Up-to-date: /home/jazmin/auto_suture/install/auto_suture_interfaces/include/auto_suture_interfaces/auto_suture_interfaces/msg/rosidl_typesupport_fastrtps_c__visibility_control.h
[0.511s] -- Up-to-date: /home/jazmin/auto_suture/install/auto_suture_interfaces/lib/libauto_suture_interfaces__rosidl_typesupport_fastrtps_c.so
[0.511s] -- Up-to-date: /home/jazmin/auto_suture/install/auto_suture_interfaces/include/auto_suture_interfaces/auto_suture_interfaces
[0.511s] -- Up-to-date: /home/jazmin/auto_suture/install/auto_suture_interfaces/include/auto_suture_interfaces/auto_suture_interfaces/srv
[0.511s] -- Up-to-date: /home/jazmin/auto_suture/install/auto_suture_interfaces/include/auto_suture_interfaces/auto_suture_interfaces/srv/detail
[0.513s] -- Up-to-date: /home/jazmin/auto_suture/install/auto_suture_interfaces/include/auto_suture_interfaces/auto_suture_interfaces/srv/detail/find_grasp_pose__type_support.c
[0.516s] -- Up-to-date: /home/jazmin/auto_suture/install/auto_suture_interfaces/include/auto_suture_interfaces/auto_suture_interfaces/srv/detail/find_grasp_pose__rosidl_typesupport_introspection_c.h
[0.519s] -- Up-to-date: /home/jazmin/auto_suture/install/auto_suture_interfaces/include/auto_suture_interfaces/auto_suture_interfaces/srv/detail/find_grasp_position__rosidl_typesupport_introspection_c.h
[0.521s] -- Up-to-date: /home/jazmin/auto_suture/install/auto_suture_interfaces/include/auto_suture_interfaces/auto_suture_interfaces/srv/detail/find_grasp_position__type_support.c
[0.522s] -- Up-to-date: /home/jazmin/auto_suture/install/auto_suture_interfaces/include/auto_suture_interfaces/auto_suture_interfaces/msg
[0.522s] -- Up-to-date: /home/jazmin/auto_suture/install/auto_suture_interfaces/include/auto_suture_interfaces/auto_suture_interfaces/msg/rosidl_typesupport_introspection_c__visibility_control.h
[0.522s] -- Up-to-date: /home/jazmin/auto_suture/install/auto_suture_interfaces/lib/libauto_suture_interfaces__rosidl_typesupport_introspection_c.so
[0.522s] -- Up-to-date: /home/jazmin/auto_suture/install/auto_suture_interfaces/lib/libauto_suture_interfaces__rosidl_typesupport_c.so
[0.522s] -- Up-to-date: /home/jazmin/auto_suture/install/auto_suture_interfaces/include/auto_suture_interfaces/auto_suture_interfaces
[0.522s] -- Up-to-date: /home/jazmin/auto_suture/install/auto_suture_interfaces/include/auto_suture_interfaces/auto_suture_interfaces/srv
[0.522s] -- Up-to-date: /home/jazmin/auto_suture/install/auto_suture_interfaces/include/auto_suture_interfaces/auto_suture_interfaces/srv/find_grasp_pose.hpp
[0.522s] -- Up-to-date: /home/jazmin/auto_suture/install/auto_suture_interfaces/include/auto_suture_interfaces/auto_suture_interfaces/srv/detail
[0.522s] -- Up-to-date: /home/jazmin/auto_suture/install/auto_suture_interfaces/include/auto_suture_interfaces/auto_suture_interfaces/srv/detail/find_grasp_pose__struct.hpp
[0.522s] -- Up-to-date: /home/jazmin/auto_suture/install/auto_suture_interfaces/include/auto_suture_interfaces/auto_suture_interfaces/srv/detail/find_grasp_position__type_support.hpp
[0.522s] -- Up-to-date: /home/jazmin/auto_suture/install/auto_suture_interfaces/include/auto_suture_interfaces/auto_suture_interfaces/srv/detail/find_grasp_position__traits.hpp
[0.522s] -- Up-to-date: /home/jazmin/auto_suture/install/auto_suture_interfaces/include/auto_suture_interfaces/auto_suture_interfaces/srv/detail/find_grasp_pose__type_support.hpp
[0.522s] -- Up-to-date: /home/jazmin/auto_suture/install/auto_suture_interfaces/include/auto_suture_interfaces/auto_suture_interfaces/srv/detail/find_grasp_pose__builder.hpp
[0.522s] -- Up-to-date: /home/jazmin/auto_suture/install/auto_suture_interfaces/include/auto_suture_interfaces/auto_suture_interfaces/srv/detail/find_grasp_pose__traits.hpp
[0.523s] -- Up-to-date: /home/jazmin/auto_suture/install/auto_suture_interfaces/include/auto_suture_interfaces/auto_suture_interfaces/srv/detail/find_grasp_position__builder.hpp
[0.523s] -- Up-to-date: /home/jazmin/auto_suture/install/auto_suture_interfaces/include/auto_suture_interfaces/auto_suture_interfaces/srv/detail/find_grasp_position__struct.hpp
[0.523s] -- Up-to-date: /home/jazmin/auto_suture/install/auto_suture_interfaces/include/auto_suture_interfaces/auto_suture_interfaces/srv/find_grasp_position.hpp
[0.523s] -- Up-to-date: /home/jazmin/auto_suture/install/auto_suture_interfaces/include/auto_suture_interfaces/auto_suture_interfaces/msg
[0.523s] -- Up-to-date: /home/jazmin/auto_suture/install/auto_suture_interfaces/include/auto_suture_interfaces/auto_suture_interfaces/msg/rosidl_generator_cpp__visibility_control.hpp
[0.523s] -- Up-to-date: /home/jazmin/auto_suture/install/auto_suture_interfaces/include/auto_suture_interfaces/auto_suture_interfaces
[0.523s] -- Up-to-date: /home/jazmin/auto_suture/install/auto_suture_interfaces/include/auto_suture_interfaces/auto_suture_interfaces/srv
[0.523s] -- Up-to-date: /home/jazmin/auto_suture/install/auto_suture_interfaces/include/auto_suture_interfaces/auto_suture_interfaces/srv/detail
[0.523s] -- Up-to-date: /home/jazmin/auto_suture/install/auto_suture_interfaces/include/auto_suture_interfaces/auto_suture_interfaces/srv/detail/dds_fastrtps
[0.523s] -- Up-to-date: /home/jazmin/auto_suture/install/auto_suture_interfaces/include/auto_suture_interfaces/auto_suture_interfaces/srv/detail/find_grasp_position__rosidl_typesupport_fastrtps_cpp.hpp
[0.523s] -- Up-to-date: /home/jazmin/auto_suture/install/auto_suture_interfaces/include/auto_suture_interfaces/auto_suture_interfaces/srv/detail/find_grasp_pose__rosidl_typesupport_fastrtps_cpp.hpp
[0.523s] -- Up-to-date: /home/jazmin/auto_suture/install/auto_suture_interfaces/include/auto_suture_interfaces/auto_suture_interfaces/msg
[0.523s] -- Up-to-date: /home/jazmin/auto_suture/install/auto_suture_interfaces/include/auto_suture_interfaces/auto_suture_interfaces/msg/rosidl_typesupport_fastrtps_cpp__visibility_control.h
[0.523s] -- Up-to-date: /home/jazmin/auto_suture/install/auto_suture_interfaces/lib/libauto_suture_interfaces__rosidl_typesupport_fastrtps_cpp.so
[0.523s] -- Up-to-date: /home/jazmin/auto_suture/install/auto_suture_interfaces/include/auto_suture_interfaces/auto_suture_interfaces
[0.523s] -- Up-to-date: /home/jazmin/auto_suture/install/auto_suture_interfaces/include/auto_suture_interfaces/auto_suture_interfaces/srv
[0.523s] -- Up-to-date: /home/jazmin/auto_suture/install/auto_suture_interfaces/include/auto_suture_interfaces/auto_suture_interfaces/srv/detail
[0.523s] -- Up-to-date: /home/jazmin/auto_suture/install/auto_suture_interfaces/include/auto_suture_interfaces/auto_suture_interfaces/srv/detail/find_grasp_pose__rosidl_typesupport_introspection_cpp.hpp
[0.523s] -- Up-to-date: /home/jazmin/auto_suture/install/auto_suture_interfaces/include/auto_suture_interfaces/auto_suture_interfaces/srv/detail/find_grasp_pose__type_support.cpp
[0.523s] -- Up-to-date: /home/jazmin/auto_suture/install/auto_suture_interfaces/include/auto_suture_interfaces/auto_suture_interfaces/srv/detail/find_grasp_position__rosidl_typesupport_introspection_cpp.hpp
[0.523s] -- Up-to-date: /home/jazmin/auto_suture/install/auto_suture_interfaces/include/auto_suture_interfaces/auto_suture_interfaces/srv/detail/find_grasp_position__type_support.cpp
[0.523s] -- Up-to-date: /home/jazmin/auto_suture/install/auto_suture_interfaces/lib/libauto_suture_interfaces__rosidl_typesupport_introspection_cpp.so
[0.523s] -- Up-to-date: /home/jazmin/auto_suture/install/auto_suture_interfaces/lib/libauto_suture_interfaces__rosidl_typesupport_cpp.so
[0.523s] -- Up-to-date: /home/jazmin/auto_suture/install/auto_suture_interfaces/share/auto_suture_interfaces/environment/pythonpath.sh
[0.523s] -- Up-to-date: /home/jazmin/auto_suture/install/auto_suture_interfaces/share/auto_suture_interfaces/environment/pythonpath.dsv
[0.524s] -- Up-to-date: /home/jazmin/auto_suture/install/auto_suture_interfaces/lib/python3.12/site-packages/auto_suture_interfaces-0.0.0-py3.12.egg-info
[0.524s] -- Installing: /home/jazmin/auto_suture/install/auto_suture_interfaces/lib/python3.12/site-packages/auto_suture_interfaces-0.0.0-py3.12.egg-info/dependency_links.txt
[0.524s] -- Installing: /home/jazmin/auto_suture/install/auto_suture_interfaces/lib/python3.12/site-packages/auto_suture_interfaces-0.0.0-py3.12.egg-info/PKG-INFO
[0.524s] -- Installing: /home/jazmin/auto_suture/install/auto_suture_interfaces/lib/python3.12/site-packages/auto_suture_interfaces-0.0.0-py3.12.egg-info/top_level.txt
[0.524s] -- Installing: /home/jazmin/auto_suture/install/auto_suture_interfaces/lib/python3.12/site-packages/auto_suture_interfaces-0.0.0-py3.12.egg-info/SOURCES.txt
[0.524s] -- Up-to-date: /home/jazmin/auto_suture/install/auto_suture_interfaces/lib/python3.12/site-packages/auto_suture_interfaces
[0.524s] -- Up-to-date: /home/jazmin/auto_suture/install/auto_suture_interfaces/lib/python3.12/site-packages/auto_suture_interfaces/srv
[0.524s] -- Up-to-date: /home/jazmin/auto_suture/install/auto_suture_interfaces/lib/python3.12/site-packages/auto_suture_interfaces/srv/_find_grasp_position_s.c
[0.524s] -- Up-to-date: /home/jazmin/auto_suture/install/auto_suture_interfaces/lib/python3.12/site-packages/auto_suture_interfaces/srv/__init__.py
[0.524s] -- Up-to-date: /home/jazmin/auto_suture/install/auto_suture_interfaces/lib/python3.12/site-packages/auto_suture_interfaces/srv/_find_grasp_pose_s.c
[0.524s] -- Up-to-date: /home/jazmin/auto_suture/install/auto_suture_interfaces/lib/python3.12/site-packages/auto_suture_interfaces/srv/_find_grasp_pose.py
[0.524s] -- Up-to-date: /home/jazmin/auto_suture/install/auto_suture_interfaces/lib/python3.12/site-packages/auto_suture_interfaces/srv/_find_grasp_position.py
[0.524s] -- Up-to-date: /home/jazmin/auto_suture/install/auto_suture_interfaces/lib/python3.12/site-packages/auto_suture_interfaces/auto_suture_interfaces_s__rosidl_typesupport_introspection_c.so
[0.524s] -- Up-to-date: /home/jazmin/auto_suture/install/auto_suture_interfaces/lib/python3.12/site-packages/auto_suture_interfaces/__init__.py
[0.524s] -- Up-to-date: /home/jazmin/auto_suture/install/auto_suture_interfaces/lib/python3.12/site-packages/auto_suture_interfaces/_auto_suture_interfaces_s.ep.rosidl_typesupport_fastrtps_c.c
[0.524s] -- Up-to-date: /home/jazmin/auto_suture/install/auto_suture_interfaces/lib/python3.12/site-packages/auto_suture_interfaces/_auto_suture_interfaces_s.ep.rosidl_typesupport_c.c
[0.524s] -- Up-to-date: /home/jazmin/auto_suture/install/auto_suture_interfaces/lib/python3.12/site-packages/auto_suture_interfaces/_auto_suture_interfaces_s.ep.rosidl_typesupport_introspection_c.c
[0.524s] -- Up-to-date: /home/jazmin/auto_suture/install/auto_suture_interfaces/lib/python3.12/site-packages/auto_suture_interfaces/auto_suture_interfaces_s__rosidl_typesupport_c.so
[0.524s] -- Up-to-date: /home/jazmin/auto_suture/install/auto_suture_interfaces/lib/python3.12/site-packages/auto_suture_interfaces/auto_suture_interfaces_s__rosidl_typesupport_fastrtps_c.so
[0.558s] Listing '/home/jazmin/auto_suture/install/auto_suture_interfaces/lib/python3.12/site-packages/auto_suture_interfaces'...
[0.558s] Listing '/home/jazmin/auto_suture/install/auto_suture_interfaces/lib/python3.12/site-packages/auto_suture_interfaces/srv'...
[0.561s] -- Up-to-date: /home/jazmin/auto_suture/install/auto_suture_interfaces/lib/python3.12/site-packages/auto_suture_interfaces/auto_suture_interfaces_s__rosidl_typesupport_fastrtps_c.so
[0.562s] -- Up-to-date: /home/jazmin/auto_suture/install/auto_suture_interfaces/lib/python3.12/site-packages/auto_suture_interfaces/auto_suture_interfaces_s__rosidl_typesupport_introspection_c.so
[0.562s] -- Up-to-date: /home/jazmin/auto_suture/install/auto_suture_interfaces/lib/python3.12/site-packages/auto_suture_interfaces/auto_suture_interfaces_s__rosidl_typesupport_c.so
[0.562s] -- Up-to-date: /home/jazmin/auto_suture/install/auto_suture_interfaces/lib/libauto_suture_interfaces__rosidl_generator_py.so
[0.563s] -- Up-to-date: /home/jazmin/auto_suture/install/auto_suture_interfaces/share/ament_index/resource_index/rust_packages/auto_suture_interfaces
[0.563s] -- Up-to-date: /home/jazmin/auto_suture/install/auto_suture_interfaces/share/auto_suture_interfaces/rust
[0.563s] -- Up-to-date: /home/jazmin/auto_suture/install/auto_suture_interfaces/share/auto_suture_interfaces/rust/build.rs
[0.563s] -- Up-to-date: /home/jazmin/auto_suture/install/auto_suture_interfaces/share/auto_suture_interfaces/rust/src
[0.563s] -- Up-to-date: /home/jazmin/auto_suture/install/auto_suture_interfaces/share/auto_suture_interfaces/rust/src/srv
[0.563s] -- Up-to-date: /home/jazmin/auto_suture/install/auto_suture_interfaces/share/auto_suture_interfaces/rust/src/srv/rmw.rs
[0.563s] -- Up-to-date: /home/jazmin/auto_suture/install/auto_suture_interfaces/share/auto_suture_interfaces/rust/src/srv.rs
[0.563s] -- Up-to-date: /home/jazmin/auto_suture/install/auto_suture_interfaces/share/auto_suture_interfaces/rust/src/lib.rs
[0.563s] -- Up-to-date: /home/jazmin/auto_suture/install/auto_suture_interfaces/share/auto_suture_interfaces/rust/Cargo.toml
[0.563s] -- Up-to-date: /home/jazmin/auto_suture/install/auto_suture_interfaces/share/auto_suture_interfaces/srv/FindGraspPose.idl
[0.563s] -- Up-to-date: /home/jazmin/auto_suture/install/auto_suture_interfaces/share/auto_suture_interfaces/srv/FindGraspPose.srv
[0.563s] -- Up-to-date: /home/jazmin/auto_suture/install/auto_suture_interfaces/share/ament_index/resource_index/package_run_dependencies/auto_suture_interfaces
[0.563s] -- Up-to-date: /home/jazmin/auto_suture/install/auto_suture_interfaces/share/ament_index/resource_index/parent_prefix_path/auto_suture_interfaces
[0.563s] -- Up-to-date: /home/jazmin/auto_suture/install/auto_suture_interfaces/share/auto_suture_interfaces/environment/ament_prefix_path.sh
[0.563s] -- Up-to-date: /home/jazmin/auto_suture/install/auto_suture_interfaces/share/auto_suture_interfaces/environment/ament_prefix_path.dsv
[0.563s] -- Up-to-date: /home/jazmin/auto_suture/install/auto_suture_interfaces/share/auto_suture_interfaces/environment/path.sh
[0.563s] -- Up-to-date: /home/jazmin/auto_suture/install/auto_suture_interfaces/share/auto_suture_interfaces/environment/path.dsv
[0.564s] -- Up-to-date: /home/jazmin/auto_suture/install/auto_suture_interfaces/share/auto_suture_interfaces/local_setup.bash
[0.564s] -- Up-to-date: /home/jazmin/auto_suture/install/auto_suture_interfaces/share/auto_suture_interfaces/local_setup.sh
[0.564s] -- Up-to-date: /home/jazmin/auto_suture/install/auto_suture_interfaces/share/auto_suture_interfaces/local_setup.zsh
[0.564s] -- Up-to-date: /home/jazmin/auto_suture/install/auto_suture_interfaces/share/auto_suture_interfaces/local_setup.dsv
[0.564s] -- Installing: /home/jazmin/auto_suture/install/auto_suture_interfaces/share/auto_suture_interfaces/package.dsv
[0.564s] -- Up-to-date: /home/jazmin/auto_suture/install/auto_suture_interfaces/share/ament_index/resource_index/packages/auto_suture_interfaces
[0.564s] -- Up-to-date: /home/jazmin/auto_suture/install/auto_suture_interfaces/share/auto_suture_interfaces/cmake/export_auto_suture_interfaces__rosidl_generator_cExport.cmake
[0.564s] -- Up-to-date: /home/jazmin/auto_suture/install/auto_suture_interfaces/share/auto_suture_interfaces/cmake/export_auto_suture_interfaces__rosidl_generator_cExport-noconfig.cmake
[0.564s] -- Up-to-date: /home/jazmin/auto_suture/install/auto_suture_interfaces/share/auto_suture_interfaces/cmake/export_auto_suture_interfaces__rosidl_typesupport_fastrtps_cExport.cmake
[0.564s] -- Up-to-date: /home/jazmin/auto_suture/install/auto_suture_interfaces/share/auto_suture_interfaces/cmake/export_auto_suture_interfaces__rosidl_typesupport_fastrtps_cExport-noconfig.cmake
[0.564s] -- Up-to-date: /home/jazmin/auto_suture/install/auto_suture_interfaces/share/auto_suture_interfaces/cmake/auto_suture_interfaces__rosidl_typesupport_introspection_cExport.cmake
[0.564s] -- Up-to-date: /home/jazmin/auto_suture/install/auto_suture_interfaces/share/auto_suture_interfaces/cmake/auto_suture_interfaces__rosidl_typesupport_introspection_cExport-noconfig.cmake
[0.564s] -- Up-to-date: /home/jazmin/auto_suture/install/auto_suture_interfaces/share/auto_suture_interfaces/cmake/auto_suture_interfaces__rosidl_typesupport_cExport.cmake
[0.564s] -- Up-to-date: /home/jazmin/auto_suture/install/auto_suture_interfaces/share/auto_suture_interfaces/cmake/auto_suture_interfaces__rosidl_typesupport_cExport-noconfig.cmake
[0.564s] -- Up-to-date: /home/jazmin/auto_suture/install/auto_suture_interfaces/share/auto_suture_interfaces/cmake/export_auto_suture_interfaces__rosidl_generator_cppExport.cmake
[0.564s] -- Up-to-date: /home/jazmin/auto_suture/install/auto_suture_interfaces/share/auto_suture_interfaces/cmake/export_auto_suture_interfaces__rosidl_typesupport_fastrtps_cppExport.cmake
[0.564s] -- Up-to-date: /home/jazmin/auto_suture/install/auto_suture_interfaces/share/auto_suture_interfaces/cmake/export_auto_suture_interfaces__rosidl_typesupport_fastrtps_cppExport-noconfig.cmake
[0.564s] -- Up-to-date: /home/jazmin/auto_suture/install/auto_suture_interfaces/share/auto_suture_interfaces/cmake/auto_suture_interfaces__rosidl_typesupport_introspection_cppExport.cmake
[0.564s] -- Up-to-date: /home/jazmin/auto_suture/install/auto_suture_interfaces/share/auto_suture_interfaces/cmake/auto_suture_interfaces__rosidl_typesupport_introspection_cppExport-noconfig.cmake
[0.564s] -- Up-to-date: /home/jazmin/auto_suture/install/auto_suture_interfaces/share/auto_suture_interfaces/cmake/auto_suture_interfaces__rosidl_typesupport_cppExport.cmake
[0.565s] -- Up-to-date: /home/jazmin/auto_suture/install/auto_suture_interfaces/share/auto_suture_interfaces/cmake/auto_suture_interfaces__rosidl_typesupport_cppExport-noconfig.cmake
[0.565s] -- Up-to-date: /home/jazmin/auto_suture/install/auto_suture_interfaces/share/auto_suture_interfaces/cmake/export_auto_suture_interfaces__rosidl_generator_pyExport.cmake
[0.565s] -- Up-to-date: /home/jazmin/auto_suture/install/auto_suture_interfaces/share/auto_suture_interfaces/cmake/export_auto_suture_interfaces__rosidl_generator_pyExport-noconfig.cmake
[0.565s] -- Up-to-date: /home/jazmin/auto_suture/install/auto_suture_interfaces/share/auto_suture_interfaces/cmake/rosidl_cmake-extras.cmake
[0.565s] -- Up-to-date: /home/jazmin/auto_suture/install/auto_suture_interfaces/share/auto_suture_interfaces/cmake/ament_cmake_export_dependencies-extras.cmake
[0.565s] -- Up-to-date: /home/jazmin/auto_suture/install/auto_suture_interfaces/share/auto_suture_interfaces/cmake/ament_cmake_export_include_directories-extras.cmake
[0.565s] -- Up-to-date: /home/jazmin/auto_suture/install/auto_suture_interfaces/share/auto_suture_interfaces/cmake/ament_cmake_export_libraries-extras.cmake
[0.565s] -- Up-to-date: /home/jazmin/auto_suture/install/auto_suture_interfaces/share/auto_suture_interfaces/cmake/ament_cmake_export_targets-extras.cmake
[0.567s] -- Up-to-date: /home/jazmin/auto_suture/install/auto_suture_interfaces/share/auto_suture_interfaces/cmake/rosidl_cmake_export_typesupport_targets-extras.cmake
[0.569s] -- Up-to-date: /home/jazmin/auto_suture/install/auto_suture_interfaces/share/auto_suture_interfaces/cmake/rosidl_cmake_export_typesupport_libraries-extras.cmake
[0.573s] -- Up-to-date: /home/jazmin/auto_suture/install/auto_suture_interfaces/share/auto_suture_interfaces/cmake/rosidl_cmake_aggregate_target-extras.cmake
[0.577s] -- Up-to-date: /home/jazmin/auto_suture/install/auto_suture_interfaces/share/auto_suture_interfaces/cmake/auto_suture_interfacesConfig.cmake
[0.577s] -- Up-to-date: /home/jazmin/auto_suture/install/auto_suture_interfaces/share/auto_suture_interfaces/cmake/auto_suture_interfacesConfig-version.cmake
[0.577s] -- Up-to-date: /home/jazmin/auto_suture/install/auto_suture_interfaces/share/auto_suture_interfaces/package.xml
[0.580s] Invoked command in '/home/jazmin/auto_suture/build/auto_suture_interfaces' returned '0': CMAKE_PREFIX_PATH=${CMAKE_PREFIX_PATH}:/home/jazmin/auto_suture/install/auto_suture:/opt/ros/jazzy DEBUGINFOD_URLS=https://debuginfod.ubuntu.com /usr/bin/cmake --install /home/jazmin/auto_suture/build/auto_suture_interfaces
