[0.124s] DEBUG:colcon:Command line arguments: ['/usr/bin/colcon', 'build']
[0.124s] DEBUG:colcon:Parsed command line arguments: Namespace(log_base=None, log_level=None, verb_name='build', build_base='build', install_base='install', merge_install=False, symlink_install=False, test_result_base=None, continue_on_error=False, executor='parallel', parallel_workers=16, event_handlers=None, ignore_user_meta=False, metas=['./colcon.meta'], base_paths=['.'], packages_ignore=None, packages_ignore_regex=None, paths=None, packages_up_to=None, packages_up_to_regex=None, packages_above=None, packages_above_and_dependencies=None, packages_above_depth=None, packages_select_by_dep=None, packages_skip_by_dep=None, packages_skip_up_to=None, packages_select_build_failed=False, packages_skip_build_finished=False, packages_select_test_failures=False, packages_skip_test_passed=False, packages_select=None, packages_skip=None, packages_select_regex=None, packages_skip_regex=None, packages_start=None, packages_end=None, allow_overriding=[], cmake_args=None, cmake_target=None, cmake_target_skip_unavailable=False, cmake_clean_cache=False, cmake_clean_first=False, cmake_force_configure=False, ament_cmake_args=None, catkin_cmake_args=None, catkin_skip_building_tests=False, mixin_files=None, mixin=None, verb_parser=<colcon_mixin.mixin.mixin_argument.MixinArgumentDecorator object at 0x756348f6c560>, verb_extension=<colcon_core.verb.build.BuildVerb object at 0x756348f6c200>, main=<bound method BuildVerb.main of <colcon_core.verb.build.BuildVerb object at 0x756348f6c200>>, mixin_verb=('build',))
[0.173s] Level 1:colcon.colcon_core.package_discovery:discover_packages(colcon_meta) check parameters
[0.174s] Level 1:colcon.colcon_core.package_discovery:discover_packages(recursive) check parameters
[0.174s] Level 1:colcon.colcon_core.package_discovery:discover_packages(ignore) check parameters
[0.174s] Level 1:colcon.colcon_core.package_discovery:discover_packages(path) check parameters
[0.174s] Level 1:colcon.colcon_core.package_discovery:discover_packages(colcon_meta) discover
[0.174s] Level 1:colcon.colcon_core.package_discovery:discover_packages(recursive) discover
[0.174s] INFO:colcon.colcon_core.package_discovery:Crawling recursively for packages in '/home/jazmin/auto_suture'
[0.174s] Level 1:colcon.colcon_core.package_identification:_identify(.) by extensions ['ignore', 'ignore_ament_install']
[0.174s] Level 1:colcon.colcon_core.package_identification:_identify(.) by extension 'ignore'
[0.174s] Level 1:colcon.colcon_core.package_identification:_identify(.) by extension 'ignore_ament_install'
[0.174s] Level 1:colcon.colcon_core.package_identification:_identify(.) by extensions ['colcon_pkg']
[0.174s] Level 1:colcon.colcon_core.package_identification:_identify(.) by extension 'colcon_pkg'
[0.174s] Level 1:colcon.colcon_core.package_identification:_identify(.) by extensions ['colcon_meta']
[0.174s] Level 1:colcon.colcon_core.package_identification:_identify(.) by extension 'colcon_meta'
[0.175s] Level 1:colcon.colcon_core.package_identification:_identify(.) by extensions ['ros']
[0.175s] Level 1:colcon.colcon_core.package_identification:_identify(.) by extension 'ros'
[0.208s] Level 1:colcon.colcon_core.package_identification:_identify(.) by extensions ['cmake', 'python']
[0.208s] Level 1:colcon.colcon_core.package_identification:_identify(.) by extension 'cmake'
[0.208s] Level 1:colcon.colcon_core.package_identification:_identify(.) by extension 'python'
[0.208s] Level 1:colcon.colcon_core.package_identification:_identify(.) by extensions ['python_setup_py']
[0.208s] Level 1:colcon.colcon_core.package_identification:_identify(.) by extension 'python_setup_py'
[0.208s] Level 1:colcon.colcon_core.package_identification:_identify(build) by extensions ['ignore', 'ignore_ament_install']
[0.208s] Level 1:colcon.colcon_core.package_identification:_identify(build) by extension 'ignore'
[0.208s] Level 1:colcon.colcon_core.package_identification:_identify(build) ignored
[0.209s] Level 1:colcon.colcon_core.package_identification:_identify(install) by extensions ['ignore', 'ignore_ament_install']
[0.209s] Level 1:colcon.colcon_core.package_identification:_identify(install) by extension 'ignore'
[0.209s] Level 1:colcon.colcon_core.package_identification:_identify(install) ignored
[0.209s] Level 1:colcon.colcon_core.package_identification:_identify(log) by extensions ['ignore', 'ignore_ament_install']
[0.209s] Level 1:colcon.colcon_core.package_identification:_identify(log) by extension 'ignore'
[0.209s] Level 1:colcon.colcon_core.package_identification:_identify(log) ignored
[0.209s] Level 1:colcon.colcon_core.package_identification:_identify(src) by extensions ['ignore', 'ignore_ament_install']
[0.209s] Level 1:colcon.colcon_core.package_identification:_identify(src) by extension 'ignore'
[0.209s] Level 1:colcon.colcon_core.package_identification:_identify(src) by extension 'ignore_ament_install'
[0.209s] Level 1:colcon.colcon_core.package_identification:_identify(src) by extensions ['colcon_pkg']
[0.209s] Level 1:colcon.colcon_core.package_identification:_identify(src) by extension 'colcon_pkg'
[0.209s] Level 1:colcon.colcon_core.package_identification:_identify(src) by extensions ['colcon_meta']
[0.209s] Level 1:colcon.colcon_core.package_identification:_identify(src) by extension 'colcon_meta'
[0.210s] Level 1:colcon.colcon_core.package_identification:_identify(src) by extensions ['ros']
[0.210s] Level 1:colcon.colcon_core.package_identification:_identify(src) by extension 'ros'
[0.210s] Level 1:colcon.colcon_core.package_identification:_identify(src) by extensions ['cmake', 'python']
[0.210s] Level 1:colcon.colcon_core.package_identification:_identify(src) by extension 'cmake'
[0.210s] Level 1:colcon.colcon_core.package_identification:_identify(src) by extension 'python'
[0.210s] Level 1:colcon.colcon_core.package_identification:_identify(src) by extensions ['python_setup_py']
[0.210s] Level 1:colcon.colcon_core.package_identification:_identify(src) by extension 'python_setup_py'
[0.210s] Level 1:colcon.colcon_core.package_identification:_identify(src/auto_suture) by extensions ['ignore', 'ignore_ament_install']
[0.210s] Level 1:colcon.colcon_core.package_identification:_identify(src/auto_suture) by extension 'ignore'
[0.210s] Level 1:colcon.colcon_core.package_identification:_identify(src/auto_suture) by extension 'ignore_ament_install'
[0.210s] Level 1:colcon.colcon_core.package_identification:_identify(src/auto_suture) by extensions ['colcon_pkg']
[0.210s] Level 1:colcon.colcon_core.package_identification:_identify(src/auto_suture) by extension 'colcon_pkg'
[0.210s] Level 1:colcon.colcon_core.package_identification:_identify(src/auto_suture) by extensions ['colcon_meta']
[0.210s] Level 1:colcon.colcon_core.package_identification:_identify(src/auto_suture) by extension 'colcon_meta'
[0.210s] Level 1:colcon.colcon_core.package_identification:_identify(src/auto_suture) by extensions ['ros']
[0.210s] Level 1:colcon.colcon_core.package_identification:_identify(src/auto_suture) by extension 'ros'
[0.213s] DEBUG:colcon.colcon_core.package_identification:Package 'src/auto_suture' with type 'ros.ament_python' and name 'auto_suture'
[0.213s] Level 1:colcon.colcon_core.package_identification:_identify(src/auto_suture_interfaces) by extensions ['ignore', 'ignore_ament_install']
[0.214s] Level 1:colcon.colcon_core.package_identification:_identify(src/auto_suture_interfaces) by extension 'ignore'
[0.214s] Level 1:colcon.colcon_core.package_identification:_identify(src/auto_suture_interfaces) by extension 'ignore_ament_install'
[0.214s] Level 1:colcon.colcon_core.package_identification:_identify(src/auto_suture_interfaces) by extensions ['colcon_pkg']
[0.214s] Level 1:colcon.colcon_core.package_identification:_identify(src/auto_suture_interfaces) by extension 'colcon_pkg'
[0.214s] Level 1:colcon.colcon_core.package_identification:_identify(src/auto_suture_interfaces) by extensions ['colcon_meta']
[0.214s] Level 1:colcon.colcon_core.package_identification:_identify(src/auto_suture_interfaces) by extension 'colcon_meta'
[0.214s] Level 1:colcon.colcon_core.package_identification:_identify(src/auto_suture_interfaces) by extensions ['ros']
[0.214s] Level 1:colcon.colcon_core.package_identification:_identify(src/auto_suture_interfaces) by extension 'ros'
[0.215s] DEBUG:colcon.colcon_core.package_identification:Package 'src/auto_suture_interfaces' with type 'ros.ament_cmake' and name 'auto_suture_interfaces'
[0.215s] Level 1:colcon.colcon_core.package_discovery:discover_packages(recursive) using defaults
[0.215s] Level 1:colcon.colcon_core.package_discovery:discover_packages(ignore) discover
[0.215s] Level 1:colcon.colcon_core.package_discovery:discover_packages(ignore) using defaults
[0.215s] Level 1:colcon.colcon_core.package_discovery:discover_packages(path) discover
[0.215s] Level 1:colcon.colcon_core.package_discovery:discover_packages(path) using defaults
[0.237s] Level 1:colcon.colcon_core.package_discovery:discover_packages(prefix_path) check parameters
[0.237s] Level 1:colcon.colcon_core.package_discovery:discover_packages(prefix_path) discover
[0.240s] DEBUG:colcon.colcon_installed_package_information.package_discovery:Found 2 installed packages in /home/jazmin/auto_suture/install
[0.240s] DEBUG:colcon.colcon_installed_package_information.package_discovery:Found 6 installed packages in /home/jazmin/ros_ambf_ws/install
[0.242s] DEBUG:colcon.colcon_installed_package_information.package_discovery:Found 287 installed packages in /opt/ros/jazzy
[0.244s] Level 1:colcon.colcon_core.package_discovery:discover_packages(prefix_path) using defaults
[0.290s] Level 5:colcon.colcon_core.verb:set package 'auto_suture_interfaces' build argument 'cmake_args' from command line to 'None'
[0.290s] Level 5:colcon.colcon_core.verb:set package 'auto_suture_interfaces' build argument 'cmake_target' from command line to 'None'
[0.290s] Level 5:colcon.colcon_core.verb:set package 'auto_suture_interfaces' build argument 'cmake_target_skip_unavailable' from command line to 'False'
[0.290s] Level 5:colcon.colcon_core.verb:set package 'auto_suture_interfaces' build argument 'cmake_clean_cache' from command line to 'False'
[0.290s] Level 5:colcon.colcon_core.verb:set package 'auto_suture_interfaces' build argument 'cmake_clean_first' from command line to 'False'
[0.290s] Level 5:colcon.colcon_core.verb:set package 'auto_suture_interfaces' build argument 'cmake_force_configure' from command line to 'False'
[0.290s] Level 5:colcon.colcon_core.verb:set package 'auto_suture_interfaces' build argument 'ament_cmake_args' from command line to 'None'
[0.290s] Level 5:colcon.colcon_core.verb:set package 'auto_suture_interfaces' build argument 'catkin_cmake_args' from command line to 'None'
[0.291s] Level 5:colcon.colcon_core.verb:set package 'auto_suture_interfaces' build argument 'catkin_skip_building_tests' from command line to 'False'
[0.291s] DEBUG:colcon.colcon_core.verb:Building package 'auto_suture_interfaces' with the following arguments: {'ament_cmake_args': None, 'build_base': '/home/jazmin/auto_suture/build/auto_suture_interfaces', 'catkin_cmake_args': None, 'catkin_skip_building_tests': False, 'cmake_args': None, 'cmake_clean_cache': False, 'cmake_clean_first': False, 'cmake_force_configure': False, 'cmake_target': None, 'cmake_target_skip_unavailable': False, 'install_base': '/home/jazmin/auto_suture/install/auto_suture_interfaces', 'merge_install': False, 'path': '/home/jazmin/auto_suture/src/auto_suture_interfaces', 'symlink_install': False, 'test_result_base': None}
[0.291s] Level 5:colcon.colcon_core.verb:set package 'auto_suture' build argument 'cmake_args' from command line to 'None'
[0.291s] Level 5:colcon.colcon_core.verb:set package 'auto_suture' build argument 'cmake_target' from command line to 'None'
[0.291s] Level 5:colcon.colcon_core.verb:set package 'auto_suture' build argument 'cmake_target_skip_unavailable' from command line to 'False'
[0.291s] Level 5:colcon.colcon_core.verb:set package 'auto_suture' build argument 'cmake_clean_cache' from command line to 'False'
[0.291s] Level 5:colcon.colcon_core.verb:set package 'auto_suture' build argument 'cmake_clean_first' from command line to 'False'
[0.291s] Level 5:colcon.colcon_core.verb:set package 'auto_suture' build argument 'cmake_force_configure' from command line to 'False'
[0.291s] Level 5:colcon.colcon_core.verb:set package 'auto_suture' build argument 'ament_cmake_args' from command line to 'None'
[0.291s] Level 5:colcon.colcon_core.verb:set package 'auto_suture' build argument 'catkin_cmake_args' from command line to 'None'
[0.291s] Level 5:colcon.colcon_core.verb:set package 'auto_suture' build argument 'catkin_skip_building_tests' from command line to 'False'
[0.291s] DEBUG:colcon.colcon_core.verb:Building package 'auto_suture' with the following arguments: {'ament_cmake_args': None, 'build_base': '/home/jazmin/auto_suture/build/auto_suture', 'catkin_cmake_args': None, 'catkin_skip_building_tests': False, 'cmake_args': None, 'cmake_clean_cache': False, 'cmake_clean_first': False, 'cmake_force_configure': False, 'cmake_target': None, 'cmake_target_skip_unavailable': False, 'install_base': '/home/jazmin/auto_suture/install/auto_suture', 'merge_install': False, 'path': '/home/jazmin/auto_suture/src/auto_suture', 'symlink_install': False, 'test_result_base': None}
[0.291s] INFO:colcon.colcon_core.executor:Executing jobs using 'parallel' executor
[0.293s] DEBUG:colcon.colcon_parallel_executor.executor.parallel:run_until_complete
[0.293s] INFO:colcon.colcon_ros.task.ament_cmake.build:Building ROS package in '/home/jazmin/auto_suture/src/auto_suture_interfaces' with build type 'ament_cmake'
[0.293s] INFO:colcon.colcon_cmake.task.cmake.build:Building CMake package in '/home/jazmin/auto_suture/src/auto_suture_interfaces'
[0.297s] INFO:colcon.colcon_core.plugin_system:Skipping extension 'colcon_core.shell.bat': Not used on non-Windows systems
[0.297s] INFO:colcon.colcon_core.shell:Skip shell extension 'powershell' for command environment: Not usable outside of PowerShell
[0.298s] DEBUG:colcon.colcon_core.shell:Skip shell extension 'dsv' for command environment
[0.315s] DEBUG:colcon.colcon_core.event_handler.log_command:Invoking command in '/home/jazmin/auto_suture/build/auto_suture_interfaces': CMAKE_PREFIX_PATH=${CMAKE_PREFIX_PATH}:/home/jazmin/auto_suture/install/auto_suture:/opt/ros/jazzy DEBUGINFOD_URLS=https://debuginfod.ubuntu.com /usr/bin/cmake --build /home/jazmin/auto_suture/build/auto_suture_interfaces -- -j16 -l16
[0.905s] DEBUG:colcon.colcon_core.event_handler.log_command:Invoked command in '/home/jazmin/auto_suture/build/auto_suture_interfaces' returned '0': CMAKE_PREFIX_PATH=${CMAKE_PREFIX_PATH}:/home/jazmin/auto_suture/install/auto_suture:/opt/ros/jazzy DEBUGINFOD_URLS=https://debuginfod.ubuntu.com /usr/bin/cmake --build /home/jazmin/auto_suture/build/auto_suture_interfaces -- -j16 -l16
[0.925s] DEBUG:colcon.colcon_core.event_handler.log_command:Invoking command in '/home/jazmin/auto_suture/build/auto_suture_interfaces': CMAKE_PREFIX_PATH=${CMAKE_PREFIX_PATH}:/home/jazmin/auto_suture/install/auto_suture:/opt/ros/jazzy DEBUGINFOD_URLS=https://debuginfod.ubuntu.com /usr/bin/cmake --install /home/jazmin/auto_suture/build/auto_suture_interfaces
[1.013s] Level 1:colcon.colcon_core.environment:create_environment_scripts_only(auto_suture_interfaces)
[1.014s] DEBUG:colcon.colcon_core.event_handler.log_command:Invoked command in '/home/jazmin/auto_suture/build/auto_suture_interfaces' returned '0': CMAKE_PREFIX_PATH=${CMAKE_PREFIX_PATH}:/home/jazmin/auto_suture/install/auto_suture:/opt/ros/jazzy DEBUGINFOD_URLS=https://debuginfod.ubuntu.com /usr/bin/cmake --install /home/jazmin/auto_suture/build/auto_suture_interfaces
[1.016s] Level 1:colcon.colcon_core.environment:checking '/home/jazmin/auto_suture/install/auto_suture_interfaces' for CMake module files
[1.017s] Level 1:colcon.colcon_core.environment:checking '/home/jazmin/auto_suture/install/auto_suture_interfaces' for CMake config files
[1.017s] Level 1:colcon.colcon_core.shell:create_environment_hook('auto_suture_interfaces', 'cmake_prefix_path')
[1.017s] INFO:colcon.colcon_core.shell:Creating environment hook '/home/jazmin/auto_suture/install/auto_suture_interfaces/share/auto_suture_interfaces/hook/cmake_prefix_path.ps1'
[1.018s] INFO:colcon.colcon_core.shell:Creating environment descriptor '/home/jazmin/auto_suture/install/auto_suture_interfaces/share/auto_suture_interfaces/hook/cmake_prefix_path.dsv'
[1.018s] INFO:colcon.colcon_core.shell:Creating environment hook '/home/jazmin/auto_suture/install/auto_suture_interfaces/share/auto_suture_interfaces/hook/cmake_prefix_path.sh'
[1.019s] Level 1:colcon.colcon_core.environment:checking '/home/jazmin/auto_suture/install/auto_suture_interfaces/lib'
[1.019s] Level 1:colcon.colcon_core.shell:create_environment_hook('auto_suture_interfaces', 'ld_library_path_lib')
[1.019s] INFO:colcon.colcon_core.shell:Creating environment hook '/home/jazmin/auto_suture/install/auto_suture_interfaces/share/auto_suture_interfaces/hook/ld_library_path_lib.ps1'
[1.020s] INFO:colcon.colcon_core.shell:Creating environment descriptor '/home/jazmin/auto_suture/install/auto_suture_interfaces/share/auto_suture_interfaces/hook/ld_library_path_lib.dsv'
[1.020s] INFO:colcon.colcon_core.shell:Creating environment hook '/home/jazmin/auto_suture/install/auto_suture_interfaces/share/auto_suture_interfaces/hook/ld_library_path_lib.sh'
[1.020s] Level 1:colcon.colcon_core.environment:checking '/home/jazmin/auto_suture/install/auto_suture_interfaces/bin'
[1.021s] Level 1:colcon.colcon_core.environment:checking '/home/jazmin/auto_suture/install/auto_suture_interfaces/lib/pkgconfig/auto_suture_interfaces.pc'
[1.021s] Level 1:colcon.colcon_core.environment:checking '/home/jazmin/auto_suture/install/auto_suture_interfaces/lib/python3.12/site-packages'
[1.021s] Level 1:colcon.colcon_core.shell:create_environment_hook('auto_suture_interfaces', 'pythonpath')
[1.021s] INFO:colcon.colcon_core.shell:Creating environment hook '/home/jazmin/auto_suture/install/auto_suture_interfaces/share/auto_suture_interfaces/hook/pythonpath.ps1'
[1.021s] INFO:colcon.colcon_core.shell:Creating environment descriptor '/home/jazmin/auto_suture/install/auto_suture_interfaces/share/auto_suture_interfaces/hook/pythonpath.dsv'
[1.022s] INFO:colcon.colcon_core.shell:Creating environment hook '/home/jazmin/auto_suture/install/auto_suture_interfaces/share/auto_suture_interfaces/hook/pythonpath.sh'
[1.022s] Level 1:colcon.colcon_core.environment:checking '/home/jazmin/auto_suture/install/auto_suture_interfaces/bin'
[1.022s] INFO:colcon.colcon_core.shell:Creating package script '/home/jazmin/auto_suture/install/auto_suture_interfaces/share/auto_suture_interfaces/package.ps1'
[1.023s] INFO:colcon.colcon_core.shell:Creating package descriptor '/home/jazmin/auto_suture/install/auto_suture_interfaces/share/auto_suture_interfaces/package.dsv'
[1.024s] INFO:colcon.colcon_core.shell:Creating package script '/home/jazmin/auto_suture/install/auto_suture_interfaces/share/auto_suture_interfaces/package.sh'
[1.024s] INFO:colcon.colcon_core.shell:Creating package script '/home/jazmin/auto_suture/install/auto_suture_interfaces/share/auto_suture_interfaces/package.bash'
[1.025s] INFO:colcon.colcon_core.shell:Creating package script '/home/jazmin/auto_suture/install/auto_suture_interfaces/share/auto_suture_interfaces/package.zsh'
[1.025s] Level 1:colcon.colcon_core.environment:create_file_with_runtime_dependencies(/home/jazmin/auto_suture/install/auto_suture_interfaces/share/colcon-core/packages/auto_suture_interfaces)
[1.026s] Level 1:colcon.colcon_core.environment:create_environment_scripts_only(auto_suture_interfaces)
[1.026s] Level 1:colcon.colcon_core.environment:checking '/home/jazmin/auto_suture/install/auto_suture_interfaces' for CMake module files
[1.026s] Level 1:colcon.colcon_core.environment:checking '/home/jazmin/auto_suture/install/auto_suture_interfaces' for CMake config files
[1.026s] Level 1:colcon.colcon_core.shell:create_environment_hook('auto_suture_interfaces', 'cmake_prefix_path')
[1.027s] INFO:colcon.colcon_core.shell:Creating environment hook '/home/jazmin/auto_suture/install/auto_suture_interfaces/share/auto_suture_interfaces/hook/cmake_prefix_path.ps1'
[1.027s] INFO:colcon.colcon_core.shell:Creating environment descriptor '/home/jazmin/auto_suture/install/auto_suture_interfaces/share/auto_suture_interfaces/hook/cmake_prefix_path.dsv'
[1.027s] INFO:colcon.colcon_core.shell:Creating environment hook '/home/jazmin/auto_suture/install/auto_suture_interfaces/share/auto_suture_interfaces/hook/cmake_prefix_path.sh'
[1.028s] Level 1:colcon.colcon_core.environment:checking '/home/jazmin/auto_suture/install/auto_suture_interfaces/lib'
[1.028s] Level 1:colcon.colcon_core.shell:create_environment_hook('auto_suture_interfaces', 'ld_library_path_lib')
[1.028s] INFO:colcon.colcon_core.shell:Creating environment hook '/home/jazmin/auto_suture/install/auto_suture_interfaces/share/auto_suture_interfaces/hook/ld_library_path_lib.ps1'
[1.028s] INFO:colcon.colcon_core.shell:Creating environment descriptor '/home/jazmin/auto_suture/install/auto_suture_interfaces/share/auto_suture_interfaces/hook/ld_library_path_lib.dsv'
[1.029s] INFO:colcon.colcon_core.shell:Creating environment hook '/home/jazmin/auto_suture/install/auto_suture_interfaces/share/auto_suture_interfaces/hook/ld_library_path_lib.sh'
[1.029s] Level 1:colcon.colcon_core.environment:checking '/home/jazmin/auto_suture/install/auto_suture_interfaces/bin'
[1.029s] Level 1:colcon.colcon_core.environment:checking '/home/jazmin/auto_suture/install/auto_suture_interfaces/lib/pkgconfig/auto_suture_interfaces.pc'
[1.029s] Level 1:colcon.colcon_core.environment:checking '/home/jazmin/auto_suture/install/auto_suture_interfaces/lib/python3.12/site-packages'
[1.029s] Level 1:colcon.colcon_core.shell:create_environment_hook('auto_suture_interfaces', 'pythonpath')
[1.029s] INFO:colcon.colcon_core.shell:Creating environment hook '/home/jazmin/auto_suture/install/auto_suture_interfaces/share/auto_suture_interfaces/hook/pythonpath.ps1'
[1.030s] INFO:colcon.colcon_core.shell:Creating environment descriptor '/home/jazmin/auto_suture/install/auto_suture_interfaces/share/auto_suture_interfaces/hook/pythonpath.dsv'
[1.030s] INFO:colcon.colcon_core.shell:Creating environment hook '/home/jazmin/auto_suture/install/auto_suture_interfaces/share/auto_suture_interfaces/hook/pythonpath.sh'
[1.031s] Level 1:colcon.colcon_core.environment:checking '/home/jazmin/auto_suture/install/auto_suture_interfaces/bin'
[1.031s] INFO:colcon.colcon_core.shell:Creating package script '/home/jazmin/auto_suture/install/auto_suture_interfaces/share/auto_suture_interfaces/package.ps1'
[1.031s] INFO:colcon.colcon_core.shell:Creating package descriptor '/home/jazmin/auto_suture/install/auto_suture_interfaces/share/auto_suture_interfaces/package.dsv'
[1.032s] INFO:colcon.colcon_core.shell:Creating package script '/home/jazmin/auto_suture/install/auto_suture_interfaces/share/auto_suture_interfaces/package.sh'
[1.032s] INFO:colcon.colcon_core.shell:Creating package script '/home/jazmin/auto_suture/install/auto_suture_interfaces/share/auto_suture_interfaces/package.bash'
[1.032s] INFO:colcon.colcon_core.shell:Creating package script '/home/jazmin/auto_suture/install/auto_suture_interfaces/share/auto_suture_interfaces/package.zsh'
[1.033s] Level 1:colcon.colcon_core.environment:create_file_with_runtime_dependencies(/home/jazmin/auto_suture/install/auto_suture_interfaces/share/colcon-core/packages/auto_suture_interfaces)
[1.033s] INFO:colcon.colcon_ros.task.ament_python.build:Building ROS package in '/home/jazmin/auto_suture/src/auto_suture' with build type 'ament_python'
[1.033s] Level 1:colcon.colcon_core.shell:create_environment_hook('auto_suture', 'ament_prefix_path')
[1.033s] INFO:colcon.colcon_core.shell:Creating environment hook '/home/jazmin/auto_suture/install/auto_suture/share/auto_suture/hook/ament_prefix_path.ps1'
[1.034s] INFO:colcon.colcon_core.shell:Creating environment descriptor '/home/jazmin/auto_suture/install/auto_suture/share/auto_suture/hook/ament_prefix_path.dsv'
[1.034s] INFO:colcon.colcon_core.shell:Creating environment hook '/home/jazmin/auto_suture/install/auto_suture/share/auto_suture/hook/ament_prefix_path.sh'
[1.035s] INFO:colcon.colcon_core.shell:Skip shell extension 'powershell' for command environment: Not usable outside of PowerShell
[1.035s] DEBUG:colcon.colcon_core.shell:Skip shell extension 'dsv' for command environment
[1.176s] INFO:colcon.colcon_core.task.python.build:Building Python package in '/home/jazmin/auto_suture/src/auto_suture'
[1.177s] INFO:colcon.colcon_core.shell:Skip shell extension 'powershell' for command environment: Not usable outside of PowerShell
[1.177s] DEBUG:colcon.colcon_core.shell:Skip shell extension 'dsv' for command environment
[1.574s] DEBUG:colcon.colcon_core.task.python.build:Available setuptools commands: install_scripts, bdist_dumb, init_catalog, setopt, test, rotate, check, upload, compile_catalog, build_clib, bdist, build_scripts, register, extract_messages, update_catalog, sdist, develop, install_data, install_egg_info, bdist_egg, upload_docs, symlink_data, build, egg_info, install_lib, saveopts, easy_install, install_headers, build_py, clean, bdist_wheel, dist_info, build_ext, editable_wheel, alias, install, bdist_rpm
[1.577s] DEBUG:colcon.colcon_core.event_handler.log_command:Invoking command in '/home/jazmin/auto_suture/src/auto_suture': DEBUGINFOD_URLS=https://debuginfod.ubuntu.com PYTHONPATH=/home/jazmin/auto_suture/build/auto_suture/prefix_override:/usr/lib/python3/dist-packages/colcon_core/task/python/colcon_distutils_commands:/home/jazmin/auto_suture/install/auto_suture/lib/python3.12/site-packages:/home/jazmin/auto_suture/install/auto_suture_interfaces/lib/python3.12/site-packages:/home/jazmin/auto_suture/install/auto_suture/lib/python3.12/site-packages:/home/jazmin/ros_ambf_ws/install/ambf_client/lib/python3.12/site-packages:/home/jazmin/ros_ambf_ws/install/tf_function/lib/python3.12/site-packages:/home/jazmin/ros_ambf_ws/install/ambf_msgs/lib/python3.12/site-packages:/opt/ros/jazzy/lib/python3.12/site-packages /usr/bin/python3 -W ignore:setup.py install is deprecated -W ignore:easy_install command is deprecated setup.py egg_info --egg-base ../../build/auto_suture build --build-base /home/jazmin/auto_suture/build/auto_suture/build install --record /home/jazmin/auto_suture/build/auto_suture/install.log --install-scripts $base/lib/auto_suture --single-version-externally-managed install_data
[1.888s] Level 1:colcon.colcon_core.environment:checking '/home/jazmin/auto_suture/install/auto_suture' for CMake module files
[1.889s] DEBUG:colcon.colcon_core.event_handler.log_command:Invoked command in '/home/jazmin/auto_suture/src/auto_suture' returned '0': DEBUGINFOD_URLS=https://debuginfod.ubuntu.com PYTHONPATH=/home/jazmin/auto_suture/build/auto_suture/prefix_override:/usr/lib/python3/dist-packages/colcon_core/task/python/colcon_distutils_commands:/home/jazmin/auto_suture/install/auto_suture/lib/python3.12/site-packages:/home/jazmin/auto_suture/install/auto_suture_interfaces/lib/python3.12/site-packages:/home/jazmin/auto_suture/install/auto_suture/lib/python3.12/site-packages:/home/jazmin/ros_ambf_ws/install/ambf_client/lib/python3.12/site-packages:/home/jazmin/ros_ambf_ws/install/tf_function/lib/python3.12/site-packages:/home/jazmin/ros_ambf_ws/install/ambf_msgs/lib/python3.12/site-packages:/opt/ros/jazzy/lib/python3.12/site-packages /usr/bin/python3 -W ignore:setup.py install is deprecated -W ignore:easy_install command is deprecated setup.py egg_info --egg-base ../../build/auto_suture build --build-base /home/jazmin/auto_suture/build/auto_suture/build install --record /home/jazmin/auto_suture/build/auto_suture/install.log --install-scripts $base/lib/auto_suture --single-version-externally-managed install_data
[1.889s] Level 1:colcon.colcon_core.environment:checking '/home/jazmin/auto_suture/install/auto_suture' for CMake config files
[1.890s] Level 1:colcon.colcon_core.environment:checking '/home/jazmin/auto_suture/install/auto_suture/lib'
[1.890s] Level 1:colcon.colcon_core.environment:checking '/home/jazmin/auto_suture/install/auto_suture/bin'
[1.890s] Level 1:colcon.colcon_core.environment:checking '/home/jazmin/auto_suture/install/auto_suture/lib/pkgconfig/auto_suture.pc'
[1.890s] Level 1:colcon.colcon_core.environment:checking '/home/jazmin/auto_suture/install/auto_suture/lib/python3.12/site-packages'
[1.890s] Level 1:colcon.colcon_core.shell:create_environment_hook('auto_suture', 'pythonpath')
[1.890s] INFO:colcon.colcon_core.shell:Creating environment hook '/home/jazmin/auto_suture/install/auto_suture/share/auto_suture/hook/pythonpath.ps1'
[1.891s] INFO:colcon.colcon_core.shell:Creating environment descriptor '/home/jazmin/auto_suture/install/auto_suture/share/auto_suture/hook/pythonpath.dsv'
[1.891s] INFO:colcon.colcon_core.shell:Creating environment hook '/home/jazmin/auto_suture/install/auto_suture/share/auto_suture/hook/pythonpath.sh'
[1.891s] Level 1:colcon.colcon_core.environment:checking '/home/jazmin/auto_suture/install/auto_suture/bin'
[1.891s] Level 1:colcon.colcon_core.environment:create_environment_scripts_only(auto_suture)
[1.892s] INFO:colcon.colcon_core.shell:Creating package script '/home/jazmin/auto_suture/install/auto_suture/share/auto_suture/package.ps1'
[1.892s] INFO:colcon.colcon_core.shell:Creating package descriptor '/home/jazmin/auto_suture/install/auto_suture/share/auto_suture/package.dsv'
[1.892s] INFO:colcon.colcon_core.shell:Creating package script '/home/jazmin/auto_suture/install/auto_suture/share/auto_suture/package.sh'
[1.892s] INFO:colcon.colcon_core.shell:Creating package script '/home/jazmin/auto_suture/install/auto_suture/share/auto_suture/package.bash'
[1.893s] INFO:colcon.colcon_core.shell:Creating package script '/home/jazmin/auto_suture/install/auto_suture/share/auto_suture/package.zsh'
[1.893s] Level 1:colcon.colcon_core.environment:create_file_with_runtime_dependencies(/home/jazmin/auto_suture/install/auto_suture/share/colcon-core/packages/auto_suture)
[1.893s] DEBUG:colcon.colcon_parallel_executor.executor.parallel:closing loop
[1.893s] DEBUG:colcon.colcon_parallel_executor.executor.parallel:loop closed
[1.893s] DEBUG:colcon.colcon_parallel_executor.executor.parallel:run_until_complete finished with '0'
[1.893s] DEBUG:colcon.colcon_core.event_reactor:joining thread
[1.901s] INFO:colcon.colcon_core.plugin_system:Skipping extension 'colcon_notification.desktop_notification.terminal_notifier': Not used on non-Darwin systems
[1.901s] INFO:colcon.colcon_core.plugin_system:Skipping extension 'colcon_notification.desktop_notification.win32': Not used on non-Windows systems
[1.901s] INFO:colcon.colcon_notification.desktop_notification:Sending desktop notification using 'notify2'
[1.914s] DEBUG:colcon.colcon_core.event_reactor:joined thread
[1.915s] INFO:colcon.colcon_core.shell:Creating prefix script '/home/jazmin/auto_suture/install/local_setup.ps1'
[1.916s] INFO:colcon.colcon_core.shell:Creating prefix util module '/home/jazmin/auto_suture/install/_local_setup_util_ps1.py'
[1.916s] INFO:colcon.colcon_core.shell:Creating prefix chain script '/home/jazmin/auto_suture/install/setup.ps1'
[1.917s] INFO:colcon.colcon_core.shell:Creating prefix script '/home/jazmin/auto_suture/install/local_setup.sh'
[1.918s] INFO:colcon.colcon_core.shell:Creating prefix util module '/home/jazmin/auto_suture/install/_local_setup_util_sh.py'
[1.918s] INFO:colcon.colcon_core.shell:Creating prefix chain script '/home/jazmin/auto_suture/install/setup.sh'
[1.919s] INFO:colcon.colcon_core.shell:Creating prefix script '/home/jazmin/auto_suture/install/local_setup.bash'
[1.919s] INFO:colcon.colcon_core.shell:Creating prefix chain script '/home/jazmin/auto_suture/install/setup.bash'
[1.920s] INFO:colcon.colcon_core.shell:Creating prefix script '/home/jazmin/auto_suture/install/local_setup.zsh'
[1.920s] INFO:colcon.colcon_core.shell:Creating prefix chain script '/home/jazmin/auto_suture/install/setup.zsh'
