[0.486s] Invoking command in '/home/jazmin/auto_suture/src/auto_suture': DEBUGINFOD_URLS=https://debuginfod.ubuntu.com PYTHONPATH=/home/jazmin/auto_suture/build/auto_suture/prefix_override:/usr/lib/python3/dist-packages/colcon_core/task/python/colcon_distutils_commands:/home/jazmin/auto_suture/install/auto_suture/lib/python3.12/site-packages:/home/jazmin/auto_suture/install/auto_suture_interfaces/lib/python3.12/site-packages:/home/jazmin/auto_suture/install/auto_suture/lib/python3.12/site-packages:/home/jazmin/ros_ambf_ws/install/ambf_client/lib/python3.12/site-packages:/home/jazmin/ros_ambf_ws/install/tf_function/lib/python3.12/site-packages:/home/jazmin/ros_ambf_ws/install/ambf_msgs/lib/python3.12/site-packages:/opt/ros/jazzy/lib/python3.12/site-packages /usr/bin/python3 -W ignore:setup.py install is deprecated -W ignore:easy_install command is deprecated setup.py egg_info --egg-base ../../build/auto_suture build --build-base /home/jazmin/auto_suture/build/auto_suture/build install --record /home/jazmin/auto_suture/build/auto_suture/install.log --install-scripts $base/lib/auto_suture --single-version-externally-managed install_data
[0.622s] running egg_info
[0.632s] writing ../../build/auto_suture/auto_suture.egg-info/PKG-INFO
[0.632s] writing dependency_links to ../../build/auto_suture/auto_suture.egg-info/dependency_links.txt
[0.632s] writing entry points to ../../build/auto_suture/auto_suture.egg-info/entry_points.txt
[0.633s] writing requirements to ../../build/auto_suture/auto_suture.egg-info/requires.txt
[0.633s] writing top-level names to ../../build/auto_suture/auto_suture.egg-info/top_level.txt
[0.651s] reading manifest file '../../build/auto_suture/auto_suture.egg-info/SOURCES.txt'
[0.651s] adding license file 'LICENSE'
[0.651s] writing manifest file '../../build/auto_suture/auto_suture.egg-info/SOURCES.txt'
[0.651s] running build
[0.652s] running build_py
[0.652s] copying auto_suture/needle_frame_converter.py -> /home/jazmin/auto_suture/build/auto_suture/build/lib/auto_suture
[0.652s] running install
[0.656s] running install_lib
[0.665s] copying /home/jazmin/auto_suture/build/auto_suture/build/lib/auto_suture/needle_frame_converter.py -> /home/jazmin/auto_suture/install/auto_suture/lib/python3.12/site-packages/auto_suture
[0.665s] byte-compiling /home/jazmin/auto_suture/install/auto_suture/lib/python3.12/site-packages/auto_suture/needle_frame_converter.py to needle_frame_converter.cpython-312.pyc
[0.666s] running install_data
[0.666s] copying launch/suture_sim.launch.py -> /home/jazmin/auto_suture/install/auto_suture/share/auto_suture/launch
[0.666s] running install_egg_info
[0.676s] removing '/home/jazmin/auto_suture/install/auto_suture/lib/python3.12/site-packages/auto_suture-0.0.0-py3.12.egg-info' (and everything under it)
[0.676s] Copying ../../build/auto_suture/auto_suture.egg-info to /home/jazmin/auto_suture/install/auto_suture/lib/python3.12/site-packages/auto_suture-0.0.0-py3.12.egg-info
[0.677s] running install_scripts
[0.744s] Installing move_to_target script to /home/jazmin/auto_suture/install/auto_suture/lib/auto_suture
[0.745s] Installing needle_frame_converter script to /home/jazmin/auto_suture/install/auto_suture/lib/auto_suture
[0.745s] Installing needle_position script to /home/jazmin/auto_suture/install/auto_suture/lib/auto_suture
[0.745s] Installing tool_grasp_position script to /home/jazmin/auto_suture/install/auto_suture/lib/auto_suture
[0.745s] writing list of installed files to '/home/jazmin/auto_suture/build/auto_suture/install.log'
[0.764s] Invoked command in '/home/jazmin/auto_suture/src/auto_suture' returned '0': DEBUGINFOD_URLS=https://debuginfod.ubuntu.com PYTHONPATH=/home/jazmin/auto_suture/build/auto_suture/prefix_override:/usr/lib/python3/dist-packages/colcon_core/task/python/colcon_distutils_commands:/home/jazmin/auto_suture/install/auto_suture/lib/python3.12/site-packages:/home/jazmin/auto_suture/install/auto_suture_interfaces/lib/python3.12/site-packages:/home/jazmin/auto_suture/install/auto_suture/lib/python3.12/site-packages:/home/jazmin/ros_ambf_ws/install/ambf_client/lib/python3.12/site-packages:/home/jazmin/ros_ambf_ws/install/tf_function/lib/python3.12/site-packages:/home/jazmin/ros_ambf_ws/install/ambf_msgs/lib/python3.12/site-packages:/opt/ros/jazzy/lib/python3.12/site-packages /usr/bin/python3 -W ignore:setup.py install is deprecated -W ignore:easy_install command is deprecated setup.py egg_info --egg-base ../../build/auto_suture build --build-base /home/jazmin/auto_suture/build/auto_suture/build install --record /home/jazmin/auto_suture/build/auto_suture/install.log --install-scripts $base/lib/auto_suture --single-version-externally-managed install_data
