[1.523s] Invoking command in '/home/jazmin/auto_suture/src/auto_suture': DEBUGINFOD_URLS=https://debuginfod.ubuntu.com PYTHONPATH=/home/jazmin/auto_suture/build/auto_suture/prefix_override:/usr/lib/python3/dist-packages/colcon_core/task/python/colcon_distutils_commands:/home/jazmin/auto_suture/install/auto_suture/lib/python3.12/site-packages:/home/jazmin/auto_suture/install/auto_suture_interfaces/lib/python3.12/site-packages:/home/jazmin/auto_suture/install/auto_suture/lib/python3.12/site-packages:/home/jazmin/ros_ambf_ws/install/ambf_client/lib/python3.12/site-packages:/home/jazmin/ros_ambf_ws/install/tf_function/lib/python3.12/site-packages:/home/jazmin/ros_ambf_ws/install/ambf_msgs/lib/python3.12/site-packages:/opt/ros/jazzy/lib/python3.12/site-packages /usr/bin/python3 -W ignore:setup.py install is deprecated -W ignore:easy_install command is deprecated setup.py egg_info --egg-base ../../build/auto_suture build --build-base /home/jazmin/auto_suture/build/auto_suture/build install --record /home/jazmin/auto_suture/build/auto_suture/install.log --install-scripts $base/lib/auto_suture --single-version-externally-managed install_data
[1.957s] running egg_info
[1.977s] writing ../../build/auto_suture/auto_suture.egg-info/PKG-INFO
[1.977s] writing dependency_links to ../../build/auto_suture/auto_suture.egg-info/dependency_links.txt
[1.978s] writing entry points to ../../build/auto_suture/auto_suture.egg-info/entry_points.txt
[1.979s] writing requirements to ../../build/auto_suture/auto_suture.egg-info/requires.txt
[1.980s] writing top-level names to ../../build/auto_suture/auto_suture.egg-info/top_level.txt
[2.022s] reading manifest file '../../build/auto_suture/auto_suture.egg-info/SOURCES.txt'
[2.024s] adding license file 'LICENSE'
[2.028s] writing manifest file '../../build/auto_suture/auto_suture.egg-info/SOURCES.txt'
[2.029s] running build
[2.029s] running build_py
[2.029s] copying auto_suture/tool_grasp_position_node.py -> /home/jazmin/auto_suture/build/auto_suture/build/lib/auto_suture
[2.029s] running install
[2.033s] running install_lib
[2.054s] copying /home/jazmin/auto_suture/build/auto_suture/build/lib/auto_suture/tool_grasp_position_node.py -> /home/jazmin/auto_suture/install/auto_suture/lib/python3.12/site-packages/auto_suture
[2.055s] byte-compiling /home/jazmin/auto_suture/install/auto_suture/lib/python3.12/site-packages/auto_suture/tool_grasp_position_node.py to tool_grasp_position_node.cpython-312.pyc
[2.057s] running install_data
[2.058s] running install_egg_info
[2.089s] removing '/home/jazmin/auto_suture/install/auto_suture/lib/python3.12/site-packages/auto_suture-0.0.0-py3.12.egg-info' (and everything under it)
[2.091s] Copying ../../build/auto_suture/auto_suture.egg-info to /home/jazmin/auto_suture/install/auto_suture/lib/python3.12/site-packages/auto_suture-0.0.0-py3.12.egg-info
[2.098s] running install_scripts
[2.290s] Installing needle_position script to /home/jazmin/auto_suture/install/auto_suture/lib/auto_suture
[2.290s] Installing tool_grasp_position script to /home/jazmin/auto_suture/install/auto_suture/lib/auto_suture
[2.290s] writing list of installed files to '/home/jazmin/auto_suture/build/auto_suture/install.log'
[2.372s] Invoked command in '/home/jazmin/auto_suture/src/auto_suture' returned '0': DEBUGINFOD_URLS=https://debuginfod.ubuntu.com PYTHONPATH=/home/jazmin/auto_suture/build/auto_suture/prefix_override:/usr/lib/python3/dist-packages/colcon_core/task/python/colcon_distutils_commands:/home/jazmin/auto_suture/install/auto_suture/lib/python3.12/site-packages:/home/jazmin/auto_suture/install/auto_suture_interfaces/lib/python3.12/site-packages:/home/jazmin/auto_suture/install/auto_suture/lib/python3.12/site-packages:/home/jazmin/ros_ambf_ws/install/ambf_client/lib/python3.12/site-packages:/home/jazmin/ros_ambf_ws/install/tf_function/lib/python3.12/site-packages:/home/jazmin/ros_ambf_ws/install/ambf_msgs/lib/python3.12/site-packages:/opt/ros/jazzy/lib/python3.12/site-packages /usr/bin/python3 -W ignore:setup.py install is deprecated -W ignore:easy_install command is deprecated setup.py egg_info --egg-base ../../build/auto_suture build --build-base /home/jazmin/auto_suture/build/auto_suture/build install --record /home/jazmin/auto_suture/build/auto_suture/install.log --install-scripts $base/lib/auto_suture --single-version-externally-managed install_data
