[0.057s] DEBUG:colcon:Command line arguments: ['/usr/bin/colcon', 'build']
[0.057s] DEBUG:colcon:Parsed command line arguments: Namespace(log_base=None, log_level=None, verb_name='build', build_base='build', install_base='install', merge_install=False, symlink_install=False, test_result_base=None, continue_on_error=False, executor='parallel', parallel_workers=16, event_handlers=None, ignore_user_meta=False, metas=['./colcon.meta'], base_paths=['.'], packages_ignore=None, packages_ignore_regex=None, paths=None, packages_up_to=None, packages_up_to_regex=None, packages_above=None, packages_above_and_dependencies=None, packages_above_depth=None, packages_select_by_dep=None, packages_skip_by_dep=None, packages_skip_up_to=None, packages_select_build_failed=False, packages_skip_build_finished=False, packages_select_test_failures=False, packages_skip_test_passed=False, packages_select=None, packages_skip=None, packages_select_regex=None, packages_skip_regex=None, packages_start=None, packages_end=None, allow_overriding=[], cmake_args=None, cmake_target=None, cmake_target_skip_unavailable=False, cmake_clean_cache=False, cmake_clean_first=False, cmake_force_configure=False, ament_cmake_args=None, catkin_cmake_args=None, catkin_skip_building_tests=False, mixin_files=None, mixin=None, verb_parser=<colcon_mixin.mixin.mixin_argument.MixinArgumentDecorator object at 0x771dc9684890>, verb_extension=<colcon_core.verb.build.BuildVerb object at 0x771dc9684350>, main=<bound method BuildVerb.main of <colcon_core.verb.build.BuildVerb object at 0x771dc9684350>>, mixin_verb=('build',))
[0.079s] Level 1:colcon.colcon_core.package_discovery:discover_packages(colcon_meta) check parameters
[0.079s] Level 1:colcon.colcon_core.package_discovery:discover_packages(recursive) check parameters
[0.079s] Level 1:colcon.colcon_core.package_discovery:discover_packages(ignore) check parameters
[0.079s] Level 1:colcon.colcon_core.package_discovery:discover_packages(path) check parameters
[0.079s] Level 1:colcon.colcon_core.package_discovery:discover_packages(colcon_meta) discover
[0.079s] Level 1:colcon.colcon_core.package_discovery:discover_packages(recursive) discover
[0.079s] INFO:colcon.colcon_core.package_discovery:Crawling recursively for packages in '/home/jazmin/auto_suture'
[0.079s] Level 1:colcon.colcon_core.package_identification:_identify(.) by extensions ['ignore', 'ignore_ament_install']
[0.079s] Level 1:colcon.colcon_core.package_identification:_identify(.) by extension 'ignore'
[0.079s] Level 1:colcon.colcon_core.package_identification:_identify(.) by extension 'ignore_ament_install'
[0.080s] Level 1:colcon.colcon_core.package_identification:_identify(.) by extensions ['colcon_pkg']
[0.080s] Level 1:colcon.colcon_core.package_identification:_identify(.) by extension 'colcon_pkg'
[0.080s] Level 1:colcon.colcon_core.package_identification:_identify(.) by extensions ['colcon_meta']
[0.080s] Level 1:colcon.colcon_core.package_identification:_identify(.) by extension 'colcon_meta'
[0.080s] Level 1:colcon.colcon_core.package_identification:_identify(.) by extensions ['ros']
[0.080s] Level 1:colcon.colcon_core.package_identification:_identify(.) by extension 'ros'
[0.094s] Level 1:colcon.colcon_core.package_identification:_identify(.) by extensions ['cmake', 'python']
[0.094s] Level 1:colcon.colcon_core.package_identification:_identify(.) by extension 'cmake'
[0.094s] Level 1:colcon.colcon_core.package_identification:_identify(.) by extension 'python'
[0.094s] Level 1:colcon.colcon_core.package_identification:_identify(.) by extensions ['python_setup_py']
[0.094s] Level 1:colcon.colcon_core.package_identification:_identify(.) by extension 'python_setup_py'
[0.094s] Level 1:colcon.colcon_core.package_identification:_identify(build) by extensions ['ignore', 'ignore_ament_install']
[0.094s] Level 1:colcon.colcon_core.package_identification:_identify(build) by extension 'ignore'
[0.094s] Level 1:colcon.colcon_core.package_identification:_identify(build) ignored
[0.094s] Level 1:colcon.colcon_core.package_identification:_identify(install) by extensions ['ignore', 'ignore_ament_install']
[0.094s] Level 1:colcon.colcon_core.package_identification:_identify(install) by extension 'ignore'
[0.094s] Level 1:colcon.colcon_core.package_identification:_identify(install) ignored
[0.094s] Level 1:colcon.colcon_core.package_identification:_identify(log) by extensions ['ignore', 'ignore_ament_install']
[0.094s] Level 1:colcon.colcon_core.package_identification:_identify(log) by extension 'ignore'
[0.094s] Level 1:colcon.colcon_core.package_identification:_identify(log) ignored
[0.094s] Level 1:colcon.colcon_core.package_identification:_identify(src) by extensions ['ignore', 'ignore_ament_install']
[0.094s] Level 1:colcon.colcon_core.package_identification:_identify(src) by extension 'ignore'
[0.094s] Level 1:colcon.colcon_core.package_identification:_identify(src) by extension 'ignore_ament_install'
[0.094s] Level 1:colcon.colcon_core.package_identification:_identify(src) by extensions ['colcon_pkg']
[0.094s] Level 1:colcon.colcon_core.package_identification:_identify(src) by extension 'colcon_pkg'
[0.094s] Level 1:colcon.colcon_core.package_identification:_identify(src) by extensions ['colcon_meta']
[0.094s] Level 1:colcon.colcon_core.package_identification:_identify(src) by extension 'colcon_meta'
[0.094s] Level 1:colcon.colcon_core.package_identification:_identify(src) by extensions ['ros']
[0.094s] Level 1:colcon.colcon_core.package_identification:_identify(src) by extension 'ros'
[0.095s] Level 1:colcon.colcon_core.package_identification:_identify(src) by extensions ['cmake', 'python']
[0.095s] Level 1:colcon.colcon_core.package_identification:_identify(src) by extension 'cmake'
[0.095s] Level 1:colcon.colcon_core.package_identification:_identify(src) by extension 'python'
[0.095s] Level 1:colcon.colcon_core.package_identification:_identify(src) by extensions ['python_setup_py']
[0.095s] Level 1:colcon.colcon_core.package_identification:_identify(src) by extension 'python_setup_py'
[0.095s] Level 1:colcon.colcon_core.package_identification:_identify(src/auto_suture) by extensions ['ignore', 'ignore_ament_install']
[0.095s] Level 1:colcon.colcon_core.package_identification:_identify(src/auto_suture) by extension 'ignore'
[0.095s] Level 1:colcon.colcon_core.package_identification:_identify(src/auto_suture) by extension 'ignore_ament_install'
[0.095s] Level 1:colcon.colcon_core.package_identification:_identify(src/auto_suture) by extensions ['colcon_pkg']
[0.095s] Level 1:colcon.colcon_core.package_identification:_identify(src/auto_suture) by extension 'colcon_pkg'
[0.095s] Level 1:colcon.colcon_core.package_identification:_identify(src/auto_suture) by extensions ['colcon_meta']
[0.095s] Level 1:colcon.colcon_core.package_identification:_identify(src/auto_suture) by extension 'colcon_meta'
[0.095s] Level 1:colcon.colcon_core.package_identification:_identify(src/auto_suture) by extensions ['ros']
[0.095s] Level 1:colcon.colcon_core.package_identification:_identify(src/auto_suture) by extension 'ros'
[0.096s] DEBUG:colcon.colcon_core.package_identification:Package 'src/auto_suture' with type 'ros.ament_python' and name 'auto_suture'
[0.096s] Level 1:colcon.colcon_core.package_identification:_identify(src/auto_suture_interfaces) by extensions ['ignore', 'ignore_ament_install']
[0.096s] Level 1:colcon.colcon_core.package_identification:_identify(src/auto_suture_interfaces) by extension 'ignore'
[0.096s] Level 1:colcon.colcon_core.package_identification:_identify(src/auto_suture_interfaces) by extension 'ignore_ament_install'
[0.096s] Level 1:colcon.colcon_core.package_identification:_identify(src/auto_suture_interfaces) by extensions ['colcon_pkg']
[0.096s] Level 1:colcon.colcon_core.package_identification:_identify(src/auto_suture_interfaces) by extension 'colcon_pkg'
[0.096s] Level 1:colcon.colcon_core.package_identification:_identify(src/auto_suture_interfaces) by extensions ['colcon_meta']
[0.096s] Level 1:colcon.colcon_core.package_identification:_identify(src/auto_suture_interfaces) by extension 'colcon_meta'
[0.096s] Level 1:colcon.colcon_core.package_identification:_identify(src/auto_suture_interfaces) by extensions ['ros']
[0.096s] Level 1:colcon.colcon_core.package_identification:_identify(src/auto_suture_interfaces) by extension 'ros'
[0.097s] DEBUG:colcon.colcon_core.package_identification:Package 'src/auto_suture_interfaces' with type 'ros.ament_cmake' and name 'auto_suture_interfaces'
[0.097s] Level 1:colcon.colcon_core.package_discovery:discover_packages(recursive) using defaults
[0.097s] Level 1:colcon.colcon_core.package_discovery:discover_packages(ignore) discover
[0.097s] Level 1:colcon.colcon_core.package_discovery:discover_packages(ignore) using defaults
[0.097s] Level 1:colcon.colcon_core.package_discovery:discover_packages(path) discover
[0.097s] Level 1:colcon.colcon_core.package_discovery:discover_packages(path) using defaults
[0.106s] Level 1:colcon.colcon_core.package_discovery:discover_packages(prefix_path) check parameters
[0.106s] Level 1:colcon.colcon_core.package_discovery:discover_packages(prefix_path) discover
[0.108s] DEBUG:colcon.colcon_installed_package_information.package_discovery:Found 2 installed packages in /home/jazmin/auto_suture/install
[0.108s] DEBUG:colcon.colcon_installed_package_information.package_discovery:Found 6 installed packages in /home/jazmin/ros_ambf_ws/install
[0.109s] DEBUG:colcon.colcon_installed_package_information.package_discovery:Found 287 installed packages in /opt/ros/jazzy
[0.109s] Level 1:colcon.colcon_core.package_discovery:discover_packages(prefix_path) using defaults
[0.131s] Level 5:colcon.colcon_core.verb:set package 'auto_suture_interfaces' build argument 'cmake_args' from command line to 'None'
[0.131s] Level 5:colcon.colcon_core.verb:set package 'auto_suture_interfaces' build argument 'cmake_target' from command line to 'None'
[0.131s] Level 5:colcon.colcon_core.verb:set package 'auto_suture_interfaces' build argument 'cmake_target_skip_unavailable' from command line to 'False'
[0.131s] Level 5:colcon.colcon_core.verb:set package 'auto_suture_interfaces' build argument 'cmake_clean_cache' from command line to 'False'
[0.131s] Level 5:colcon.colcon_core.verb:set package 'auto_suture_interfaces' build argument 'cmake_clean_first' from command line to 'False'
[0.131s] Level 5:colcon.colcon_core.verb:set package 'auto_suture_interfaces' build argument 'cmake_force_configure' from command line to 'False'
[0.131s] Level 5:colcon.colcon_core.verb:set package 'auto_suture_interfaces' build argument 'ament_cmake_args' from command line to 'None'
[0.131s] Level 5:colcon.colcon_core.verb:set package 'auto_suture_interfaces' build argument 'catkin_cmake_args' from command line to 'None'
[0.131s] Level 5:colcon.colcon_core.verb:set package 'auto_suture_interfaces' build argument 'catkin_skip_building_tests' from command line to 'False'
[0.131s] DEBUG:colcon.colcon_core.verb:Building package 'auto_suture_interfaces' with the following arguments: {'ament_cmake_args': None, 'build_base': '/home/jazmin/auto_suture/build/auto_suture_interfaces', 'catkin_cmake_args': None, 'catkin_skip_building_tests': False, 'cmake_args': None, 'cmake_clean_cache': False, 'cmake_clean_first': False, 'cmake_force_configure': False, 'cmake_target': None, 'cmake_target_skip_unavailable': False, 'install_base': '/home/jazmin/auto_suture/install/auto_suture_interfaces', 'merge_install': False, 'path': '/home/jazmin/auto_suture/src/auto_suture_interfaces', 'symlink_install': False, 'test_result_base': None}
[0.131s] Level 5:colcon.colcon_core.verb:set package 'auto_suture' build argument 'cmake_args' from command line to 'None'
[0.131s] Level 5:colcon.colcon_core.verb:set package 'auto_suture' build argument 'cmake_target' from command line to 'None'
[0.131s] Level 5:colcon.colcon_core.verb:set package 'auto_suture' build argument 'cmake_target_skip_unavailable' from command line to 'False'
[0.131s] Level 5:colcon.colcon_core.verb:set package 'auto_suture' build argument 'cmake_clean_cache' from command line to 'False'
[0.131s] Level 5:colcon.colcon_core.verb:set package 'auto_suture' build argument 'cmake_clean_first' from command line to 'False'
[0.131s] Level 5:colcon.colcon_core.verb:set package 'auto_suture' build argument 'cmake_force_configure' from command line to 'False'
[0.131s] Level 5:colcon.colcon_core.verb:set package 'auto_suture' build argument 'ament_cmake_args' from command line to 'None'
[0.131s] Level 5:colcon.colcon_core.verb:set package 'auto_suture' build argument 'catkin_cmake_args' from command line to 'None'
[0.131s] Level 5:colcon.colcon_core.verb:set package 'auto_suture' build argument 'catkin_skip_building_tests' from command line to 'False'
[0.131s] DEBUG:colcon.colcon_core.verb:Building package 'auto_suture' with the following arguments: {'ament_cmake_args': None, 'build_base': '/home/jazmin/auto_suture/build/auto_suture', 'catkin_cmake_args': None, 'catkin_skip_building_tests': False, 'cmake_args': None, 'cmake_clean_cache': False, 'cmake_clean_first': False, 'cmake_force_configure': False, 'cmake_target': None, 'cmake_target_skip_unavailable': False, 'install_base': '/home/jazmin/auto_suture/install/auto_suture', 'merge_install': False, 'path': '/home/jazmin/auto_suture/src/auto_suture', 'symlink_install': False, 'test_result_base': None}
[0.131s] INFO:colcon.colcon_core.executor:Executing jobs using 'parallel' executor
[0.132s] DEBUG:colcon.colcon_parallel_executor.executor.parallel:run_until_complete
[0.132s] INFO:colcon.colcon_ros.task.ament_cmake.build:Building ROS package in '/home/jazmin/auto_suture/src/auto_suture_interfaces' with build type 'ament_cmake'
[0.132s] INFO:colcon.colcon_cmake.task.cmake.build:Building CMake package in '/home/jazmin/auto_suture/src/auto_suture_interfaces'
[0.134s] INFO:colcon.colcon_core.plugin_system:Skipping extension 'colcon_core.shell.bat': Not used on non-Windows systems
[0.134s] INFO:colcon.colcon_core.shell:Skip shell extension 'powershell' for command environment: Not usable outside of PowerShell
[0.135s] DEBUG:colcon.colcon_core.shell:Skip shell extension 'dsv' for command environment
[0.145s] DEBUG:colcon.colcon_core.event_handler.log_command:Invoking command in '/home/jazmin/auto_suture/build/auto_suture_interfaces': CMAKE_PREFIX_PATH=${CMAKE_PREFIX_PATH}:/home/jazmin/auto_suture/install/auto_suture:/opt/ros/jazzy DEBUGINFOD_URLS=https://debuginfod.ubuntu.com /usr/bin/cmake --build /home/jazmin/auto_suture/build/auto_suture_interfaces -- -j16 -l16
[0.416s] DEBUG:colcon.colcon_core.event_handler.log_command:Invoked command in '/home/jazmin/auto_suture/build/auto_suture_interfaces' returned '0': CMAKE_PREFIX_PATH=${CMAKE_PREFIX_PATH}:/home/jazmin/auto_suture/install/auto_suture:/opt/ros/jazzy DEBUGINFOD_URLS=https://debuginfod.ubuntu.com /usr/bin/cmake --build /home/jazmin/auto_suture/build/auto_suture_interfaces -- -j16 -l16
[0.425s] DEBUG:colcon.colcon_core.event_handler.log_command:Invoking command in '/home/jazmin/auto_suture/build/auto_suture_interfaces': CMAKE_PREFIX_PATH=${CMAKE_PREFIX_PATH}:/home/jazmin/auto_suture/install/auto_suture:/opt/ros/jazzy DEBUGINFOD_URLS=https://debuginfod.ubuntu.com /usr/bin/cmake --install /home/jazmin/auto_suture/build/auto_suture_interfaces
[0.471s] Level 1:colcon.colcon_core.environment:create_environment_scripts_only(auto_suture_interfaces)
[0.472s] DEBUG:colcon.colcon_core.event_handler.log_command:Invoked command in '/home/jazmin/auto_suture/build/auto_suture_interfaces' returned '0': CMAKE_PREFIX_PATH=${CMAKE_PREFIX_PATH}:/home/jazmin/auto_suture/install/auto_suture:/opt/ros/jazzy DEBUGINFOD_URLS=https://debuginfod.ubuntu.com /usr/bin/cmake --install /home/jazmin/auto_suture/build/auto_suture_interfaces
[0.473s] Level 1:colcon.colcon_core.environment:checking '/home/jazmin/auto_suture/install/auto_suture_interfaces' for CMake module files
[0.473s] Level 1:colcon.colcon_core.environment:checking '/home/jazmin/auto_suture/install/auto_suture_interfaces' for CMake config files
[0.474s] Level 1:colcon.colcon_core.shell:create_environment_hook('auto_suture_interfaces', 'cmake_prefix_path')
[0.474s] INFO:colcon.colcon_core.shell:Creating environment hook '/home/jazmin/auto_suture/install/auto_suture_interfaces/share/auto_suture_interfaces/hook/cmake_prefix_path.ps1'
[0.474s] INFO:colcon.colcon_core.shell:Creating environment descriptor '/home/jazmin/auto_suture/install/auto_suture_interfaces/share/auto_suture_interfaces/hook/cmake_prefix_path.dsv'
[0.474s] INFO:colcon.colcon_core.shell:Creating environment hook '/home/jazmin/auto_suture/install/auto_suture_interfaces/share/auto_suture_interfaces/hook/cmake_prefix_path.sh'
[0.475s] Level 1:colcon.colcon_core.environment:checking '/home/jazmin/auto_suture/install/auto_suture_interfaces/lib'
[0.475s] Level 1:colcon.colcon_core.shell:create_environment_hook('auto_suture_interfaces', 'ld_library_path_lib')
[0.475s] INFO:colcon.colcon_core.shell:Creating environment hook '/home/jazmin/auto_suture/install/auto_suture_interfaces/share/auto_suture_interfaces/hook/ld_library_path_lib.ps1'
[0.475s] INFO:colcon.colcon_core.shell:Creating environment descriptor '/home/jazmin/auto_suture/install/auto_suture_interfaces/share/auto_suture_interfaces/hook/ld_library_path_lib.dsv'
[0.475s] INFO:colcon.colcon_core.shell:Creating environment hook '/home/jazmin/auto_suture/install/auto_suture_interfaces/share/auto_suture_interfaces/hook/ld_library_path_lib.sh'
[0.476s] Level 1:colcon.colcon_core.environment:checking '/home/jazmin/auto_suture/install/auto_suture_interfaces/bin'
[0.476s] Level 1:colcon.colcon_core.environment:checking '/home/jazmin/auto_suture/install/auto_suture_interfaces/lib/pkgconfig/auto_suture_interfaces.pc'
[0.476s] Level 1:colcon.colcon_core.environment:checking '/home/jazmin/auto_suture/install/auto_suture_interfaces/lib/python3.12/site-packages'
[0.476s] Level 1:colcon.colcon_core.shell:create_environment_hook('auto_suture_interfaces', 'pythonpath')
[0.476s] INFO:colcon.colcon_core.shell:Creating environment hook '/home/jazmin/auto_suture/install/auto_suture_interfaces/share/auto_suture_interfaces/hook/pythonpath.ps1'
[0.476s] INFO:colcon.colcon_core.shell:Creating environment descriptor '/home/jazmin/auto_suture/install/auto_suture_interfaces/share/auto_suture_interfaces/hook/pythonpath.dsv'
[0.476s] INFO:colcon.colcon_core.shell:Creating environment hook '/home/jazmin/auto_suture/install/auto_suture_interfaces/share/auto_suture_interfaces/hook/pythonpath.sh'
[0.477s] Level 1:colcon.colcon_core.environment:checking '/home/jazmin/auto_suture/install/auto_suture_interfaces/bin'
[0.477s] INFO:colcon.colcon_core.shell:Creating package script '/home/jazmin/auto_suture/install/auto_suture_interfaces/share/auto_suture_interfaces/package.ps1'
[0.478s] INFO:colcon.colcon_core.shell:Creating package descriptor '/home/jazmin/auto_suture/install/auto_suture_interfaces/share/auto_suture_interfaces/package.dsv'
[0.478s] INFO:colcon.colcon_core.shell:Creating package script '/home/jazmin/auto_suture/install/auto_suture_interfaces/share/auto_suture_interfaces/package.sh'
[0.479s] INFO:colcon.colcon_core.shell:Creating package script '/home/jazmin/auto_suture/install/auto_suture_interfaces/share/auto_suture_interfaces/package.bash'
[0.479s] INFO:colcon.colcon_core.shell:Creating package script '/home/jazmin/auto_suture/install/auto_suture_interfaces/share/auto_suture_interfaces/package.zsh'
[0.479s] Level 1:colcon.colcon_core.environment:create_file_with_runtime_dependencies(/home/jazmin/auto_suture/install/auto_suture_interfaces/share/colcon-core/packages/auto_suture_interfaces)
[0.480s] Level 1:colcon.colcon_core.environment:create_environment_scripts_only(auto_suture_interfaces)
[0.480s] Level 1:colcon.colcon_core.environment:checking '/home/jazmin/auto_suture/install/auto_suture_interfaces' for CMake module files
[0.480s] Level 1:colcon.colcon_core.environment:checking '/home/jazmin/auto_suture/install/auto_suture_interfaces' for CMake config files
[0.480s] Level 1:colcon.colcon_core.shell:create_environment_hook('auto_suture_interfaces', 'cmake_prefix_path')
[0.480s] INFO:colcon.colcon_core.shell:Creating environment hook '/home/jazmin/auto_suture/install/auto_suture_interfaces/share/auto_suture_interfaces/hook/cmake_prefix_path.ps1'
[0.480s] INFO:colcon.colcon_core.shell:Creating environment descriptor '/home/jazmin/auto_suture/install/auto_suture_interfaces/share/auto_suture_interfaces/hook/cmake_prefix_path.dsv'
[0.481s] INFO:colcon.colcon_core.shell:Creating environment hook '/home/jazmin/auto_suture/install/auto_suture_interfaces/share/auto_suture_interfaces/hook/cmake_prefix_path.sh'
[0.481s] Level 1:colcon.colcon_core.environment:checking '/home/jazmin/auto_suture/install/auto_suture_interfaces/lib'
[0.481s] Level 1:colcon.colcon_core.shell:create_environment_hook('auto_suture_interfaces', 'ld_library_path_lib')
[0.481s] INFO:colcon.colcon_core.shell:Creating environment hook '/home/jazmin/auto_suture/install/auto_suture_interfaces/share/auto_suture_interfaces/hook/ld_library_path_lib.ps1'
[0.481s] INFO:colcon.colcon_core.shell:Creating environment descriptor '/home/jazmin/auto_suture/install/auto_suture_interfaces/share/auto_suture_interfaces/hook/ld_library_path_lib.dsv'
[0.482s] INFO:colcon.colcon_core.shell:Creating environment hook '/home/jazmin/auto_suture/install/auto_suture_interfaces/share/auto_suture_interfaces/hook/ld_library_path_lib.sh'
[0.482s] Level 1:colcon.colcon_core.environment:checking '/home/jazmin/auto_suture/install/auto_suture_interfaces/bin'
[0.482s] Level 1:colcon.colcon_core.environment:checking '/home/jazmin/auto_suture/install/auto_suture_interfaces/lib/pkgconfig/auto_suture_interfaces.pc'
[0.482s] Level 1:colcon.colcon_core.environment:checking '/home/jazmin/auto_suture/install/auto_suture_interfaces/lib/python3.12/site-packages'
[0.482s] Level 1:colcon.colcon_core.shell:create_environment_hook('auto_suture_interfaces', 'pythonpath')
[0.482s] INFO:colcon.colcon_core.shell:Creating environment hook '/home/jazmin/auto_suture/install/auto_suture_interfaces/share/auto_suture_interfaces/hook/pythonpath.ps1'
[0.482s] INFO:colcon.colcon_core.shell:Creating environment descriptor '/home/jazmin/auto_suture/install/auto_suture_interfaces/share/auto_suture_interfaces/hook/pythonpath.dsv'
[0.482s] INFO:colcon.colcon_core.shell:Creating environment hook '/home/jazmin/auto_suture/install/auto_suture_interfaces/share/auto_suture_interfaces/hook/pythonpath.sh'
[0.483s] Level 1:colcon.colcon_core.environment:checking '/home/jazmin/auto_suture/install/auto_suture_interfaces/bin'
[0.483s] INFO:colcon.colcon_core.shell:Creating package script '/home/jazmin/auto_suture/install/auto_suture_interfaces/share/auto_suture_interfaces/package.ps1'
[0.483s] INFO:colcon.colcon_core.shell:Creating package descriptor '/home/jazmin/auto_suture/install/auto_suture_interfaces/share/auto_suture_interfaces/package.dsv'
[0.483s] INFO:colcon.colcon_core.shell:Creating package script '/home/jazmin/auto_suture/install/auto_suture_interfaces/share/auto_suture_interfaces/package.sh'
[0.484s] INFO:colcon.colcon_core.shell:Creating package script '/home/jazmin/auto_suture/install/auto_suture_interfaces/share/auto_suture_interfaces/package.bash'
[0.484s] INFO:colcon.colcon_core.shell:Creating package script '/home/jazmin/auto_suture/install/auto_suture_interfaces/share/auto_suture_interfaces/package.zsh'
[0.484s] Level 1:colcon.colcon_core.environment:create_file_with_runtime_dependencies(/home/jazmin/auto_suture/install/auto_suture_interfaces/share/colcon-core/packages/auto_suture_interfaces)
[0.484s] INFO:colcon.colcon_ros.task.ament_python.build:Building ROS package in '/home/jazmin/auto_suture/src/auto_suture' with build type 'ament_python'
[0.484s] Level 1:colcon.colcon_core.shell:create_environment_hook('auto_suture', 'ament_prefix_path')
[0.485s] INFO:colcon.colcon_core.shell:Creating environment hook '/home/jazmin/auto_suture/install/auto_suture/share/auto_suture/hook/ament_prefix_path.ps1'
[0.485s] INFO:colcon.colcon_core.shell:Creating environment descriptor '/home/jazmin/auto_suture/install/auto_suture/share/auto_suture/hook/ament_prefix_path.dsv'
[0.485s] INFO:colcon.colcon_core.shell:Creating environment hook '/home/jazmin/auto_suture/install/auto_suture/share/auto_suture/hook/ament_prefix_path.sh'
[0.485s] INFO:colcon.colcon_core.shell:Skip shell extension 'powershell' for command environment: Not usable outside of PowerShell
[0.486s] DEBUG:colcon.colcon_core.shell:Skip shell extension 'dsv' for command environment
[0.627s] INFO:colcon.colcon_core.task.python.build:Building Python package in '/home/jazmin/auto_suture/src/auto_suture'
[0.627s] INFO:colcon.colcon_core.shell:Skip shell extension 'powershell' for command environment: Not usable outside of PowerShell
[0.627s] DEBUG:colcon.colcon_core.shell:Skip shell extension 'dsv' for command environment
[0.967s] DEBUG:colcon.colcon_core.task.python.build:Available setuptools commands: update_catalog, build_scripts, test, check, compile_catalog, upload, dist_info, easy_install, alias, install_scripts, bdist_egg, install, install_headers, install_egg_info, extract_messages, sdist, setopt, bdist_rpm, init_catalog, build_clib, develop, saveopts, symlink_data, install_lib, install_data, bdist, register, editable_wheel, build_py, bdist_wheel, upload_docs, build_ext, bdist_dumb, clean, rotate, build, egg_info
[0.968s] DEBUG:colcon.colcon_core.event_handler.log_command:Invoking command in '/home/jazmin/auto_suture/src/auto_suture': DEBUGINFOD_URLS=https://debuginfod.ubuntu.com PYTHONPATH=/home/jazmin/auto_suture/build/auto_suture/prefix_override:/usr/lib/python3/dist-packages/colcon_core/task/python/colcon_distutils_commands:/home/jazmin/auto_suture/install/auto_suture/lib/python3.12/site-packages:/home/jazmin/auto_suture/install/auto_suture_interfaces/lib/python3.12/site-packages:/home/jazmin/auto_suture/install/auto_suture/lib/python3.12/site-packages:/home/jazmin/ros_ambf_ws/install/ambf_client/lib/python3.12/site-packages:/home/jazmin/ros_ambf_ws/install/tf_function/lib/python3.12/site-packages:/home/jazmin/ros_ambf_ws/install/ambf_msgs/lib/python3.12/site-packages:/opt/ros/jazzy/lib/python3.12/site-packages /usr/bin/python3 -W ignore:setup.py install is deprecated -W ignore:easy_install command is deprecated setup.py egg_info --egg-base ../../build/auto_suture build --build-base /home/jazmin/auto_suture/build/auto_suture/build install --record /home/jazmin/auto_suture/build/auto_suture/install.log --install-scripts $base/lib/auto_suture --single-version-externally-managed install_data
[1.247s] Level 1:colcon.colcon_core.environment:checking '/home/jazmin/auto_suture/install/auto_suture' for CMake module files
[1.247s] DEBUG:colcon.colcon_core.event_handler.log_command:Invoked command in '/home/jazmin/auto_suture/src/auto_suture' returned '0': DEBUGINFOD_URLS=https://debuginfod.ubuntu.com PYTHONPATH=/home/jazmin/auto_suture/build/auto_suture/prefix_override:/usr/lib/python3/dist-packages/colcon_core/task/python/colcon_distutils_commands:/home/jazmin/auto_suture/install/auto_suture/lib/python3.12/site-packages:/home/jazmin/auto_suture/install/auto_suture_interfaces/lib/python3.12/site-packages:/home/jazmin/auto_suture/install/auto_suture/lib/python3.12/site-packages:/home/jazmin/ros_ambf_ws/install/ambf_client/lib/python3.12/site-packages:/home/jazmin/ros_ambf_ws/install/tf_function/lib/python3.12/site-packages:/home/jazmin/ros_ambf_ws/install/ambf_msgs/lib/python3.12/site-packages:/opt/ros/jazzy/lib/python3.12/site-packages /usr/bin/python3 -W ignore:setup.py install is deprecated -W ignore:easy_install command is deprecated setup.py egg_info --egg-base ../../build/auto_suture build --build-base /home/jazmin/auto_suture/build/auto_suture/build install --record /home/jazmin/auto_suture/build/auto_suture/install.log --install-scripts $base/lib/auto_suture --single-version-externally-managed install_data
[1.247s] Level 1:colcon.colcon_core.environment:checking '/home/jazmin/auto_suture/install/auto_suture' for CMake config files
[1.248s] Level 1:colcon.colcon_core.environment:checking '/home/jazmin/auto_suture/install/auto_suture/lib'
[1.248s] Level 1:colcon.colcon_core.environment:checking '/home/jazmin/auto_suture/install/auto_suture/bin'
[1.248s] Level 1:colcon.colcon_core.environment:checking '/home/jazmin/auto_suture/install/auto_suture/lib/pkgconfig/auto_suture.pc'
[1.248s] Level 1:colcon.colcon_core.environment:checking '/home/jazmin/auto_suture/install/auto_suture/lib/python3.12/site-packages'
[1.248s] Level 1:colcon.colcon_core.shell:create_environment_hook('auto_suture', 'pythonpath')
[1.248s] INFO:colcon.colcon_core.shell:Creating environment hook '/home/jazmin/auto_suture/install/auto_suture/share/auto_suture/hook/pythonpath.ps1'
[1.248s] INFO:colcon.colcon_core.shell:Creating environment descriptor '/home/jazmin/auto_suture/install/auto_suture/share/auto_suture/hook/pythonpath.dsv'
[1.249s] INFO:colcon.colcon_core.shell:Creating environment hook '/home/jazmin/auto_suture/install/auto_suture/share/auto_suture/hook/pythonpath.sh'
[1.249s] Level 1:colcon.colcon_core.environment:checking '/home/jazmin/auto_suture/install/auto_suture/bin'
[1.249s] Level 1:colcon.colcon_core.environment:create_environment_scripts_only(auto_suture)
[1.249s] INFO:colcon.colcon_core.shell:Creating package script '/home/jazmin/auto_suture/install/auto_suture/share/auto_suture/package.ps1'
[1.250s] INFO:colcon.colcon_core.shell:Creating package descriptor '/home/jazmin/auto_suture/install/auto_suture/share/auto_suture/package.dsv'
[1.250s] INFO:colcon.colcon_core.shell:Creating package script '/home/jazmin/auto_suture/install/auto_suture/share/auto_suture/package.sh'
[1.250s] INFO:colcon.colcon_core.shell:Creating package script '/home/jazmin/auto_suture/install/auto_suture/share/auto_suture/package.bash'
[1.250s] INFO:colcon.colcon_core.shell:Creating package script '/home/jazmin/auto_suture/install/auto_suture/share/auto_suture/package.zsh'
[1.250s] Level 1:colcon.colcon_core.environment:create_file_with_runtime_dependencies(/home/jazmin/auto_suture/install/auto_suture/share/colcon-core/packages/auto_suture)
[1.250s] DEBUG:colcon.colcon_parallel_executor.executor.parallel:closing loop
[1.251s] DEBUG:colcon.colcon_parallel_executor.executor.parallel:loop closed
[1.251s] DEBUG:colcon.colcon_parallel_executor.executor.parallel:run_until_complete finished with '0'
[1.251s] DEBUG:colcon.colcon_core.event_reactor:joining thread
[1.254s] INFO:colcon.colcon_core.plugin_system:Skipping extension 'colcon_notification.desktop_notification.terminal_notifier': Not used on non-Darwin systems
[1.254s] INFO:colcon.colcon_core.plugin_system:Skipping extension 'colcon_notification.desktop_notification.win32': Not used on non-Windows systems
[1.254s] INFO:colcon.colcon_notification.desktop_notification:Sending desktop notification using 'notify2'
[1.265s] DEBUG:colcon.colcon_core.event_reactor:joined thread
[1.265s] INFO:colcon.colcon_core.shell:Creating prefix script '/home/jazmin/auto_suture/install/local_setup.ps1'
[1.266s] INFO:colcon.colcon_core.shell:Creating prefix util module '/home/jazmin/auto_suture/install/_local_setup_util_ps1.py'
[1.267s] INFO:colcon.colcon_core.shell:Creating prefix chain script '/home/jazmin/auto_suture/install/setup.ps1'
[1.268s] INFO:colcon.colcon_core.shell:Creating prefix script '/home/jazmin/auto_suture/install/local_setup.sh'
[1.268s] INFO:colcon.colcon_core.shell:Creating prefix util module '/home/jazmin/auto_suture/install/_local_setup_util_sh.py'
[1.268s] INFO:colcon.colcon_core.shell:Creating prefix chain script '/home/jazmin/auto_suture/install/setup.sh'
[1.269s] INFO:colcon.colcon_core.shell:Creating prefix script '/home/jazmin/auto_suture/install/local_setup.bash'
[1.269s] INFO:colcon.colcon_core.shell:Creating prefix chain script '/home/jazmin/auto_suture/install/setup.bash'
[1.270s] INFO:colcon.colcon_core.shell:Creating prefix script '/home/jazmin/auto_suture/install/local_setup.zsh'
[1.270s] INFO:colcon.colcon_core.shell:Creating prefix chain script '/home/jazmin/auto_suture/install/setup.zsh'
