[0.043s] Invoking command in '/home/jazmin/auto_suture/build/auto_suture_interfaces': CMAKE_PREFIX_PATH=${CMAKE_PREFIX_PATH}:/opt/ros/jazzy DEBUGINFOD_URLS=https://debuginfod.ubuntu.com /usr/bin/cmake /home/jazmin/auto_suture/src/auto_suture_interfaces -DAMENT_CMAKE_SYMLINK_INSTALL=1 -DCMAKE_INSTALL_PREFIX=/home/jazmin/auto_suture/install/auto_suture_interfaces
[0.056s] -- Found ament_cmake: 2.5.6 (/opt/ros/jazzy/share/ament_cmake/cmake)
[0.136s] -- Override CMake install command with custom implementation using symlinks instead of copying resources
[0.144s] -- Found rosidl_default_generators: 1.6.1 (/opt/ros/jazzy/share/rosidl_default_generators/cmake)
[0.147s] -- Using all available rosidl_typesupport_c: rosidl_typesupport_fastrtps_c;rosidl_typesupport_introspection_c
[0.183s] -- Using all available rosidl_typesupport_cpp: rosidl_typesupport_fastrtps_cpp;rosidl_typesupport_introspection_cpp
[0.206s] -- Found rosidl_adapter: 4.6.9 (/opt/ros/jazzy/share/rosidl_adapter/cmake)
[0.208s] -- Found geometry_msgs: 5.3.8 (/opt/ros/jazzy/share/geometry_msgs/cmake)
[0.495s] -- Found ament_cmake_ros: 0.12.1 (/opt/ros/jazzy/share/ament_cmake_ros/cmake)
[0.638s] -- Using all available rosidl_typesupport_c: rosidl_typesupport_fastrtps_c;rosidl_typesupport_introspection_c
[0.819s] -- Using all available rosidl_typesupport_cpp: rosidl_typesupport_fastrtps_cpp;rosidl_typesupport_introspection_cpp
[0.821s] -- Found python_cmake_module: 0.11.1 (/opt/ros/jazzy/share/python_cmake_module/cmake)
[1.044s] -- Found Python3: /usr/bin/python3 (found version "3.12.3") found components: Interpreter Development NumPy Development.Module Development.Embed 
[1.104s] -- Found Python3: /usr/bin/python3 (found version "3.12.3") found components: Interpreter 
[1.108s] -- Found ament_lint_auto: 0.17.5 (/opt/ros/jazzy/share/ament_lint_auto/cmake)
[1.120s] -- Added test 'lint_cmake' to check CMake code style
[1.121s] -- Added test 'xmllint' to check XML markup files
[1.123s] -- Configuring done (1.1s)
[1.166s] -- Generating done (0.0s)
[1.174s] -- Build files have been written to: /home/jazmin/auto_suture/build/auto_suture_interfaces
[1.181s] Invoked command in '/home/jazmin/auto_suture/build/auto_suture_interfaces' returned '0': CMAKE_PREFIX_PATH=${CMAKE_PREFIX_PATH}:/opt/ros/jazzy DEBUGINFOD_URLS=https://debuginfod.ubuntu.com /usr/bin/cmake /home/jazmin/auto_suture/src/auto_suture_interfaces -DAMENT_CMAKE_SYMLINK_INSTALL=1 -DCMAKE_INSTALL_PREFIX=/home/jazmin/auto_suture/install/auto_suture_interfaces
[1.182s] Invoking command in '/home/jazmin/auto_suture/build/auto_suture_interfaces': CMAKE_PREFIX_PATH=${CMAKE_PREFIX_PATH}:/opt/ros/jazzy DEBUGINFOD_URLS=https://debuginfod.ubuntu.com /usr/bin/cmake --build /home/jazmin/auto_suture/build/auto_suture_interfaces -- -j16 -l16
[1.227s] [  2%] Built target auto_suture_interfaces__rosidl_generator_type_description
[1.227s] [  5%] Built target auto_suture_interfaces__rs
[1.229s] failed to create symbolic link '/home/jazmin/auto_suture/build/auto_suture_interfaces/ament_cmake_python/auto_suture_interfaces/auto_suture_interfaces' because existing path cannot be removed: Is a directory
[1.230s] gmake[2]: *** [CMakeFiles/ament_cmake_python_symlink_auto_suture_interfaces.dir/build.make:70: CMakeFiles/ament_cmake_python_symlink_auto_suture_interfaces] Error 1
[1.230s] gmake[1]: *** [CMakeFiles/Makefile2:471: CMakeFiles/ament_cmake_python_symlink_auto_suture_interfaces.dir/all] Error 2
[1.230s] gmake[1]: *** Waiting for unfinished jobs....
[1.244s] [  8%] Built target auto_suture_interfaces__cpp
[1.245s] [ 22%] Built target auto_suture_interfaces__rosidl_generator_c
[1.246s] gmake: *** [Makefile:146: all] Error 2
[1.248s] Invoked command in '/home/jazmin/auto_suture/build/auto_suture_interfaces' returned '2': CMAKE_PREFIX_PATH=${CMAKE_PREFIX_PATH}:/opt/ros/jazzy DEBUGINFOD_URLS=https://debuginfod.ubuntu.com /usr/bin/cmake --build /home/jazmin/auto_suture/build/auto_suture_interfaces -- -j16 -l16
