[0.843s] Invoking command in '/home/jazmin/auto_suture/src/auto_suture': AMENT_PREFIX_PATH=/home/jazmin/auto_suture/install/auto_suture_interfaces:${AMENT_PREFIX_PATH} CMAKE_PREFIX_PATH=/home/jazmin/auto_suture/install/auto_suture_interfaces:${CMAKE_PREFIX_PATH} DEBUGINFOD_URLS=https://debuginfod.ubuntu.com LD_LIBRARY_PATH=/home/jazmin/auto_suture/install/auto_suture_interfaces/lib:${LD_LIBRARY_PATH} PYTHONPATH=/home/jazmin/auto_suture/build/auto_suture/prefix_override:/usr/lib/python3/dist-packages/colcon_core/task/python/colcon_distutils_commands:/home/jazmin/auto_suture/install/auto_suture/lib/python3.12/site-packages:/home/jazmin/auto_suture/install/auto_suture_interfaces/lib/python3.12/site-packages:${PYTHONPATH} /usr/bin/python3 -W ignore:setup.py install is deprecated -W ignore:easy_install command is deprecated setup.py egg_info --egg-base ../../build/auto_suture build --build-base /home/jazmin/auto_suture/build/auto_suture/build install --record /home/jazmin/auto_suture/build/auto_suture/install.log --install-scripts $base/lib/auto_suture --single-version-externally-managed install_data
[1.072s] running egg_info
[1.080s] writing ../../build/auto_suture/auto_suture.egg-info/PKG-INFO
[1.080s] writing dependency_links to ../../build/auto_suture/auto_suture.egg-info/dependency_links.txt
[1.080s] writing entry points to ../../build/auto_suture/auto_suture.egg-info/entry_points.txt
[1.080s] writing requirements to ../../build/auto_suture/auto_suture.egg-info/requires.txt
[1.080s] writing top-level names to ../../build/auto_suture/auto_suture.egg-info/top_level.txt
[1.099s] reading manifest file '../../build/auto_suture/auto_suture.egg-info/SOURCES.txt'
[1.100s] adding license file 'LICENSE'
[1.100s] writing manifest file '../../build/auto_suture/auto_suture.egg-info/SOURCES.txt'
[1.100s] running build
[1.100s] running build_py
[1.100s] copying auto_suture/tool_grasp_pose_node.py -> /home/jazmin/auto_suture/build/auto_suture/build/lib/auto_suture
[1.100s] copying auto_suture/needle_position_node.py -> /home/jazmin/auto_suture/build/auto_suture/build/lib/auto_suture
[1.100s] copying auto_suture/move_to_grasp.py -> /home/jazmin/auto_suture/build/auto_suture/build/lib/auto_suture
[1.101s] running install
[1.104s] running install_lib
[1.113s] copying /home/jazmin/auto_suture/build/auto_suture/build/lib/auto_suture/tool_grasp_pose_node.py -> /home/jazmin/auto_suture/install/auto_suture/lib/python3.12/site-packages/auto_suture
[1.113s] copying /home/jazmin/auto_suture/build/auto_suture/build/lib/auto_suture/needle_position_node.py -> /home/jazmin/auto_suture/install/auto_suture/lib/python3.12/site-packages/auto_suture
[1.113s] copying /home/jazmin/auto_suture/build/auto_suture/build/lib/auto_suture/move_to_grasp.py -> /home/jazmin/auto_suture/install/auto_suture/lib/python3.12/site-packages/auto_suture
[1.114s] byte-compiling /home/jazmin/auto_suture/install/auto_suture/lib/python3.12/site-packages/auto_suture/tool_grasp_pose_node.py to tool_grasp_pose_node.cpython-312.pyc
[1.114s] byte-compiling /home/jazmin/auto_suture/install/auto_suture/lib/python3.12/site-packages/auto_suture/needle_position_node.py to needle_position_node.cpython-312.pyc
[1.115s] byte-compiling /home/jazmin/auto_suture/install/auto_suture/lib/python3.12/site-packages/auto_suture/move_to_grasp.py to move_to_grasp.cpython-312.pyc
[1.115s] running install_data
[1.115s] copying launch/suture_sim.launch.py -> /home/jazmin/auto_suture/install/auto_suture/share/auto_suture/launch
[1.115s] running install_egg_info
[1.125s] removing '/home/jazmin/auto_suture/install/auto_suture/lib/python3.12/site-packages/auto_suture-0.0.0-py3.12.egg-info' (and everything under it)
[1.125s] Copying ../../build/auto_suture/auto_suture.egg-info to /home/jazmin/auto_suture/install/auto_suture/lib/python3.12/site-packages/auto_suture-0.0.0-py3.12.egg-info
[1.125s] running install_scripts
[1.205s] Installing move_to_grasp script to /home/jazmin/auto_suture/install/auto_suture/lib/auto_suture
[1.206s] Installing needle_frame_converter script to /home/jazmin/auto_suture/install/auto_suture/lib/auto_suture
[1.206s] Installing needle_position script to /home/jazmin/auto_suture/install/auto_suture/lib/auto_suture
[1.206s] Installing tool_grasp_pose script to /home/jazmin/auto_suture/install/auto_suture/lib/auto_suture
[1.206s] writing list of installed files to '/home/jazmin/auto_suture/build/auto_suture/install.log'
[1.227s] Invoked command in '/home/jazmin/auto_suture/src/auto_suture' returned '0': AMENT_PREFIX_PATH=/home/jazmin/auto_suture/install/auto_suture_interfaces:${AMENT_PREFIX_PATH} CMAKE_PREFIX_PATH=/home/jazmin/auto_suture/install/auto_suture_interfaces:${CMAKE_PREFIX_PATH} DEBUGINFOD_URLS=https://debuginfod.ubuntu.com LD_LIBRARY_PATH=/home/jazmin/auto_suture/install/auto_suture_interfaces/lib:${LD_LIBRARY_PATH} PYTHONPATH=/home/jazmin/auto_suture/build/auto_suture/prefix_override:/usr/lib/python3/dist-packages/colcon_core/task/python/colcon_distutils_commands:/home/jazmin/auto_suture/install/auto_suture/lib/python3.12/site-packages:/home/jazmin/auto_suture/install/auto_suture_interfaces/lib/python3.12/site-packages:${PYTHONPATH} /usr/bin/python3 -W ignore:setup.py install is deprecated -W ignore:easy_install command is deprecated setup.py egg_info --egg-base ../../build/auto_suture build --build-base /home/jazmin/auto_suture/build/auto_suture/build install --record /home/jazmin/auto_suture/build/auto_suture/install.log --install-scripts $base/lib/auto_suture --single-version-externally-managed install_data
