[0.124s] DEBUG:colcon:Command line arguments: ['/usr/bin/colcon', 'build']
[0.125s] DEBUG:colcon:Parsed command line arguments: Namespace(log_base=None, log_level=None, verb_name='build', build_base='build', install_base='install', merge_install=False, symlink_install=False, test_result_base=None, continue_on_error=False, executor='parallel', parallel_workers=16, event_handlers=None, ignore_user_meta=False, metas=['./colcon.meta'], base_paths=['.'], packages_ignore=None, packages_ignore_regex=None, paths=None, packages_up_to=None, packages_up_to_regex=None, packages_above=None, packages_above_and_dependencies=None, packages_above_depth=None, packages_select_by_dep=None, packages_skip_by_dep=None, packages_skip_up_to=None, packages_select_build_failed=False, packages_skip_build_finished=False, packages_select_test_failures=False, packages_skip_test_passed=False, packages_select=None, packages_skip=None, packages_select_regex=None, packages_skip_regex=None, packages_start=None, packages_end=None, allow_overriding=[], cmake_args=None, cmake_target=None, cmake_target_skip_unavailable=False, cmake_clean_cache=False, cmake_clean_first=False, cmake_force_configure=False, ament_cmake_args=None, catkin_cmake_args=None, catkin_skip_building_tests=False, mixin_files=None, mixin=None, verb_parser=<colcon_mixin.mixin.mixin_argument.MixinArgumentDecorator object at 0x7ec5d8ca0800>, verb_extension=<colcon_core.verb.build.BuildVerb object at 0x7ec5d8ca0410>, main=<bound method BuildVerb.main of <colcon_core.verb.build.BuildVerb object at 0x7ec5d8ca0410>>, mixin_verb=('build',))
[0.174s] Level 1:colcon.colcon_core.package_discovery:discover_packages(colcon_meta) check parameters
[0.174s] Level 1:colcon.colcon_core.package_discovery:discover_packages(recursive) check parameters
[0.174s] Level 1:colcon.colcon_core.package_discovery:discover_packages(ignore) check parameters
[0.174s] Level 1:colcon.colcon_core.package_discovery:discover_packages(path) check parameters
[0.174s] Level 1:colcon.colcon_core.package_discovery:discover_packages(colcon_meta) discover
[0.174s] Level 1:colcon.colcon_core.package_discovery:discover_packages(recursive) discover
[0.174s] INFO:colcon.colcon_core.package_discovery:Crawling recursively for packages in '/home/jazmin/auto_suture'
[0.174s] Level 1:colcon.colcon_core.package_identification:_identify(.) by extensions ['ignore', 'ignore_ament_install']
[0.175s] Level 1:colcon.colcon_core.package_identification:_identify(.) by extension 'ignore'
[0.175s] Level 1:colcon.colcon_core.package_identification:_identify(.) by extension 'ignore_ament_install'
[0.175s] Level 1:colcon.colcon_core.package_identification:_identify(.) by extensions ['colcon_pkg']
[0.175s] Level 1:colcon.colcon_core.package_identification:_identify(.) by extension 'colcon_pkg'
[0.175s] Level 1:colcon.colcon_core.package_identification:_identify(.) by extensions ['colcon_meta']
[0.175s] Level 1:colcon.colcon_core.package_identification:_identify(.) by extension 'colcon_meta'
[0.175s] Level 1:colcon.colcon_core.package_identification:_identify(.) by extensions ['ros']
[0.175s] Level 1:colcon.colcon_core.package_identification:_identify(.) by extension 'ros'
[0.206s] Level 1:colcon.colcon_core.package_identification:_identify(.) by extensions ['cmake', 'python']
[0.206s] Level 1:colcon.colcon_core.package_identification:_identify(.) by extension 'cmake'
[0.206s] Level 1:colcon.colcon_core.package_identification:_identify(.) by extension 'python'
[0.206s] Level 1:colcon.colcon_core.package_identification:_identify(.) by extensions ['python_setup_py']
[0.206s] Level 1:colcon.colcon_core.package_identification:_identify(.) by extension 'python_setup_py'
[0.207s] Level 1:colcon.colcon_core.package_identification:_identify(build) by extensions ['ignore', 'ignore_ament_install']
[0.207s] Level 1:colcon.colcon_core.package_identification:_identify(build) by extension 'ignore'
[0.207s] Level 1:colcon.colcon_core.package_identification:_identify(build) ignored
[0.207s] Level 1:colcon.colcon_core.package_identification:_identify(install) by extensions ['ignore', 'ignore_ament_install']
[0.207s] Level 1:colcon.colcon_core.package_identification:_identify(install) by extension 'ignore'
[0.207s] Level 1:colcon.colcon_core.package_identification:_identify(install) ignored
[0.207s] Level 1:colcon.colcon_core.package_identification:_identify(log) by extensions ['ignore', 'ignore_ament_install']
[0.207s] Level 1:colcon.colcon_core.package_identification:_identify(log) by extension 'ignore'
[0.207s] Level 1:colcon.colcon_core.package_identification:_identify(log) ignored
[0.208s] Level 1:colcon.colcon_core.package_identification:_identify(src) by extensions ['ignore', 'ignore_ament_install']
[0.208s] Level 1:colcon.colcon_core.package_identification:_identify(src) by extension 'ignore'
[0.208s] Level 1:colcon.colcon_core.package_identification:_identify(src) by extension 'ignore_ament_install'
[0.208s] Level 1:colcon.colcon_core.package_identification:_identify(src) by extensions ['colcon_pkg']
[0.208s] Level 1:colcon.colcon_core.package_identification:_identify(src) by extension 'colcon_pkg'
[0.208s] Level 1:colcon.colcon_core.package_identification:_identify(src) by extensions ['colcon_meta']
[0.208s] Level 1:colcon.colcon_core.package_identification:_identify(src) by extension 'colcon_meta'
[0.208s] Level 1:colcon.colcon_core.package_identification:_identify(src) by extensions ['ros']
[0.208s] Level 1:colcon.colcon_core.package_identification:_identify(src) by extension 'ros'
[0.208s] Level 1:colcon.colcon_core.package_identification:_identify(src) by extensions ['cmake', 'python']
[0.208s] Level 1:colcon.colcon_core.package_identification:_identify(src) by extension 'cmake'
[0.208s] Level 1:colcon.colcon_core.package_identification:_identify(src) by extension 'python'
[0.208s] Level 1:colcon.colcon_core.package_identification:_identify(src) by extensions ['python_setup_py']
[0.208s] Level 1:colcon.colcon_core.package_identification:_identify(src) by extension 'python_setup_py'
[0.208s] Level 1:colcon.colcon_core.package_identification:_identify(src/auto_suture) by extensions ['ignore', 'ignore_ament_install']
[0.208s] Level 1:colcon.colcon_core.package_identification:_identify(src/auto_suture) by extension 'ignore'
[0.208s] Level 1:colcon.colcon_core.package_identification:_identify(src/auto_suture) by extension 'ignore_ament_install'
[0.208s] Level 1:colcon.colcon_core.package_identification:_identify(src/auto_suture) by extensions ['colcon_pkg']
[0.208s] Level 1:colcon.colcon_core.package_identification:_identify(src/auto_suture) by extension 'colcon_pkg'
[0.209s] Level 1:colcon.colcon_core.package_identification:_identify(src/auto_suture) by extensions ['colcon_meta']
[0.209s] Level 1:colcon.colcon_core.package_identification:_identify(src/auto_suture) by extension 'colcon_meta'
[0.209s] Level 1:colcon.colcon_core.package_identification:_identify(src/auto_suture) by extensions ['ros']
[0.209s] Level 1:colcon.colcon_core.package_identification:_identify(src/auto_suture) by extension 'ros'
[0.212s] DEBUG:colcon.colcon_core.package_identification:Package 'src/auto_suture' with type 'ros.ament_python' and name 'auto_suture'
[0.212s] Level 1:colcon.colcon_core.package_identification:_identify(src/auto_suture_interfaces) by extensions ['ignore', 'ignore_ament_install']
[0.212s] Level 1:colcon.colcon_core.package_identification:_identify(src/auto_suture_interfaces) by extension 'ignore'
[0.212s] Level 1:colcon.colcon_core.package_identification:_identify(src/auto_suture_interfaces) by extension 'ignore_ament_install'
[0.212s] Level 1:colcon.colcon_core.package_identification:_identify(src/auto_suture_interfaces) by extensions ['colcon_pkg']
[0.212s] Level 1:colcon.colcon_core.package_identification:_identify(src/auto_suture_interfaces) by extension 'colcon_pkg'
[0.212s] Level 1:colcon.colcon_core.package_identification:_identify(src/auto_suture_interfaces) by extensions ['colcon_meta']
[0.212s] Level 1:colcon.colcon_core.package_identification:_identify(src/auto_suture_interfaces) by extension 'colcon_meta'
[0.212s] Level 1:colcon.colcon_core.package_identification:_identify(src/auto_suture_interfaces) by extensions ['ros']
[0.212s] Level 1:colcon.colcon_core.package_identification:_identify(src/auto_suture_interfaces) by extension 'ros'
[0.213s] DEBUG:colcon.colcon_core.package_identification:Package 'src/auto_suture_interfaces' with type 'ros.ament_cmake' and name 'auto_suture_interfaces'
[0.213s] Level 1:colcon.colcon_core.package_discovery:discover_packages(recursive) using defaults
[0.213s] Level 1:colcon.colcon_core.package_discovery:discover_packages(ignore) discover
[0.213s] Level 1:colcon.colcon_core.package_discovery:discover_packages(ignore) using defaults
[0.213s] Level 1:colcon.colcon_core.package_discovery:discover_packages(path) discover
[0.213s] Level 1:colcon.colcon_core.package_discovery:discover_packages(path) using defaults
[0.236s] Level 1:colcon.colcon_core.package_discovery:discover_packages(prefix_path) check parameters
[0.236s] Level 1:colcon.colcon_core.package_discovery:discover_packages(prefix_path) discover
[0.238s] DEBUG:colcon.colcon_installed_package_information.package_discovery:Found 2 installed packages in /home/jazmin/auto_suture/install
[0.239s] DEBUG:colcon.colcon_installed_package_information.package_discovery:Found 6 installed packages in /home/jazmin/ros_ambf_ws/install
[0.241s] DEBUG:colcon.colcon_installed_package_information.package_discovery:Found 287 installed packages in /opt/ros/jazzy
[0.242s] Level 1:colcon.colcon_core.package_discovery:discover_packages(prefix_path) using defaults
[0.291s] Level 5:colcon.colcon_core.verb:set package 'auto_suture_interfaces' build argument 'cmake_args' from command line to 'None'
[0.291s] Level 5:colcon.colcon_core.verb:set package 'auto_suture_interfaces' build argument 'cmake_target' from command line to 'None'
[0.291s] Level 5:colcon.colcon_core.verb:set package 'auto_suture_interfaces' build argument 'cmake_target_skip_unavailable' from command line to 'False'
[0.291s] Level 5:colcon.colcon_core.verb:set package 'auto_suture_interfaces' build argument 'cmake_clean_cache' from command line to 'False'
[0.291s] Level 5:colcon.colcon_core.verb:set package 'auto_suture_interfaces' build argument 'cmake_clean_first' from command line to 'False'
[0.291s] Level 5:colcon.colcon_core.verb:set package 'auto_suture_interfaces' build argument 'cmake_force_configure' from command line to 'False'
[0.291s] Level 5:colcon.colcon_core.verb:set package 'auto_suture_interfaces' build argument 'ament_cmake_args' from command line to 'None'
[0.291s] Level 5:colcon.colcon_core.verb:set package 'auto_suture_interfaces' build argument 'catkin_cmake_args' from command line to 'None'
[0.291s] Level 5:colcon.colcon_core.verb:set package 'auto_suture_interfaces' build argument 'catkin_skip_building_tests' from command line to 'False'
[0.291s] DEBUG:colcon.colcon_core.verb:Building package 'auto_suture_interfaces' with the following arguments: {'ament_cmake_args': None, 'build_base': '/home/jazmin/auto_suture/build/auto_suture_interfaces', 'catkin_cmake_args': None, 'catkin_skip_building_tests': False, 'cmake_args': None, 'cmake_clean_cache': False, 'cmake_clean_first': False, 'cmake_force_configure': False, 'cmake_target': None, 'cmake_target_skip_unavailable': False, 'install_base': '/home/jazmin/auto_suture/install/auto_suture_interfaces', 'merge_install': False, 'path': '/home/jazmin/auto_suture/src/auto_suture_interfaces', 'symlink_install': False, 'test_result_base': None}
[0.292s] Level 5:colcon.colcon_core.verb:set package 'auto_suture' build argument 'cmake_args' from command line to 'None'
[0.292s] Level 5:colcon.colcon_core.verb:set package 'auto_suture' build argument 'cmake_target' from command line to 'None'
[0.292s] Level 5:colcon.colcon_core.verb:set package 'auto_suture' build argument 'cmake_target_skip_unavailable' from command line to 'False'
[0.292s] Level 5:colcon.colcon_core.verb:set package 'auto_suture' build argument 'cmake_clean_cache' from command line to 'False'
[0.292s] Level 5:colcon.colcon_core.verb:set package 'auto_suture' build argument 'cmake_clean_first' from command line to 'False'
[0.292s] Level 5:colcon.colcon_core.verb:set package 'auto_suture' build argument 'cmake_force_configure' from command line to 'False'
[0.292s] Level 5:colcon.colcon_core.verb:set package 'auto_suture' build argument 'ament_cmake_args' from command line to 'None'
[0.292s] Level 5:colcon.colcon_core.verb:set package 'auto_suture' build argument 'catkin_cmake_args' from command line to 'None'
[0.292s] Level 5:colcon.colcon_core.verb:set package 'auto_suture' build argument 'catkin_skip_building_tests' from command line to 'False'
[0.292s] DEBUG:colcon.colcon_core.verb:Building package 'auto_suture' with the following arguments: {'ament_cmake_args': None, 'build_base': '/home/jazmin/auto_suture/build/auto_suture', 'catkin_cmake_args': None, 'catkin_skip_building_tests': False, 'cmake_args': None, 'cmake_clean_cache': False, 'cmake_clean_first': False, 'cmake_force_configure': False, 'cmake_target': None, 'cmake_target_skip_unavailable': False, 'install_base': '/home/jazmin/auto_suture/install/auto_suture', 'merge_install': False, 'path': '/home/jazmin/auto_suture/src/auto_suture', 'symlink_install': False, 'test_result_base': None}
[0.292s] INFO:colcon.colcon_core.executor:Executing jobs using 'parallel' executor
[0.294s] DEBUG:colcon.colcon_parallel_executor.executor.parallel:run_until_complete
[0.294s] INFO:colcon.colcon_ros.task.ament_cmake.build:Building ROS package in '/home/jazmin/auto_suture/src/auto_suture_interfaces' with build type 'ament_cmake'
[0.294s] INFO:colcon.colcon_cmake.task.cmake.build:Building CMake package in '/home/jazmin/auto_suture/src/auto_suture_interfaces'
[0.298s] INFO:colcon.colcon_core.plugin_system:Skipping extension 'colcon_core.shell.bat': Not used on non-Windows systems
[0.299s] INFO:colcon.colcon_core.shell:Skip shell extension 'powershell' for command environment: Not usable outside of PowerShell
[0.299s] DEBUG:colcon.colcon_core.shell:Skip shell extension 'dsv' for command environment
[0.316s] DEBUG:colcon.colcon_core.event_handler.log_command:Invoking command in '/home/jazmin/auto_suture/build/auto_suture_interfaces': CMAKE_PREFIX_PATH=${CMAKE_PREFIX_PATH}:/home/jazmin/auto_suture/install/auto_suture:/opt/ros/jazzy DEBUGINFOD_URLS=https://debuginfod.ubuntu.com /usr/bin/cmake --build /home/jazmin/auto_suture/build/auto_suture_interfaces -- -j16 -l16
[0.940s] DEBUG:colcon.colcon_core.event_handler.log_command:Invoked command in '/home/jazmin/auto_suture/build/auto_suture_interfaces' returned '0': CMAKE_PREFIX_PATH=${CMAKE_PREFIX_PATH}:/home/jazmin/auto_suture/install/auto_suture:/opt/ros/jazzy DEBUGINFOD_URLS=https://debuginfod.ubuntu.com /usr/bin/cmake --build /home/jazmin/auto_suture/build/auto_suture_interfaces -- -j16 -l16
[0.957s] DEBUG:colcon.colcon_core.event_handler.log_command:Invoking command in '/home/jazmin/auto_suture/build/auto_suture_interfaces': CMAKE_PREFIX_PATH=${CMAKE_PREFIX_PATH}:/home/jazmin/auto_suture/install/auto_suture:/opt/ros/jazzy DEBUGINFOD_URLS=https://debuginfod.ubuntu.com /usr/bin/cmake --install /home/jazmin/auto_suture/build/auto_suture_interfaces
[1.051s] Level 1:colcon.colcon_core.environment:create_environment_scripts_only(auto_suture_interfaces)
[1.052s] DEBUG:colcon.colcon_core.event_handler.log_command:Invoked command in '/home/jazmin/auto_suture/build/auto_suture_interfaces' returned '0': CMAKE_PREFIX_PATH=${CMAKE_PREFIX_PATH}:/home/jazmin/auto_suture/install/auto_suture:/opt/ros/jazzy DEBUGINFOD_URLS=https://debuginfod.ubuntu.com /usr/bin/cmake --install /home/jazmin/auto_suture/build/auto_suture_interfaces
[1.055s] Level 1:colcon.colcon_core.environment:checking '/home/jazmin/auto_suture/install/auto_suture_interfaces' for CMake module files
[1.056s] Level 1:colcon.colcon_core.environment:checking '/home/jazmin/auto_suture/install/auto_suture_interfaces' for CMake config files
[1.056s] Level 1:colcon.colcon_core.shell:create_environment_hook('auto_suture_interfaces', 'cmake_prefix_path')
[1.056s] INFO:colcon.colcon_core.shell:Creating environment hook '/home/jazmin/auto_suture/install/auto_suture_interfaces/share/auto_suture_interfaces/hook/cmake_prefix_path.ps1'
[1.057s] INFO:colcon.colcon_core.shell:Creating environment descriptor '/home/jazmin/auto_suture/install/auto_suture_interfaces/share/auto_suture_interfaces/hook/cmake_prefix_path.dsv'
[1.058s] INFO:colcon.colcon_core.shell:Creating environment hook '/home/jazmin/auto_suture/install/auto_suture_interfaces/share/auto_suture_interfaces/hook/cmake_prefix_path.sh'
[1.059s] Level 1:colcon.colcon_core.environment:checking '/home/jazmin/auto_suture/install/auto_suture_interfaces/lib'
[1.059s] Level 1:colcon.colcon_core.shell:create_environment_hook('auto_suture_interfaces', 'ld_library_path_lib')
[1.059s] INFO:colcon.colcon_core.shell:Creating environment hook '/home/jazmin/auto_suture/install/auto_suture_interfaces/share/auto_suture_interfaces/hook/ld_library_path_lib.ps1'
[1.060s] INFO:colcon.colcon_core.shell:Creating environment descriptor '/home/jazmin/auto_suture/install/auto_suture_interfaces/share/auto_suture_interfaces/hook/ld_library_path_lib.dsv'
[1.060s] INFO:colcon.colcon_core.shell:Creating environment hook '/home/jazmin/auto_suture/install/auto_suture_interfaces/share/auto_suture_interfaces/hook/ld_library_path_lib.sh'
[1.060s] Level 1:colcon.colcon_core.environment:checking '/home/jazmin/auto_suture/install/auto_suture_interfaces/bin'
[1.061s] Level 1:colcon.colcon_core.environment:checking '/home/jazmin/auto_suture/install/auto_suture_interfaces/lib/pkgconfig/auto_suture_interfaces.pc'
[1.061s] Level 1:colcon.colcon_core.environment:checking '/home/jazmin/auto_suture/install/auto_suture_interfaces/lib/python3.12/site-packages'
[1.061s] Level 1:colcon.colcon_core.shell:create_environment_hook('auto_suture_interfaces', 'pythonpath')
[1.061s] INFO:colcon.colcon_core.shell:Creating environment hook '/home/jazmin/auto_suture/install/auto_suture_interfaces/share/auto_suture_interfaces/hook/pythonpath.ps1'
[1.062s] INFO:colcon.colcon_core.shell:Creating environment descriptor '/home/jazmin/auto_suture/install/auto_suture_interfaces/share/auto_suture_interfaces/hook/pythonpath.dsv'
[1.062s] INFO:colcon.colcon_core.shell:Creating environment hook '/home/jazmin/auto_suture/install/auto_suture_interfaces/share/auto_suture_interfaces/hook/pythonpath.sh'
[1.063s] Level 1:colcon.colcon_core.environment:checking '/home/jazmin/auto_suture/install/auto_suture_interfaces/bin'
[1.063s] INFO:colcon.colcon_core.shell:Creating package script '/home/jazmin/auto_suture/install/auto_suture_interfaces/share/auto_suture_interfaces/package.ps1'
[1.065s] INFO:colcon.colcon_core.shell:Creating package descriptor '/home/jazmin/auto_suture/install/auto_suture_interfaces/share/auto_suture_interfaces/package.dsv'
[1.066s] INFO:colcon.colcon_core.shell:Creating package script '/home/jazmin/auto_suture/install/auto_suture_interfaces/share/auto_suture_interfaces/package.sh'
[1.067s] INFO:colcon.colcon_core.shell:Creating package script '/home/jazmin/auto_suture/install/auto_suture_interfaces/share/auto_suture_interfaces/package.bash'
[1.068s] INFO:colcon.colcon_core.shell:Creating package script '/home/jazmin/auto_suture/install/auto_suture_interfaces/share/auto_suture_interfaces/package.zsh'
[1.068s] Level 1:colcon.colcon_core.environment:create_file_with_runtime_dependencies(/home/jazmin/auto_suture/install/auto_suture_interfaces/share/colcon-core/packages/auto_suture_interfaces)
[1.069s] Level 1:colcon.colcon_core.environment:create_environment_scripts_only(auto_suture_interfaces)
[1.069s] Level 1:colcon.colcon_core.environment:checking '/home/jazmin/auto_suture/install/auto_suture_interfaces' for CMake module files
[1.070s] Level 1:colcon.colcon_core.environment:checking '/home/jazmin/auto_suture/install/auto_suture_interfaces' for CMake config files
[1.071s] Level 1:colcon.colcon_core.shell:create_environment_hook('auto_suture_interfaces', 'cmake_prefix_path')
[1.071s] INFO:colcon.colcon_core.shell:Creating environment hook '/home/jazmin/auto_suture/install/auto_suture_interfaces/share/auto_suture_interfaces/hook/cmake_prefix_path.ps1'
[1.071s] INFO:colcon.colcon_core.shell:Creating environment descriptor '/home/jazmin/auto_suture/install/auto_suture_interfaces/share/auto_suture_interfaces/hook/cmake_prefix_path.dsv'
[1.072s] INFO:colcon.colcon_core.shell:Creating environment hook '/home/jazmin/auto_suture/install/auto_suture_interfaces/share/auto_suture_interfaces/hook/cmake_prefix_path.sh'
[1.073s] Level 1:colcon.colcon_core.environment:checking '/home/jazmin/auto_suture/install/auto_suture_interfaces/lib'
[1.073s] Level 1:colcon.colcon_core.shell:create_environment_hook('auto_suture_interfaces', 'ld_library_path_lib')
[1.073s] INFO:colcon.colcon_core.shell:Creating environment hook '/home/jazmin/auto_suture/install/auto_suture_interfaces/share/auto_suture_interfaces/hook/ld_library_path_lib.ps1'
[1.073s] INFO:colcon.colcon_core.shell:Creating environment descriptor '/home/jazmin/auto_suture/install/auto_suture_interfaces/share/auto_suture_interfaces/hook/ld_library_path_lib.dsv'
[1.074s] INFO:colcon.colcon_core.shell:Creating environment hook '/home/jazmin/auto_suture/install/auto_suture_interfaces/share/auto_suture_interfaces/hook/ld_library_path_lib.sh'
[1.075s] Level 1:colcon.colcon_core.environment:checking '/home/jazmin/auto_suture/install/auto_suture_interfaces/bin'
[1.075s] Level 1:colcon.colcon_core.environment:checking '/home/jazmin/auto_suture/install/auto_suture_interfaces/lib/pkgconfig/auto_suture_interfaces.pc'
[1.075s] Level 1:colcon.colcon_core.environment:checking '/home/jazmin/auto_suture/install/auto_suture_interfaces/lib/python3.12/site-packages'
[1.075s] Level 1:colcon.colcon_core.shell:create_environment_hook('auto_suture_interfaces', 'pythonpath')
[1.075s] INFO:colcon.colcon_core.shell:Creating environment hook '/home/jazmin/auto_suture/install/auto_suture_interfaces/share/auto_suture_interfaces/hook/pythonpath.ps1'
[1.076s] INFO:colcon.colcon_core.shell:Creating environment descriptor '/home/jazmin/auto_suture/install/auto_suture_interfaces/share/auto_suture_interfaces/hook/pythonpath.dsv'
[1.076s] INFO:colcon.colcon_core.shell:Creating environment hook '/home/jazmin/auto_suture/install/auto_suture_interfaces/share/auto_suture_interfaces/hook/pythonpath.sh'
[1.077s] Level 1:colcon.colcon_core.environment:checking '/home/jazmin/auto_suture/install/auto_suture_interfaces/bin'
[1.077s] INFO:colcon.colcon_core.shell:Creating package script '/home/jazmin/auto_suture/install/auto_suture_interfaces/share/auto_suture_interfaces/package.ps1'
[1.078s] INFO:colcon.colcon_core.shell:Creating package descriptor '/home/jazmin/auto_suture/install/auto_suture_interfaces/share/auto_suture_interfaces/package.dsv'
[1.079s] INFO:colcon.colcon_core.shell:Creating package script '/home/jazmin/auto_suture/install/auto_suture_interfaces/share/auto_suture_interfaces/package.sh'
[1.079s] INFO:colcon.colcon_core.shell:Creating package script '/home/jazmin/auto_suture/install/auto_suture_interfaces/share/auto_suture_interfaces/package.bash'
[1.080s] INFO:colcon.colcon_core.shell:Creating package script '/home/jazmin/auto_suture/install/auto_suture_interfaces/share/auto_suture_interfaces/package.zsh'
[1.080s] Level 1:colcon.colcon_core.environment:create_file_with_runtime_dependencies(/home/jazmin/auto_suture/install/auto_suture_interfaces/share/colcon-core/packages/auto_suture_interfaces)
[1.080s] INFO:colcon.colcon_ros.task.ament_python.build:Building ROS package in '/home/jazmin/auto_suture/src/auto_suture' with build type 'ament_python'
[1.081s] Level 1:colcon.colcon_core.shell:create_environment_hook('auto_suture', 'ament_prefix_path')
[1.081s] INFO:colcon.colcon_core.shell:Creating environment hook '/home/jazmin/auto_suture/install/auto_suture/share/auto_suture/hook/ament_prefix_path.ps1'
[1.082s] INFO:colcon.colcon_core.shell:Creating environment descriptor '/home/jazmin/auto_suture/install/auto_suture/share/auto_suture/hook/ament_prefix_path.dsv'
[1.082s] INFO:colcon.colcon_core.shell:Creating environment hook '/home/jazmin/auto_suture/install/auto_suture/share/auto_suture/hook/ament_prefix_path.sh'
[1.083s] INFO:colcon.colcon_core.shell:Skip shell extension 'powershell' for command environment: Not usable outside of PowerShell
[1.083s] DEBUG:colcon.colcon_core.shell:Skip shell extension 'dsv' for command environment
[1.319s] INFO:colcon.colcon_core.task.python.build:Building Python package in '/home/jazmin/auto_suture/src/auto_suture'
[1.319s] INFO:colcon.colcon_core.shell:Skip shell extension 'powershell' for command environment: Not usable outside of PowerShell
[1.319s] DEBUG:colcon.colcon_core.shell:Skip shell extension 'dsv' for command environment
[1.675s] DEBUG:colcon.colcon_core.task.python.build:Available setuptools commands: egg_info, bdist, update_catalog, build_clib, sdist, bdist_rpm, alias, init_catalog, check, bdist_dumb, clean, build_py, build, build_scripts, bdist_wheel, rotate, setopt, test, install_data, develop, dist_info, easy_install, symlink_data, bdist_egg, install_egg_info, install_scripts, upload_docs, install_lib, install_headers, register, upload, install, build_ext, extract_messages, editable_wheel, compile_catalog, saveopts
[1.677s] DEBUG:colcon.colcon_core.event_handler.log_command:Invoking command in '/home/jazmin/auto_suture/src/auto_suture': DEBUGINFOD_URLS=https://debuginfod.ubuntu.com PYTHONPATH=/home/jazmin/auto_suture/build/auto_suture/prefix_override:/usr/lib/python3/dist-packages/colcon_core/task/python/colcon_distutils_commands:/home/jazmin/auto_suture/install/auto_suture/lib/python3.12/site-packages:/home/jazmin/auto_suture/install/auto_suture_interfaces/lib/python3.12/site-packages:/home/jazmin/auto_suture/install/auto_suture/lib/python3.12/site-packages:/home/jazmin/ros_ambf_ws/install/ambf_client/lib/python3.12/site-packages:/home/jazmin/ros_ambf_ws/install/tf_function/lib/python3.12/site-packages:/home/jazmin/ros_ambf_ws/install/ambf_msgs/lib/python3.12/site-packages:/opt/ros/jazzy/lib/python3.12/site-packages /usr/bin/python3 -W ignore:setup.py install is deprecated -W ignore:easy_install command is deprecated setup.py egg_info --egg-base ../../build/auto_suture build --build-base /home/jazmin/auto_suture/build/auto_suture/build install --record /home/jazmin/auto_suture/build/auto_suture/install.log --install-scripts $base/lib/auto_suture --single-version-externally-managed install_data
[2.002s] Level 1:colcon.colcon_core.environment:checking '/home/jazmin/auto_suture/install/auto_suture' for CMake module files
[2.003s] DEBUG:colcon.colcon_core.event_handler.log_command:Invoked command in '/home/jazmin/auto_suture/src/auto_suture' returned '0': DEBUGINFOD_URLS=https://debuginfod.ubuntu.com PYTHONPATH=/home/jazmin/auto_suture/build/auto_suture/prefix_override:/usr/lib/python3/dist-packages/colcon_core/task/python/colcon_distutils_commands:/home/jazmin/auto_suture/install/auto_suture/lib/python3.12/site-packages:/home/jazmin/auto_suture/install/auto_suture_interfaces/lib/python3.12/site-packages:/home/jazmin/auto_suture/install/auto_suture/lib/python3.12/site-packages:/home/jazmin/ros_ambf_ws/install/ambf_client/lib/python3.12/site-packages:/home/jazmin/ros_ambf_ws/install/tf_function/lib/python3.12/site-packages:/home/jazmin/ros_ambf_ws/install/ambf_msgs/lib/python3.12/site-packages:/opt/ros/jazzy/lib/python3.12/site-packages /usr/bin/python3 -W ignore:setup.py install is deprecated -W ignore:easy_install command is deprecated setup.py egg_info --egg-base ../../build/auto_suture build --build-base /home/jazmin/auto_suture/build/auto_suture/build install --record /home/jazmin/auto_suture/build/auto_suture/install.log --install-scripts $base/lib/auto_suture --single-version-externally-managed install_data
[2.003s] Level 1:colcon.colcon_core.environment:checking '/home/jazmin/auto_suture/install/auto_suture' for CMake config files
[2.004s] Level 1:colcon.colcon_core.environment:checking '/home/jazmin/auto_suture/install/auto_suture/lib'
[2.004s] Level 1:colcon.colcon_core.environment:checking '/home/jazmin/auto_suture/install/auto_suture/bin'
[2.004s] Level 1:colcon.colcon_core.environment:checking '/home/jazmin/auto_suture/install/auto_suture/lib/pkgconfig/auto_suture.pc'
[2.004s] Level 1:colcon.colcon_core.environment:checking '/home/jazmin/auto_suture/install/auto_suture/lib/python3.12/site-packages'
[2.004s] Level 1:colcon.colcon_core.shell:create_environment_hook('auto_suture', 'pythonpath')
[2.004s] INFO:colcon.colcon_core.shell:Creating environment hook '/home/jazmin/auto_suture/install/auto_suture/share/auto_suture/hook/pythonpath.ps1'
[2.005s] INFO:colcon.colcon_core.shell:Creating environment descriptor '/home/jazmin/auto_suture/install/auto_suture/share/auto_suture/hook/pythonpath.dsv'
[2.005s] INFO:colcon.colcon_core.shell:Creating environment hook '/home/jazmin/auto_suture/install/auto_suture/share/auto_suture/hook/pythonpath.sh'
[2.005s] Level 1:colcon.colcon_core.environment:checking '/home/jazmin/auto_suture/install/auto_suture/bin'
[2.006s] Level 1:colcon.colcon_core.environment:create_environment_scripts_only(auto_suture)
[2.006s] INFO:colcon.colcon_core.shell:Creating package script '/home/jazmin/auto_suture/install/auto_suture/share/auto_suture/package.ps1'
[2.006s] INFO:colcon.colcon_core.shell:Creating package descriptor '/home/jazmin/auto_suture/install/auto_suture/share/auto_suture/package.dsv'
[2.006s] INFO:colcon.colcon_core.shell:Creating package script '/home/jazmin/auto_suture/install/auto_suture/share/auto_suture/package.sh'
[2.007s] INFO:colcon.colcon_core.shell:Creating package script '/home/jazmin/auto_suture/install/auto_suture/share/auto_suture/package.bash'
[2.007s] INFO:colcon.colcon_core.shell:Creating package script '/home/jazmin/auto_suture/install/auto_suture/share/auto_suture/package.zsh'
[2.007s] Level 1:colcon.colcon_core.environment:create_file_with_runtime_dependencies(/home/jazmin/auto_suture/install/auto_suture/share/colcon-core/packages/auto_suture)
[2.007s] DEBUG:colcon.colcon_parallel_executor.executor.parallel:closing loop
[2.007s] DEBUG:colcon.colcon_parallel_executor.executor.parallel:loop closed
[2.008s] DEBUG:colcon.colcon_parallel_executor.executor.parallel:run_until_complete finished with '0'
[2.008s] DEBUG:colcon.colcon_core.event_reactor:joining thread
[2.012s] INFO:colcon.colcon_core.plugin_system:Skipping extension 'colcon_notification.desktop_notification.terminal_notifier': Not used on non-Darwin systems
[2.012s] INFO:colcon.colcon_core.plugin_system:Skipping extension 'colcon_notification.desktop_notification.win32': Not used on non-Windows systems
[2.013s] INFO:colcon.colcon_notification.desktop_notification:Sending desktop notification using 'notify2'
[2.027s] DEBUG:colcon.colcon_core.event_reactor:joined thread
[2.028s] INFO:colcon.colcon_core.shell:Creating prefix script '/home/jazmin/auto_suture/install/local_setup.ps1'
[2.029s] INFO:colcon.colcon_core.shell:Creating prefix util module '/home/jazmin/auto_suture/install/_local_setup_util_ps1.py'
[2.030s] INFO:colcon.colcon_core.shell:Creating prefix chain script '/home/jazmin/auto_suture/install/setup.ps1'
[2.031s] INFO:colcon.colcon_core.shell:Creating prefix script '/home/jazmin/auto_suture/install/local_setup.sh'
[2.032s] INFO:colcon.colcon_core.shell:Creating prefix util module '/home/jazmin/auto_suture/install/_local_setup_util_sh.py'
[2.032s] INFO:colcon.colcon_core.shell:Creating prefix chain script '/home/jazmin/auto_suture/install/setup.sh'
[2.033s] INFO:colcon.colcon_core.shell:Creating prefix script '/home/jazmin/auto_suture/install/local_setup.bash'
[2.034s] INFO:colcon.colcon_core.shell:Creating prefix chain script '/home/jazmin/auto_suture/install/setup.bash'
[2.034s] INFO:colcon.colcon_core.shell:Creating prefix script '/home/jazmin/auto_suture/install/local_setup.zsh'
[2.035s] INFO:colcon.colcon_core.shell:Creating prefix chain script '/home/jazmin/auto_suture/install/setup.zsh'
