/home/jazmin/auto_suture/install/auto_suture/lib/python3.12/site-packages/auto_suture/tool_grasp_pose_node.py
/home/jazmin/auto_suture/install/auto_suture/lib/python3.12/site-packages/auto_suture/__init__.py
/home/jazmin/auto_suture/install/auto_suture/lib/python3.12/site-packages/auto_suture/needle_position_node.py
/home/jazmin/auto_suture/install/auto_suture/lib/python3.12/site-packages/auto_suture/needle_frame_converter.py
/home/jazmin/auto_suture/install/auto_suture/lib/python3.12/site-packages/auto_suture/__pycache__/tool_grasp_pose_node.cpython-312.pyc
/home/jazmin/auto_suture/install/auto_suture/lib/python3.12/site-packages/auto_suture/__pycache__/__init__.cpython-312.pyc
/home/jazmin/auto_suture/install/auto_suture/lib/python3.12/site-packages/auto_suture/__pycache__/needle_position_node.cpython-312.pyc
/home/jazmin/auto_suture/install/auto_suture/lib/python3.12/site-packages/auto_suture/__pycache__/needle_frame_converter.cpython-312.pyc
/home/jazmin/auto_suture/install/auto_suture/share/ament_index/resource_index/packages/auto_suture
/home/jazmin/auto_suture/install/auto_suture/share/auto_suture/package.xml
/home/jazmin/auto_suture/install/auto_suture/share/auto_suture/launch/suture_sim.launch.py
/home/jazmin/auto_suture/install/auto_suture/share/auto_suture/config/grasp_offsets.yaml
/home/jazmin/auto_suture/install/auto_suture/lib/python3.12/site-packages/auto_suture-0.0.0-py3.12.egg-info/dependency_links.txt
/home/jazmin/auto_suture/install/auto_suture/lib/python3.12/site-packages/auto_suture-0.0.0-py3.12.egg-info/PKG-INFO
/home/jazmin/auto_suture/install/auto_suture/lib/python3.12/site-packages/auto_suture-0.0.0-py3.12.egg-info/entry_points.txt
/home/jazmin/auto_suture/install/auto_suture/lib/python3.12/site-packages/auto_suture-0.0.0-py3.12.egg-info/top_level.txt
/home/jazmin/auto_suture/install/auto_suture/lib/python3.12/site-packages/auto_suture-0.0.0-py3.12.egg-info/zip-safe
/home/jazmin/auto_suture/install/auto_suture/lib/python3.12/site-packages/auto_suture-0.0.0-py3.12.egg-info/requires.txt
/home/jazmin/auto_suture/install/auto_suture/lib/python3.12/site-packages/auto_suture-0.0.0-py3.12.egg-info/SOURCES.txt
/home/jazmin/auto_suture/install/auto_suture/lib/auto_suture/move_to_target
/home/jazmin/auto_suture/install/auto_suture/lib/auto_suture/needle_frame_converter
/home/jazmin/auto_suture/install/auto_suture/lib/auto_suture/needle_position
/home/jazmin/auto_suture/install/auto_suture/lib/auto_suture/tool_grasp_pose
