[0.020s] Invoking command in '/home/jazmin/auto_suture/build/auto_suture_interfaces': CMAKE_PREFIX_PATH=${CMAKE_PREFIX_PATH}:/home/jazmin/auto_suture/install/auto_suture:/opt/ros/jazzy DEBUGINFOD_URLS=https://debuginfod.ubuntu.com /usr/bin/cmake --build /home/jazmin/auto_suture/build/auto_suture_interfaces -- -j16 -l16
[0.045s] -- Found ament_cmake: 2.5.6 (/opt/ros/jazzy/share/ament_cmake/cmake)
[0.134s] -- Found rosidl_default_generators: 1.6.1 (/opt/ros/jazzy/share/rosidl_default_generators/cmake)
[0.137s] -- Using all available rosidl_typesupport_c: rosidl_typesupport_fastrtps_c;rosidl_typesupport_introspection_c
[0.164s] -- Using all available rosidl_typesupport_cpp: rosidl_typesupport_fastrtps_cpp;rosidl_typesupport_introspection_cpp
[0.187s] -- Found rosidl_adapter: 4.6.9 (/opt/ros/jazzy/share/rosidl_adapter/cmake)
[0.189s] -- Found geometry_msgs: 5.3.8 (/opt/ros/jazzy/share/geometry_msgs/cmake)
[0.439s] -- Found ament_cmake_ros: 0.12.1 (/opt/ros/jazzy/share/ament_cmake_ros/cmake)
[0.561s] -- Using all available rosidl_typesupport_c: rosidl_typesupport_fastrtps_c;rosidl_typesupport_introspection_c
[0.713s] -- Using all available rosidl_typesupport_cpp: rosidl_typesupport_fastrtps_cpp;rosidl_typesupport_introspection_cpp
[0.714s] -- Found python_cmake_module: 0.11.1 (/opt/ros/jazzy/share/python_cmake_module/cmake)
[0.887s] -- Found Python3: /usr/bin/python3 (found version "3.12.3") found components: Interpreter Development NumPy Development.Module Development.Embed 
[0.947s] -- Found Python3: /usr/bin/python3 (found version "3.12.3") found components: Interpreter 
[0.948s] -- Found ament_lint_auto: 0.17.5 (/opt/ros/jazzy/share/ament_lint_auto/cmake)
[0.959s] -- Added test 'lint_cmake' to check CMake code style
[0.960s] -- Added test 'xmllint' to check XML markup files
[0.962s] -- Configuring done (0.9s)
[0.990s] -- Generating done (0.0s)
[0.999s] -- Build files have been written to: /home/jazmin/auto_suture/build/auto_suture_interfaces
[1.038s] [  2%] [34m[1mGenerating type hashes for ROS interfaces[0m
[1.038s] [  5%] [34m[1mGenerating Rust code for ROS interfaces[0m
[1.046s] [  5%] Built target ament_cmake_python_copy_auto_suture_interfaces
[1.214s] [  5%] Built target auto_suture_interfaces__rosidl_generator_type_description
[1.228s] [  8%] [34m[1mGenerating C code for ROS interfaces[0m
[1.246s] running egg_info
[1.246s] [ 11%] [34m[1mGenerating C++ code for ROS interfaces[0m
[1.246s] [ 11%] Built target auto_suture_interfaces__rs
[1.260s] writing auto_suture_interfaces.egg-info/PKG-INFO
[1.261s] writing dependency_links to auto_suture_interfaces.egg-info/dependency_links.txt
[1.262s] writing top-level names to auto_suture_interfaces.egg-info/top_level.txt
[1.292s] reading manifest file 'auto_suture_interfaces.egg-info/SOURCES.txt'
[1.293s] writing manifest file 'auto_suture_interfaces.egg-info/SOURCES.txt'
[1.319s] [ 11%] Built target ament_cmake_python_build_auto_suture_interfaces_egg
[1.424s] [ 11%] Built target auto_suture_interfaces__cpp
[1.449s] [ 20%] [32mBuilding C object CMakeFiles/auto_suture_interfaces__rosidl_generator_c.dir/rosidl_generator_c/auto_suture_interfaces/srv/detail/find_grasp_pose__functions.c.o[0m
[1.449s] [ 20%] [32mBuilding C object CMakeFiles/auto_suture_interfaces__rosidl_generator_c.dir/rosidl_generator_c/auto_suture_interfaces/srv/detail/find_grasp_pose__description.c.o[0m
[1.449s] [ 20%] [32mBuilding C object CMakeFiles/auto_suture_interfaces__rosidl_generator_c.dir/rosidl_generator_c/auto_suture_interfaces/srv/detail/find_grasp_pose__type_support.c.o[0m
[1.518s] [ 22%] [32m[1mLinking C shared library libauto_suture_interfaces__rosidl_generator_c.so[0m
[1.554s] [ 22%] Built target auto_suture_interfaces__rosidl_generator_c
[1.563s] [ 31%] [34m[1mGenerating C type support for eProsima Fast-RTPS[0m
[1.564s] [ 31%] [34m[1mGenerating C++ type support for eProsima Fast-RTPS[0m
[1.564s] [ 31%] [34m[1mGenerating C type support dispatch for ROS interfaces[0m
[1.564s] [ 37%] [34m[1mGenerating C++ introspection for ROS interfaces[0m
[1.564s] [ 40%] [34m[1mGenerating C++ type support dispatch for ROS interfaces[0m
[1.564s] [ 40%] [34m[1mGenerating C introspection for ROS interfaces[0m
[1.752s] [ 42%] [32mBuilding CXX object CMakeFiles/auto_suture_interfaces__rosidl_typesupport_c.dir/rosidl_typesupport_c/auto_suture_interfaces/srv/find_grasp_pose__type_support.cpp.o[0m
[1.753s] [ 45%] [32mBuilding CXX object CMakeFiles/auto_suture_interfaces__rosidl_typesupport_cpp.dir/rosidl_typesupport_cpp/auto_suture_interfaces/srv/find_grasp_pose__type_support.cpp.o[0m
[1.782s] [ 51%] [32mBuilding C object CMakeFiles/auto_suture_interfaces__rosidl_typesupport_introspection_c.dir/rosidl_typesupport_introspection_c/auto_suture_interfaces/srv/detail/find_grasp_pose__type_support.c.o[0m
[1.782s] [ 51%] [32mBuilding CXX object CMakeFiles/auto_suture_interfaces__rosidl_typesupport_introspection_cpp.dir/rosidl_typesupport_introspection_cpp/auto_suture_interfaces/srv/detail/find_grasp_pose__type_support.cpp.o[0m
[1.802s] [ 54%] [32mBuilding CXX object CMakeFiles/auto_suture_interfaces__rosidl_typesupport_fastrtps_cpp.dir/rosidl_typesupport_fastrtps_cpp/auto_suture_interfaces/srv/detail/dds_fastrtps/find_grasp_pose__type_support.cpp.o[0m
[1.822s] [ 60%] [32m[1mLinking CXX shared library libauto_suture_interfaces__rosidl_typesupport_c.so[0m
[1.822s] [ 60%] [32mBuilding CXX object CMakeFiles/auto_suture_interfaces__rosidl_typesupport_fastrtps_c.dir/rosidl_typesupport_fastrtps_c/auto_suture_interfaces/srv/detail/find_grasp_pose__type_support_c.cpp.o[0m
[1.835s] [ 62%] [32m[1mLinking C shared library libauto_suture_interfaces__rosidl_typesupport_introspection_c.so[0m
[1.865s] [ 62%] Built target auto_suture_interfaces__rosidl_typesupport_c
[1.884s] [ 62%] Built target auto_suture_interfaces__rosidl_typesupport_introspection_c
[2.140s] [ 65%] [32m[1mLinking CXX shared library libauto_suture_interfaces__rosidl_typesupport_cpp.so[0m
[2.197s] [ 68%] [32m[1mLinking CXX shared library libauto_suture_interfaces__rosidl_typesupport_introspection_cpp.so[0m
[2.263s] [ 68%] Built target auto_suture_interfaces__rosidl_typesupport_cpp
[2.298s] [ 68%] Built target auto_suture_interfaces__rosidl_typesupport_introspection_cpp
[2.309s] [ 71%] [32m[1mLinking CXX shared library libauto_suture_interfaces__rosidl_typesupport_fastrtps_c.so[0m
[2.377s] [ 71%] Built target auto_suture_interfaces__rosidl_typesupport_fastrtps_c
[2.387s] [ 74%] [32m[1mLinking CXX shared library libauto_suture_interfaces__rosidl_typesupport_fastrtps_cpp.so[0m
[2.444s] [ 74%] Built target auto_suture_interfaces__rosidl_typesupport_fastrtps_cpp
[2.463s] [ 74%] Built target auto_suture_interfaces
[2.484s] [ 77%] [34m[1mGenerating Python code for ROS interfaces[0m
[2.700s] [ 77%] Built target auto_suture_interfaces__py
[2.724s] [ 80%] [32mBuilding C object CMakeFiles/auto_suture_interfaces__rosidl_generator_py.dir/rosidl_generator_py/auto_suture_interfaces/srv/_find_grasp_pose_s.c.o[0m
[2.842s] [ 82%] [32m[1mLinking C shared library libauto_suture_interfaces__rosidl_generator_py.so[0m
[2.881s] [ 82%] Built target auto_suture_interfaces__rosidl_generator_py
[2.922s] [ 88%] [32mBuilding C object CMakeFiles/auto_suture_interfaces_s__rosidl_typesupport_introspection_c.dir/rosidl_generator_py/auto_suture_interfaces/_auto_suture_interfaces_s.ep.rosidl_typesupport_introspection_c.c.o[0m
[2.922s] [ 88%] [32mBuilding C object CMakeFiles/auto_suture_interfaces_s__rosidl_typesupport_c.dir/rosidl_generator_py/auto_suture_interfaces/_auto_suture_interfaces_s.ep.rosidl_typesupport_c.c.o[0m
[2.922s] [ 91%] [32mBuilding C object CMakeFiles/auto_suture_interfaces_s__rosidl_typesupport_fastrtps_c.dir/rosidl_generator_py/auto_suture_interfaces/_auto_suture_interfaces_s.ep.rosidl_typesupport_fastrtps_c.c.o[0m
[3.034s] [ 97%] [32m[1mLinking C shared module rosidl_generator_py/auto_suture_interfaces/auto_suture_interfaces_s__rosidl_typesupport_introspection_c.so[0m
[3.034s] [ 97%] [32m[1mLinking C shared module rosidl_generator_py/auto_suture_interfaces/auto_suture_interfaces_s__rosidl_typesupport_c.so[0m
[3.039s] [100%] [32m[1mLinking C shared module rosidl_generator_py/auto_suture_interfaces/auto_suture_interfaces_s__rosidl_typesupport_fastrtps_c.so[0m
[3.070s] [100%] Built target auto_suture_interfaces_s__rosidl_typesupport_introspection_c
[3.071s] [100%] Built target auto_suture_interfaces_s__rosidl_typesupport_c
[3.076s] [100%] Built target auto_suture_interfaces_s__rosidl_typesupport_fastrtps_c
[3.086s] Invoked command in '/home/jazmin/auto_suture/build/auto_suture_interfaces' returned '0': CMAKE_PREFIX_PATH=${CMAKE_PREFIX_PATH}:/home/jazmin/auto_suture/install/auto_suture:/opt/ros/jazzy DEBUGINFOD_URLS=https://debuginfod.ubuntu.com /usr/bin/cmake --build /home/jazmin/auto_suture/build/auto_suture_interfaces -- -j16 -l16
[3.094s] Invoking command in '/home/jazmin/auto_suture/build/auto_suture_interfaces': CMAKE_PREFIX_PATH=${CMAKE_PREFIX_PATH}:/home/jazmin/auto_suture/install/auto_suture:/opt/ros/jazzy DEBUGINFOD_URLS=https://debuginfod.ubuntu.com /usr/bin/cmake --install /home/jazmin/auto_suture/build/auto_suture_interfaces
[3.100s] -- Install configuration: ""
[3.100s] -- Up-to-date: /home/jazmin/auto_suture/install/auto_suture_interfaces/share/ament_index/resource_index/rosidl_interfaces/auto_suture_interfaces
[3.100s] -- Installing: /home/jazmin/auto_suture/install/auto_suture_interfaces/share/auto_suture_interfaces/srv/FindGraspPose.json
[3.100s] -- Up-to-date: /home/jazmin/auto_suture/install/auto_suture_interfaces/include/auto_suture_interfaces/auto_suture_interfaces
[3.101s] -- Up-to-date: /home/jazmin/auto_suture/install/auto_suture_interfaces/include/auto_suture_interfaces/auto_suture_interfaces/srv
[3.101s] -- Up-to-date: /home/jazmin/auto_suture/install/auto_suture_interfaces/include/auto_suture_interfaces/auto_suture_interfaces/srv/detail
[3.101s] -- Up-to-date: /home/jazmin/auto_suture/install/auto_suture_interfaces/include/auto_suture_interfaces/auto_suture_interfaces/srv/detail/find_grasp_position__description.c
[3.101s] -- Up-to-date: /home/jazmin/auto_suture/install/auto_suture_interfaces/include/auto_suture_interfaces/auto_suture_interfaces/srv/detail/find_grasp_position__functions.c
[3.101s] -- Up-to-date: /home/jazmin/auto_suture/install/auto_suture_interfaces/include/auto_suture_interfaces/auto_suture_interfaces/srv/detail/find_grasp_position__struct.h
[3.101s] -- Installing: /home/jazmin/auto_suture/install/auto_suture_interfaces/include/auto_suture_interfaces/auto_suture_interfaces/srv/detail/find_grasp_pose__functions.c
[3.101s] -- Up-to-date: /home/jazmin/auto_suture/install/auto_suture_interfaces/include/auto_suture_interfaces/auto_suture_interfaces/srv/detail/find_grasp_position__type_support.h
[3.101s] -- Installing: /home/jazmin/auto_suture/install/auto_suture_interfaces/include/auto_suture_interfaces/auto_suture_interfaces/srv/detail/find_grasp_pose__type_support.c
[3.101s] -- Installing: /home/jazmin/auto_suture/install/auto_suture_interfaces/include/auto_suture_interfaces/auto_suture_interfaces/srv/detail/find_grasp_pose__description.c
[3.101s] -- Installing: /home/jazmin/auto_suture/install/auto_suture_interfaces/include/auto_suture_interfaces/auto_suture_interfaces/srv/detail/find_grasp_pose__struct.h
[3.101s] -- Installing: /home/jazmin/auto_suture/install/auto_suture_interfaces/include/auto_suture_interfaces/auto_suture_interfaces/srv/detail/find_grasp_pose__functions.h
[3.101s] -- Up-to-date: /home/jazmin/auto_suture/install/auto_suture_interfaces/include/auto_suture_interfaces/auto_suture_interfaces/srv/detail/find_grasp_position__type_support.c
[3.102s] -- Up-to-date: /home/jazmin/auto_suture/install/auto_suture_interfaces/include/auto_suture_interfaces/auto_suture_interfaces/srv/detail/find_grasp_position__functions.h
[3.102s] -- Installing: /home/jazmin/auto_suture/install/auto_suture_interfaces/include/auto_suture_interfaces/auto_suture_interfaces/srv/detail/find_grasp_pose__type_support.h
[3.102s] -- Installing: /home/jazmin/auto_suture/install/auto_suture_interfaces/include/auto_suture_interfaces/auto_suture_interfaces/srv/find_grasp_pose.h
[3.102s] -- Up-to-date: /home/jazmin/auto_suture/install/auto_suture_interfaces/include/auto_suture_interfaces/auto_suture_interfaces/srv/find_grasp_position.h
[3.102s] -- Up-to-date: /home/jazmin/auto_suture/install/auto_suture_interfaces/include/auto_suture_interfaces/auto_suture_interfaces/msg
[3.102s] -- Up-to-date: /home/jazmin/auto_suture/install/auto_suture_interfaces/include/auto_suture_interfaces/auto_suture_interfaces/msg/rosidl_generator_c__visibility_control.h
[3.102s] -- Up-to-date: /home/jazmin/auto_suture/install/auto_suture_interfaces/share/auto_suture_interfaces/environment/library_path.sh
[3.102s] -- Up-to-date: /home/jazmin/auto_suture/install/auto_suture_interfaces/share/auto_suture_interfaces/environment/library_path.dsv
[3.102s] -- Installing: /home/jazmin/auto_suture/install/auto_suture_interfaces/lib/libauto_suture_interfaces__rosidl_generator_c.so
[3.103s] -- Set non-toolchain portion of runtime path of "/home/jazmin/auto_suture/install/auto_suture_interfaces/lib/libauto_suture_interfaces__rosidl_generator_c.so" to ""
[3.103s] -- Up-to-date: /home/jazmin/auto_suture/install/auto_suture_interfaces/include/auto_suture_interfaces/auto_suture_interfaces
[3.103s] -- Up-to-date: /home/jazmin/auto_suture/install/auto_suture_interfaces/include/auto_suture_interfaces/auto_suture_interfaces/srv
[3.103s] -- Up-to-date: /home/jazmin/auto_suture/install/auto_suture_interfaces/include/auto_suture_interfaces/auto_suture_interfaces/srv/detail
[3.103s] -- Up-to-date: /home/jazmin/auto_suture/install/auto_suture_interfaces/include/auto_suture_interfaces/auto_suture_interfaces/srv/detail/find_grasp_position__rosidl_typesupport_fastrtps_c.h
[3.103s] -- Installing: /home/jazmin/auto_suture/install/auto_suture_interfaces/include/auto_suture_interfaces/auto_suture_interfaces/srv/detail/find_grasp_pose__rosidl_typesupport_fastrtps_c.h
[3.103s] -- Up-to-date: /home/jazmin/auto_suture/install/auto_suture_interfaces/include/auto_suture_interfaces/auto_suture_interfaces/msg
[3.103s] -- Up-to-date: /home/jazmin/auto_suture/install/auto_suture_interfaces/include/auto_suture_interfaces/auto_suture_interfaces/msg/rosidl_typesupport_fastrtps_c__visibility_control.h
[3.103s] -- Installing: /home/jazmin/auto_suture/install/auto_suture_interfaces/lib/libauto_suture_interfaces__rosidl_typesupport_fastrtps_c.so
[3.104s] -- Set non-toolchain portion of runtime path of "/home/jazmin/auto_suture/install/auto_suture_interfaces/lib/libauto_suture_interfaces__rosidl_typesupport_fastrtps_c.so" to ""
[3.104s] -- Up-to-date: /home/jazmin/auto_suture/install/auto_suture_interfaces/include/auto_suture_interfaces/auto_suture_interfaces
[3.104s] -- Up-to-date: /home/jazmin/auto_suture/install/auto_suture_interfaces/include/auto_suture_interfaces/auto_suture_interfaces/srv
[3.104s] -- Up-to-date: /home/jazmin/auto_suture/install/auto_suture_interfaces/include/auto_suture_interfaces/auto_suture_interfaces/srv/detail
[3.104s] -- Up-to-date: /home/jazmin/auto_suture/install/auto_suture_interfaces/include/auto_suture_interfaces/auto_suture_interfaces/srv/detail/find_grasp_pose__type_support.c
[3.104s] -- Installing: /home/jazmin/auto_suture/install/auto_suture_interfaces/include/auto_suture_interfaces/auto_suture_interfaces/srv/detail/find_grasp_pose__rosidl_typesupport_introspection_c.h
[3.104s] -- Up-to-date: /home/jazmin/auto_suture/install/auto_suture_interfaces/include/auto_suture_interfaces/auto_suture_interfaces/srv/detail/find_grasp_position__rosidl_typesupport_introspection_c.h
[3.104s] -- Up-to-date: /home/jazmin/auto_suture/install/auto_suture_interfaces/include/auto_suture_interfaces/auto_suture_interfaces/srv/detail/find_grasp_position__type_support.c
[3.104s] -- Up-to-date: /home/jazmin/auto_suture/install/auto_suture_interfaces/include/auto_suture_interfaces/auto_suture_interfaces/msg
[3.104s] -- Up-to-date: /home/jazmin/auto_suture/install/auto_suture_interfaces/include/auto_suture_interfaces/auto_suture_interfaces/msg/rosidl_typesupport_introspection_c__visibility_control.h
[3.104s] -- Installing: /home/jazmin/auto_suture/install/auto_suture_interfaces/lib/libauto_suture_interfaces__rosidl_typesupport_introspection_c.so
[3.105s] -- Set non-toolchain portion of runtime path of "/home/jazmin/auto_suture/install/auto_suture_interfaces/lib/libauto_suture_interfaces__rosidl_typesupport_introspection_c.so" to ""
[3.105s] -- Installing: /home/jazmin/auto_suture/install/auto_suture_interfaces/lib/libauto_suture_interfaces__rosidl_typesupport_c.so
[3.105s] -- Set non-toolchain portion of runtime path of "/home/jazmin/auto_suture/install/auto_suture_interfaces/lib/libauto_suture_interfaces__rosidl_typesupport_c.so" to ""
[3.105s] -- Up-to-date: /home/jazmin/auto_suture/install/auto_suture_interfaces/include/auto_suture_interfaces/auto_suture_interfaces
[3.105s] -- Up-to-date: /home/jazmin/auto_suture/install/auto_suture_interfaces/include/auto_suture_interfaces/auto_suture_interfaces/srv
[3.105s] -- Installing: /home/jazmin/auto_suture/install/auto_suture_interfaces/include/auto_suture_interfaces/auto_suture_interfaces/srv/find_grasp_pose.hpp
[3.106s] -- Up-to-date: /home/jazmin/auto_suture/install/auto_suture_interfaces/include/auto_suture_interfaces/auto_suture_interfaces/srv/detail
[3.106s] -- Installing: /home/jazmin/auto_suture/install/auto_suture_interfaces/include/auto_suture_interfaces/auto_suture_interfaces/srv/detail/find_grasp_pose__struct.hpp
[3.106s] -- Up-to-date: /home/jazmin/auto_suture/install/auto_suture_interfaces/include/auto_suture_interfaces/auto_suture_interfaces/srv/detail/find_grasp_position__type_support.hpp
[3.107s] -- Up-to-date: /home/jazmin/auto_suture/install/auto_suture_interfaces/include/auto_suture_interfaces/auto_suture_interfaces/srv/detail/find_grasp_position__traits.hpp
[3.108s] -- Installing: /home/jazmin/auto_suture/install/auto_suture_interfaces/include/auto_suture_interfaces/auto_suture_interfaces/srv/detail/find_grasp_pose__type_support.hpp
[3.108s] -- Installing: /home/jazmin/auto_suture/install/auto_suture_interfaces/include/auto_suture_interfaces/auto_suture_interfaces/srv/detail/find_grasp_pose__builder.hpp
[3.108s] -- Installing: /home/jazmin/auto_suture/install/auto_suture_interfaces/include/auto_suture_interfaces/auto_suture_interfaces/srv/detail/find_grasp_pose__traits.hpp
[3.108s] -- Up-to-date: /home/jazmin/auto_suture/install/auto_suture_interfaces/include/auto_suture_interfaces/auto_suture_interfaces/srv/detail/find_grasp_position__builder.hpp
[3.108s] -- Up-to-date: /home/jazmin/auto_suture/install/auto_suture_interfaces/include/auto_suture_interfaces/auto_suture_interfaces/srv/detail/find_grasp_position__struct.hpp
[3.108s] -- Up-to-date: /home/jazmin/auto_suture/install/auto_suture_interfaces/include/auto_suture_interfaces/auto_suture_interfaces/srv/find_grasp_position.hpp
[3.108s] -- Up-to-date: /home/jazmin/auto_suture/install/auto_suture_interfaces/include/auto_suture_interfaces/auto_suture_interfaces/msg
[3.108s] -- Installing: /home/jazmin/auto_suture/install/auto_suture_interfaces/include/auto_suture_interfaces/auto_suture_interfaces/msg/rosidl_generator_cpp__visibility_control.hpp
[3.108s] -- Up-to-date: /home/jazmin/auto_suture/install/auto_suture_interfaces/include/auto_suture_interfaces/auto_suture_interfaces
[3.108s] -- Up-to-date: /home/jazmin/auto_suture/install/auto_suture_interfaces/include/auto_suture_interfaces/auto_suture_interfaces/srv
[3.109s] -- Up-to-date: /home/jazmin/auto_suture/install/auto_suture_interfaces/include/auto_suture_interfaces/auto_suture_interfaces/srv/detail
[3.109s] -- Up-to-date: /home/jazmin/auto_suture/install/auto_suture_interfaces/include/auto_suture_interfaces/auto_suture_interfaces/srv/detail/dds_fastrtps
[3.109s] -- Up-to-date: /home/jazmin/auto_suture/install/auto_suture_interfaces/include/auto_suture_interfaces/auto_suture_interfaces/srv/detail/find_grasp_position__rosidl_typesupport_fastrtps_cpp.hpp
[3.109s] -- Installing: /home/jazmin/auto_suture/install/auto_suture_interfaces/include/auto_suture_interfaces/auto_suture_interfaces/srv/detail/find_grasp_pose__rosidl_typesupport_fastrtps_cpp.hpp
[3.109s] -- Up-to-date: /home/jazmin/auto_suture/install/auto_suture_interfaces/include/auto_suture_interfaces/auto_suture_interfaces/msg
[3.109s] -- Up-to-date: /home/jazmin/auto_suture/install/auto_suture_interfaces/include/auto_suture_interfaces/auto_suture_interfaces/msg/rosidl_typesupport_fastrtps_cpp__visibility_control.h
[3.109s] -- Installing: /home/jazmin/auto_suture/install/auto_suture_interfaces/lib/libauto_suture_interfaces__rosidl_typesupport_fastrtps_cpp.so
[3.109s] -- Set non-toolchain portion of runtime path of "/home/jazmin/auto_suture/install/auto_suture_interfaces/lib/libauto_suture_interfaces__rosidl_typesupport_fastrtps_cpp.so" to ""
[3.109s] -- Up-to-date: /home/jazmin/auto_suture/install/auto_suture_interfaces/include/auto_suture_interfaces/auto_suture_interfaces
[3.109s] -- Up-to-date: /home/jazmin/auto_suture/install/auto_suture_interfaces/include/auto_suture_interfaces/auto_suture_interfaces/srv
[3.109s] -- Up-to-date: /home/jazmin/auto_suture/install/auto_suture_interfaces/include/auto_suture_interfaces/auto_suture_interfaces/srv/detail
[3.109s] -- Installing: /home/jazmin/auto_suture/install/auto_suture_interfaces/include/auto_suture_interfaces/auto_suture_interfaces/srv/detail/find_grasp_pose__rosidl_typesupport_introspection_cpp.hpp
[3.109s] -- Installing: /home/jazmin/auto_suture/install/auto_suture_interfaces/include/auto_suture_interfaces/auto_suture_interfaces/srv/detail/find_grasp_pose__type_support.cpp
[3.110s] -- Up-to-date: /home/jazmin/auto_suture/install/auto_suture_interfaces/include/auto_suture_interfaces/auto_suture_interfaces/srv/detail/find_grasp_position__rosidl_typesupport_introspection_cpp.hpp
[3.110s] -- Up-to-date: /home/jazmin/auto_suture/install/auto_suture_interfaces/include/auto_suture_interfaces/auto_suture_interfaces/srv/detail/find_grasp_position__type_support.cpp
[3.111s] -- Installing: /home/jazmin/auto_suture/install/auto_suture_interfaces/lib/libauto_suture_interfaces__rosidl_typesupport_introspection_cpp.so
[3.115s] -- Set non-toolchain portion of runtime path of "/home/jazmin/auto_suture/install/auto_suture_interfaces/lib/libauto_suture_interfaces__rosidl_typesupport_introspection_cpp.so" to ""
[3.116s] -- Installing: /home/jazmin/auto_suture/install/auto_suture_interfaces/lib/libauto_suture_interfaces__rosidl_typesupport_cpp.so
[3.120s] -- Set non-toolchain portion of runtime path of "/home/jazmin/auto_suture/install/auto_suture_interfaces/lib/libauto_suture_interfaces__rosidl_typesupport_cpp.so" to ""
[3.120s] -- Up-to-date: /home/jazmin/auto_suture/install/auto_suture_interfaces/share/auto_suture_interfaces/environment/pythonpath.sh
[3.121s] -- Up-to-date: /home/jazmin/auto_suture/install/auto_suture_interfaces/share/auto_suture_interfaces/environment/pythonpath.dsv
[3.121s] -- Up-to-date: /home/jazmin/auto_suture/install/auto_suture_interfaces/lib/python3.12/site-packages/auto_suture_interfaces-0.0.0-py3.12.egg-info
[3.121s] -- Installing: /home/jazmin/auto_suture/install/auto_suture_interfaces/lib/python3.12/site-packages/auto_suture_interfaces-0.0.0-py3.12.egg-info/dependency_links.txt
[3.121s] -- Installing: /home/jazmin/auto_suture/install/auto_suture_interfaces/lib/python3.12/site-packages/auto_suture_interfaces-0.0.0-py3.12.egg-info/PKG-INFO
[3.121s] -- Installing: /home/jazmin/auto_suture/install/auto_suture_interfaces/lib/python3.12/site-packages/auto_suture_interfaces-0.0.0-py3.12.egg-info/top_level.txt
[3.121s] -- Installing: /home/jazmin/auto_suture/install/auto_suture_interfaces/lib/python3.12/site-packages/auto_suture_interfaces-0.0.0-py3.12.egg-info/SOURCES.txt
[3.122s] -- Up-to-date: /home/jazmin/auto_suture/install/auto_suture_interfaces/lib/python3.12/site-packages/auto_suture_interfaces
[3.122s] -- Up-to-date: /home/jazmin/auto_suture/install/auto_suture_interfaces/lib/python3.12/site-packages/auto_suture_interfaces/srv
[3.122s] -- Up-to-date: /home/jazmin/auto_suture/install/auto_suture_interfaces/lib/python3.12/site-packages/auto_suture_interfaces/srv/_find_grasp_position_s.c
[3.122s] -- Installing: /home/jazmin/auto_suture/install/auto_suture_interfaces/lib/python3.12/site-packages/auto_suture_interfaces/srv/__init__.py
[3.122s] -- Installing: /home/jazmin/auto_suture/install/auto_suture_interfaces/lib/python3.12/site-packages/auto_suture_interfaces/srv/_find_grasp_pose_s.c
[3.122s] -- Installing: /home/jazmin/auto_suture/install/auto_suture_interfaces/lib/python3.12/site-packages/auto_suture_interfaces/srv/_find_grasp_pose.py
[3.122s] -- Up-to-date: /home/jazmin/auto_suture/install/auto_suture_interfaces/lib/python3.12/site-packages/auto_suture_interfaces/srv/_find_grasp_position.py
[3.122s] -- Installing: /home/jazmin/auto_suture/install/auto_suture_interfaces/lib/python3.12/site-packages/auto_suture_interfaces/auto_suture_interfaces_s__rosidl_typesupport_introspection_c.so
[3.122s] -- Installing: /home/jazmin/auto_suture/install/auto_suture_interfaces/lib/python3.12/site-packages/auto_suture_interfaces/__init__.py
[3.122s] -- Installing: /home/jazmin/auto_suture/install/auto_suture_interfaces/lib/python3.12/site-packages/auto_suture_interfaces/_auto_suture_interfaces_s.ep.rosidl_typesupport_fastrtps_c.c
[3.122s] -- Installing: /home/jazmin/auto_suture/install/auto_suture_interfaces/lib/python3.12/site-packages/auto_suture_interfaces/_auto_suture_interfaces_s.ep.rosidl_typesupport_c.c
[3.123s] -- Installing: /home/jazmin/auto_suture/install/auto_suture_interfaces/lib/python3.12/site-packages/auto_suture_interfaces/_auto_suture_interfaces_s.ep.rosidl_typesupport_introspection_c.c
[3.123s] -- Installing: /home/jazmin/auto_suture/install/auto_suture_interfaces/lib/python3.12/site-packages/auto_suture_interfaces/auto_suture_interfaces_s__rosidl_typesupport_c.so
[3.123s] -- Installing: /home/jazmin/auto_suture/install/auto_suture_interfaces/lib/python3.12/site-packages/auto_suture_interfaces/auto_suture_interfaces_s__rosidl_typesupport_fastrtps_c.so
[3.148s] Listing '/home/jazmin/auto_suture/install/auto_suture_interfaces/lib/python3.12/site-packages/auto_suture_interfaces'...
[3.148s] Compiling '/home/jazmin/auto_suture/install/auto_suture_interfaces/lib/python3.12/site-packages/auto_suture_interfaces/__init__.py'...
[3.148s] Listing '/home/jazmin/auto_suture/install/auto_suture_interfaces/lib/python3.12/site-packages/auto_suture_interfaces/srv'...
[3.148s] Compiling '/home/jazmin/auto_suture/install/auto_suture_interfaces/lib/python3.12/site-packages/auto_suture_interfaces/srv/__init__.py'...
[3.148s] Compiling '/home/jazmin/auto_suture/install/auto_suture_interfaces/lib/python3.12/site-packages/auto_suture_interfaces/srv/_find_grasp_pose.py'...
[3.152s] -- Installing: /home/jazmin/auto_suture/install/auto_suture_interfaces/lib/python3.12/site-packages/auto_suture_interfaces/auto_suture_interfaces_s__rosidl_typesupport_fastrtps_c.so
[3.152s] -- Set non-toolchain portion of runtime path of "/home/jazmin/auto_suture/install/auto_suture_interfaces/lib/python3.12/site-packages/auto_suture_interfaces/auto_suture_interfaces_s__rosidl_typesupport_fastrtps_c.so" to ""
[3.152s] -- Installing: /home/jazmin/auto_suture/install/auto_suture_interfaces/lib/python3.12/site-packages/auto_suture_interfaces/auto_suture_interfaces_s__rosidl_typesupport_introspection_c.so
[3.152s] -- Set non-toolchain portion of runtime path of "/home/jazmin/auto_suture/install/auto_suture_interfaces/lib/python3.12/site-packages/auto_suture_interfaces/auto_suture_interfaces_s__rosidl_typesupport_introspection_c.so" to ""
[3.152s] -- Installing: /home/jazmin/auto_suture/install/auto_suture_interfaces/lib/python3.12/site-packages/auto_suture_interfaces/auto_suture_interfaces_s__rosidl_typesupport_c.so
[3.153s] -- Set non-toolchain portion of runtime path of "/home/jazmin/auto_suture/install/auto_suture_interfaces/lib/python3.12/site-packages/auto_suture_interfaces/auto_suture_interfaces_s__rosidl_typesupport_c.so" to ""
[3.153s] -- Installing: /home/jazmin/auto_suture/install/auto_suture_interfaces/lib/libauto_suture_interfaces__rosidl_generator_py.so
[3.153s] -- Set non-toolchain portion of runtime path of "/home/jazmin/auto_suture/install/auto_suture_interfaces/lib/libauto_suture_interfaces__rosidl_generator_py.so" to ""
[3.153s] -- Up-to-date: /home/jazmin/auto_suture/install/auto_suture_interfaces/share/ament_index/resource_index/rust_packages/auto_suture_interfaces
[3.153s] -- Up-to-date: /home/jazmin/auto_suture/install/auto_suture_interfaces/share/auto_suture_interfaces/rust
[3.153s] -- Installing: /home/jazmin/auto_suture/install/auto_suture_interfaces/share/auto_suture_interfaces/rust/build.rs
[3.153s] -- Up-to-date: /home/jazmin/auto_suture/install/auto_suture_interfaces/share/auto_suture_interfaces/rust/src
[3.153s] -- Up-to-date: /home/jazmin/auto_suture/install/auto_suture_interfaces/share/auto_suture_interfaces/rust/src/srv
[3.153s] -- Installing: /home/jazmin/auto_suture/install/auto_suture_interfaces/share/auto_suture_interfaces/rust/src/srv/rmw.rs
[3.153s] -- Installing: /home/jazmin/auto_suture/install/auto_suture_interfaces/share/auto_suture_interfaces/rust/src/srv.rs
[3.154s] -- Installing: /home/jazmin/auto_suture/install/auto_suture_interfaces/share/auto_suture_interfaces/rust/src/lib.rs
[3.154s] -- Installing: /home/jazmin/auto_suture/install/auto_suture_interfaces/share/auto_suture_interfaces/rust/Cargo.toml
[3.154s] -- Installing: /home/jazmin/auto_suture/install/auto_suture_interfaces/share/auto_suture_interfaces/srv/FindGraspPose.idl
[3.154s] -- Installing: /home/jazmin/auto_suture/install/auto_suture_interfaces/share/auto_suture_interfaces/srv/FindGraspPose.srv
[3.154s] -- Up-to-date: /home/jazmin/auto_suture/install/auto_suture_interfaces/share/ament_index/resource_index/package_run_dependencies/auto_suture_interfaces
[3.154s] -- Installing: /home/jazmin/auto_suture/install/auto_suture_interfaces/share/ament_index/resource_index/parent_prefix_path/auto_suture_interfaces
[3.154s] -- Up-to-date: /home/jazmin/auto_suture/install/auto_suture_interfaces/share/auto_suture_interfaces/environment/ament_prefix_path.sh
[3.154s] -- Up-to-date: /home/jazmin/auto_suture/install/auto_suture_interfaces/share/auto_suture_interfaces/environment/ament_prefix_path.dsv
[3.154s] -- Up-to-date: /home/jazmin/auto_suture/install/auto_suture_interfaces/share/auto_suture_interfaces/environment/path.sh
[3.154s] -- Up-to-date: /home/jazmin/auto_suture/install/auto_suture_interfaces/share/auto_suture_interfaces/environment/path.dsv
[3.154s] -- Up-to-date: /home/jazmin/auto_suture/install/auto_suture_interfaces/share/auto_suture_interfaces/local_setup.bash
[3.154s] -- Up-to-date: /home/jazmin/auto_suture/install/auto_suture_interfaces/share/auto_suture_interfaces/local_setup.sh
[3.154s] -- Up-to-date: /home/jazmin/auto_suture/install/auto_suture_interfaces/share/auto_suture_interfaces/local_setup.zsh
[3.154s] -- Up-to-date: /home/jazmin/auto_suture/install/auto_suture_interfaces/share/auto_suture_interfaces/local_setup.dsv
[3.155s] -- Installing: /home/jazmin/auto_suture/install/auto_suture_interfaces/share/auto_suture_interfaces/package.dsv
[3.155s] -- Up-to-date: /home/jazmin/auto_suture/install/auto_suture_interfaces/share/ament_index/resource_index/packages/auto_suture_interfaces
[3.155s] -- Up-to-date: /home/jazmin/auto_suture/install/auto_suture_interfaces/share/auto_suture_interfaces/cmake/export_auto_suture_interfaces__rosidl_generator_cExport.cmake
[3.155s] -- Up-to-date: /home/jazmin/auto_suture/install/auto_suture_interfaces/share/auto_suture_interfaces/cmake/export_auto_suture_interfaces__rosidl_generator_cExport-noconfig.cmake
[3.155s] -- Up-to-date: /home/jazmin/auto_suture/install/auto_suture_interfaces/share/auto_suture_interfaces/cmake/export_auto_suture_interfaces__rosidl_typesupport_fastrtps_cExport.cmake
[3.155s] -- Up-to-date: /home/jazmin/auto_suture/install/auto_suture_interfaces/share/auto_suture_interfaces/cmake/export_auto_suture_interfaces__rosidl_typesupport_fastrtps_cExport-noconfig.cmake
[3.155s] -- Up-to-date: /home/jazmin/auto_suture/install/auto_suture_interfaces/share/auto_suture_interfaces/cmake/auto_suture_interfaces__rosidl_typesupport_introspection_cExport.cmake
[3.155s] -- Up-to-date: /home/jazmin/auto_suture/install/auto_suture_interfaces/share/auto_suture_interfaces/cmake/auto_suture_interfaces__rosidl_typesupport_introspection_cExport-noconfig.cmake
[3.155s] -- Up-to-date: /home/jazmin/auto_suture/install/auto_suture_interfaces/share/auto_suture_interfaces/cmake/auto_suture_interfaces__rosidl_typesupport_cExport.cmake
[3.155s] -- Up-to-date: /home/jazmin/auto_suture/install/auto_suture_interfaces/share/auto_suture_interfaces/cmake/auto_suture_interfaces__rosidl_typesupport_cExport-noconfig.cmake
[3.155s] -- Up-to-date: /home/jazmin/auto_suture/install/auto_suture_interfaces/share/auto_suture_interfaces/cmake/export_auto_suture_interfaces__rosidl_generator_cppExport.cmake
[3.155s] -- Up-to-date: /home/jazmin/auto_suture/install/auto_suture_interfaces/share/auto_suture_interfaces/cmake/export_auto_suture_interfaces__rosidl_typesupport_fastrtps_cppExport.cmake
[3.155s] -- Up-to-date: /home/jazmin/auto_suture/install/auto_suture_interfaces/share/auto_suture_interfaces/cmake/export_auto_suture_interfaces__rosidl_typesupport_fastrtps_cppExport-noconfig.cmake
[3.155s] -- Up-to-date: /home/jazmin/auto_suture/install/auto_suture_interfaces/share/auto_suture_interfaces/cmake/auto_suture_interfaces__rosidl_typesupport_introspection_cppExport.cmake
[3.155s] -- Up-to-date: /home/jazmin/auto_suture/install/auto_suture_interfaces/share/auto_suture_interfaces/cmake/auto_suture_interfaces__rosidl_typesupport_introspection_cppExport-noconfig.cmake
[3.155s] -- Up-to-date: /home/jazmin/auto_suture/install/auto_suture_interfaces/share/auto_suture_interfaces/cmake/auto_suture_interfaces__rosidl_typesupport_cppExport.cmake
[3.155s] -- Up-to-date: /home/jazmin/auto_suture/install/auto_suture_interfaces/share/auto_suture_interfaces/cmake/auto_suture_interfaces__rosidl_typesupport_cppExport-noconfig.cmake
[3.155s] -- Up-to-date: /home/jazmin/auto_suture/install/auto_suture_interfaces/share/auto_suture_interfaces/cmake/export_auto_suture_interfaces__rosidl_generator_pyExport.cmake
[3.155s] -- Up-to-date: /home/jazmin/auto_suture/install/auto_suture_interfaces/share/auto_suture_interfaces/cmake/export_auto_suture_interfaces__rosidl_generator_pyExport-noconfig.cmake
[3.155s] -- Up-to-date: /home/jazmin/auto_suture/install/auto_suture_interfaces/share/auto_suture_interfaces/cmake/rosidl_cmake-extras.cmake
[3.155s] -- Up-to-date: /home/jazmin/auto_suture/install/auto_suture_interfaces/share/auto_suture_interfaces/cmake/ament_cmake_export_dependencies-extras.cmake
[3.156s] -- Up-to-date: /home/jazmin/auto_suture/install/auto_suture_interfaces/share/auto_suture_interfaces/cmake/ament_cmake_export_include_directories-extras.cmake
[3.156s] -- Up-to-date: /home/jazmin/auto_suture/install/auto_suture_interfaces/share/auto_suture_interfaces/cmake/ament_cmake_export_libraries-extras.cmake
[3.156s] -- Up-to-date: /home/jazmin/auto_suture/install/auto_suture_interfaces/share/auto_suture_interfaces/cmake/ament_cmake_export_targets-extras.cmake
[3.156s] -- Up-to-date: /home/jazmin/auto_suture/install/auto_suture_interfaces/share/auto_suture_interfaces/cmake/rosidl_cmake_export_typesupport_targets-extras.cmake
[3.156s] -- Up-to-date: /home/jazmin/auto_suture/install/auto_suture_interfaces/share/auto_suture_interfaces/cmake/rosidl_cmake_export_typesupport_libraries-extras.cmake
[3.156s] -- Up-to-date: /home/jazmin/auto_suture/install/auto_suture_interfaces/share/auto_suture_interfaces/cmake/rosidl_cmake_aggregate_target-extras.cmake
[3.156s] -- Up-to-date: /home/jazmin/auto_suture/install/auto_suture_interfaces/share/auto_suture_interfaces/cmake/auto_suture_interfacesConfig.cmake
[3.156s] -- Up-to-date: /home/jazmin/auto_suture/install/auto_suture_interfaces/share/auto_suture_interfaces/cmake/auto_suture_interfacesConfig-version.cmake
[3.156s] -- Up-to-date: /home/jazmin/auto_suture/install/auto_suture_interfaces/share/auto_suture_interfaces/package.xml
[3.160s] Invoked command in '/home/jazmin/auto_suture/build/auto_suture_interfaces' returned '0': CMAKE_PREFIX_PATH=${CMAKE_PREFIX_PATH}:/home/jazmin/auto_suture/install/auto_suture:/opt/ros/jazzy DEBUGINFOD_URLS=https://debuginfod.ubuntu.com /usr/bin/cmake --install /home/jazmin/auto_suture/build/auto_suture_interfaces
