[0.453s] Invoking command in '/home/jazmin/auto_suture/src/auto_suture': DEBUGINFOD_URLS=https://debuginfod.ubuntu.com PYTHONPATH=/home/jazmin/auto_suture/build/auto_suture/prefix_override:/usr/lib/python3/dist-packages/colcon_core/task/python/colcon_distutils_commands:/home/jazmin/auto_suture/install/auto_suture/lib/python3.12/site-packages:/home/jazmin/auto_suture/install/auto_suture_interfaces/lib/python3.12/site-packages:/home/jazmin/auto_suture/install/auto_suture/lib/python3.12/site-packages:/home/jazmin/ros_ambf_ws/install/ambf_client/lib/python3.12/site-packages:/home/jazmin/ros_ambf_ws/install/tf_function/lib/python3.12/site-packages:/home/jazmin/ros_ambf_ws/install/ambf_msgs/lib/python3.12/site-packages:/opt/ros/jazzy/lib/python3.12/site-packages /usr/bin/python3 -W ignore:setup.py install is deprecated -W ignore:easy_install command is deprecated setup.py egg_info --egg-base ../../build/auto_suture build --build-base /home/jazmin/auto_suture/build/auto_suture/build install --record /home/jazmin/auto_suture/build/auto_suture/install.log --install-scripts $base/lib/auto_suture --single-version-externally-managed install_data
[0.587s] running egg_info
[0.595s] writing ../../build/auto_suture/auto_suture.egg-info/PKG-INFO
[0.595s] writing dependency_links to ../../build/auto_suture/auto_suture.egg-info/dependency_links.txt
[0.595s] writing entry points to ../../build/auto_suture/auto_suture.egg-info/entry_points.txt
[0.596s] writing requirements to ../../build/auto_suture/auto_suture.egg-info/requires.txt
[0.596s] writing top-level names to ../../build/auto_suture/auto_suture.egg-info/top_level.txt
[0.613s] reading manifest file '../../build/auto_suture/auto_suture.egg-info/SOURCES.txt'
[0.613s] adding license file 'LICENSE'
[0.614s] writing manifest file '../../build/auto_suture/auto_suture.egg-info/SOURCES.txt'
[0.614s] running build
[0.614s] running build_py
[0.614s] copying auto_suture/needle_position_node.py -> /home/jazmin/auto_suture/build/auto_suture/build/lib/auto_suture
[0.614s] running install
[0.618s] running install_lib
[0.627s] copying /home/jazmin/auto_suture/build/auto_suture/build/lib/auto_suture/needle_position_node.py -> /home/jazmin/auto_suture/install/auto_suture/lib/python3.12/site-packages/auto_suture
[0.627s] byte-compiling /home/jazmin/auto_suture/install/auto_suture/lib/python3.12/site-packages/auto_suture/needle_position_node.py to needle_position_node.cpython-312.pyc
[0.628s] running install_data
[0.628s] running install_egg_info
[0.637s] removing '/home/jazmin/auto_suture/install/auto_suture/lib/python3.12/site-packages/auto_suture-0.0.0-py3.12.egg-info' (and everything under it)
[0.638s] Copying ../../build/auto_suture/auto_suture.egg-info to /home/jazmin/auto_suture/install/auto_suture/lib/python3.12/site-packages/auto_suture-0.0.0-py3.12.egg-info
[0.638s] running install_scripts
[0.706s] Installing move_to_target script to /home/jazmin/auto_suture/install/auto_suture/lib/auto_suture
[0.706s] Installing needle_position script to /home/jazmin/auto_suture/install/auto_suture/lib/auto_suture
[0.706s] Installing tool_grasp_position script to /home/jazmin/auto_suture/install/auto_suture/lib/auto_suture
[0.706s] writing list of installed files to '/home/jazmin/auto_suture/build/auto_suture/install.log'
[0.725s] Invoked command in '/home/jazmin/auto_suture/src/auto_suture' returned '0': DEBUGINFOD_URLS=https://debuginfod.ubuntu.com PYTHONPATH=/home/jazmin/auto_suture/build/auto_suture/prefix_override:/usr/lib/python3/dist-packages/colcon_core/task/python/colcon_distutils_commands:/home/jazmin/auto_suture/install/auto_suture/lib/python3.12/site-packages:/home/jazmin/auto_suture/install/auto_suture_interfaces/lib/python3.12/site-packages:/home/jazmin/auto_suture/install/auto_suture/lib/python3.12/site-packages:/home/jazmin/ros_ambf_ws/install/ambf_client/lib/python3.12/site-packages:/home/jazmin/ros_ambf_ws/install/tf_function/lib/python3.12/site-packages:/home/jazmin/ros_ambf_ws/install/ambf_msgs/lib/python3.12/site-packages:/opt/ros/jazzy/lib/python3.12/site-packages /usr/bin/python3 -W ignore:setup.py install is deprecated -W ignore:easy_install command is deprecated setup.py egg_info --egg-base ../../build/auto_suture build --build-base /home/jazmin/auto_suture/build/auto_suture/build install --record /home/jazmin/auto_suture/build/auto_suture/install.log --install-scripts $base/lib/auto_suture --single-version-externally-managed install_data
