[0.436s] Invoking command in '/home/jazmin/auto_suture/src/auto_suture': DEBUGINFOD_URLS=https://debuginfod.ubuntu.com PYTHONPATH=/home/jazmin/auto_suture/build/auto_suture/prefix_override:/usr/lib/python3/dist-packages/colcon_core/task/python/colcon_distutils_commands:/home/jazmin/auto_suture/install/auto_suture/lib/python3.12/site-packages:/home/jazmin/auto_suture/install/auto_suture_interfaces/lib/python3.12/site-packages:/home/jazmin/auto_suture/install/auto_suture/lib/python3.12/site-packages:/home/jazmin/ros_ambf_ws/install/ambf_client/lib/python3.12/site-packages:/home/jazmin/ros_ambf_ws/install/tf_function/lib/python3.12/site-packages:/home/jazmin/ros_ambf_ws/install/ambf_msgs/lib/python3.12/site-packages:/opt/ros/jazzy/lib/python3.12/site-packages /usr/bin/python3 -W ignore:setup.py install is deprecated -W ignore:easy_install command is deprecated setup.py egg_info --egg-base ../../build/auto_suture build --build-base /home/jazmin/auto_suture/build/auto_suture/build install --record /home/jazmin/auto_suture/build/auto_suture/install.log --install-scripts $base/lib/auto_suture --single-version-externally-managed install_data
[0.573s] running egg_info
[0.581s] writing ../../build/auto_suture/auto_suture.egg-info/PKG-INFO
[0.581s] writing dependency_links to ../../build/auto_suture/auto_suture.egg-info/dependency_links.txt
[0.582s] writing entry points to ../../build/auto_suture/auto_suture.egg-info/entry_points.txt
[0.582s] writing requirements to ../../build/auto_suture/auto_suture.egg-info/requires.txt
[0.582s] writing top-level names to ../../build/auto_suture/auto_suture.egg-info/top_level.txt
[0.600s] reading manifest file '../../build/auto_suture/auto_suture.egg-info/SOURCES.txt'
[0.600s] adding license file 'LICENSE'
[0.600s] writing manifest file '../../build/auto_suture/auto_suture.egg-info/SOURCES.txt'
[0.600s] running build
[0.600s] running build_py
[0.600s] copying utility/utilities.py -> /home/jazmin/auto_suture/build/auto_suture/build/lib/utility
[0.601s] running install
[0.604s] running install_lib
[0.613s] copying /home/jazmin/auto_suture/build/auto_suture/build/lib/utility/utilities.py -> /home/jazmin/auto_suture/install/auto_suture/lib/python3.12/site-packages/utility
[0.613s] byte-compiling /home/jazmin/auto_suture/install/auto_suture/lib/python3.12/site-packages/utility/utilities.py to utilities.cpython-312.pyc
[0.614s] byte-compiling /home/jazmin/auto_suture/install/auto_suture/lib/python3.12/site-packages/auto_suture/move_to_grasp_node.py to move_to_grasp_node.cpython-312.pyc
[0.615s] Sorry: IndentationError: expected an indented block after 'for' statement on line 275 (move_to_grasp_node.py, line 276)
[0.615s] running install_data
[0.615s] running install_egg_info
[0.624s] removing '/home/jazmin/auto_suture/install/auto_suture/lib/python3.12/site-packages/auto_suture-0.0.0-py3.12.egg-info' (and everything under it)
[0.624s] Copying ../../build/auto_suture/auto_suture.egg-info to /home/jazmin/auto_suture/install/auto_suture/lib/python3.12/site-packages/auto_suture-0.0.0-py3.12.egg-info
[0.625s] running install_scripts
[0.691s] Installing move_to_grasp script to /home/jazmin/auto_suture/install/auto_suture/lib/auto_suture
[0.691s] Installing needle_frame_converter script to /home/jazmin/auto_suture/install/auto_suture/lib/auto_suture
[0.691s] Installing needle_position script to /home/jazmin/auto_suture/install/auto_suture/lib/auto_suture
[0.691s] Installing tool_grasp_pose script to /home/jazmin/auto_suture/install/auto_suture/lib/auto_suture
[0.691s] writing list of installed files to '/home/jazmin/auto_suture/build/auto_suture/install.log'
[0.709s] Invoked command in '/home/jazmin/auto_suture/src/auto_suture' returned '0': DEBUGINFOD_URLS=https://debuginfod.ubuntu.com PYTHONPATH=/home/jazmin/auto_suture/build/auto_suture/prefix_override:/usr/lib/python3/dist-packages/colcon_core/task/python/colcon_distutils_commands:/home/jazmin/auto_suture/install/auto_suture/lib/python3.12/site-packages:/home/jazmin/auto_suture/install/auto_suture_interfaces/lib/python3.12/site-packages:/home/jazmin/auto_suture/install/auto_suture/lib/python3.12/site-packages:/home/jazmin/ros_ambf_ws/install/ambf_client/lib/python3.12/site-packages:/home/jazmin/ros_ambf_ws/install/tf_function/lib/python3.12/site-packages:/home/jazmin/ros_ambf_ws/install/ambf_msgs/lib/python3.12/site-packages:/opt/ros/jazzy/lib/python3.12/site-packages /usr/bin/python3 -W ignore:setup.py install is deprecated -W ignore:easy_install command is deprecated setup.py egg_info --egg-base ../../build/auto_suture build --build-base /home/jazmin/auto_suture/build/auto_suture/build install --record /home/jazmin/auto_suture/build/auto_suture/install.log --install-scripts $base/lib/auto_suture --single-version-externally-managed install_data
